<?xml version="1.0" encoding="UTF-8"?>
<testsuite xmlns:xsi="http://www.w3.org/2001/XMLSchema-instance" xsi:noNamespaceSchemaLocation="https://maven.apache.org/surefire/maven-failsafe-plugin/xsd/failsafe-test-report-3.0.xsd" version="3.0" name="STARTER.CucumberTestSuite" time="4.462" tests="4" errors="0" skipped="0" failures="0">
  <properties>
    <property name="java.specification.version" value="19"/>
    <property name="sun.cpu.isalist" value="amd64"/>
    <property name="sun.jnu.encoding" value="Cp1252"/>
    <property name="java.class.path" value="C:\Users\skaha\IdeaProjects\bdd-soal-prioritas-1\target\test-classes;C:\Users\skaha\IdeaProjects\bdd-soal-prioritas-1\target\bdd-soal-prioritas-1-1.0-SNAPSHOT.jar;C:\Users\skaha\.m2\repository\net\serenity-bdd\serenity-core\4.1.6\serenity-core-4.1.6.jar;C:\Users\skaha\.m2\repository\net\serenity-bdd\serenity-model\4.1.6\serenity-model-4.1.6.jar;C:\Users\skaha\.m2\repository\org\apache\commons\commons-text\1.11.0\commons-text-1.11.0.jar;C:\Users\skaha\.m2\repository\commons-net\commons-net\3.10.0\commons-net-3.10.0.jar;C:\Users\skaha\.m2\repository\com\google\guava\guava\33.1.0-jre\guava-33.1.0-jre.jar;C:\Users\skaha\.m2\repository\com\google\guava\failureaccess\1.0.2\failureaccess-1.0.2.jar;C:\Users\skaha\.m2\repository\com\google\guava\listenablefuture\9999.0-empty-to-avoid-conflict-with-guava\listenablefuture-9999.0-empty-to-avoid-conflict-with-guava.jar;C:\Users\skaha\.m2\repository\com\google\code\findbugs\jsr305\3.0.2\jsr305-3.0.2.jar;C:\Users\skaha\.m2\repository\org\checkerframework\checker-qual\3.42.0\checker-qual-3.42.0.jar;C:\Users\skaha\.m2\repository\com\google\errorprone\error_prone_annotations\2.26.1\error_prone_annotations-2.26.1.jar;C:\Users\skaha\.m2\repository\com\google\j2objc\j2objc-annotations\3.0.0\j2objc-annotations-3.0.0.jar;C:\Users\skaha\.m2\repository\org\jsoup\jsoup\1.15.4\jsoup-1.15.4.jar;C:\Users\skaha\.m2\repository\com\thoughtworks\xstream\xstream\1.4.20\xstream-1.4.20.jar;C:\Users\skaha\.m2\repository\io\github\x-stream\mxparser\1.2.2\mxparser-1.2.2.jar;C:\Users\skaha\.m2\repository\xmlpull\xmlpull\1.1.3.1\xmlpull-1.1.3.1.jar;C:\Users\skaha\.m2\repository\com\typesafe\config\1.4.3\config-1.4.3.jar;C:\Users\skaha\.m2\repository\org\imgscalr\imgscalr-lib\4.2\imgscalr-lib-4.2.jar;C:\Users\skaha\.m2\repository\org\awaitility\awaitility\4.2.0\awaitility-4.2.0.jar;C:\Users\skaha\.m2\repository\org\freemarker\freemarker\2.3.32\freemarker-2.3.32.jar;C:\Users\skaha\.m2\repository\io\github\classgraph\classgraph\4.8.157\classgraph-4.8.157.jar;C:\Users\skaha\.m2\repository\com\github\ben-manes\caffeine\caffeine\2.9.2\caffeine-2.9.2.jar;C:\Users\skaha\.m2\repository\org\ehcache\ehcache\3.10.8\ehcache-3.10.8.jar;C:\Users\skaha\.m2\repository\javax\cache\cache-api\1.1.0\cache-api-1.1.0.jar;C:\Users\skaha\.m2\repository\net\sourceforge\jexcelapi\jxl\2.6.12\jxl-2.6.12.jar;C:\Users\skaha\.m2\repository\net\bytebuddy\byte-buddy-agent\1.14.13\byte-buddy-agent-1.14.13.jar;C:\Users\skaha\.m2\repository\org\objenesis\objenesis\3.3\objenesis-3.3.jar;C:\Users\skaha\.m2\repository\com\vladsch\flexmark\flexmark-all\0.64.8\flexmark-all-0.64.8.jar;C:\Users\skaha\.m2\repository\com\vladsch\flexmark\flexmark\0.64.8\flexmark-0.64.8.jar;C:\Users\skaha\.m2\repository\com\vladsch\flexmark\flexmark-ext-abbreviation\0.64.8\flexmark-ext-abbreviation-0.64.8.jar;C:\Users\skaha\.m2\repository\com\vladsch\flexmark\flexmark-ext-admonition\0.64.8\flexmark-ext-admonition-0.64.8.jar;C:\Users\skaha\.m2\repository\com\vladsch\flexmark\flexmark-ext-anchorlink\0.64.8\flexmark-ext-anchorlink-0.64.8.jar;C:\Users\skaha\.m2\repository\com\vladsch\flexmark\flexmark-ext-aside\0.64.8\flexmark-ext-aside-0.64.8.jar;C:\Users\skaha\.m2\repository\com\vladsch\flexmark\flexmark-ext-attributes\0.64.8\flexmark-ext-attributes-0.64.8.jar;C:\Users\skaha\.m2\repository\com\vladsch\flexmark\flexmark-ext-autolink\0.64.8\flexmark-ext-autolink-0.64.8.jar;C:\Users\skaha\.m2\repository\org\nibor\autolink\autolink\0.6.0\autolink-0.6.0.jar;C:\Users\skaha\.m2\repository\com\vladsch\flexmark\flexmark-ext-definition\0.64.8\flexmark-ext-definition-0.64.8.jar;C:\Users\skaha\.m2\repository\com\vladsch\flexmark\flexmark-ext-emoji\0.64.8\flexmark-ext-emoji-0.64.8.jar;C:\Users\skaha\.m2\repository\com\vladsch\flexmark\flexmark-ext-enumerated-reference\0.64.8\flexmark-ext-enumerated-reference-0.64.8.jar;C:\Users\skaha\.m2\repository\com\vladsch\flexmark\flexmark-ext-escaped-character\0.64.8\flexmark-ext-escaped-character-0.64.8.jar;C:\Users\skaha\.m2\repository\com\vladsch\flexmark\flexmark-ext-footnotes\0.64.8\flexmark-ext-footnotes-0.64.8.jar;C:\Users\skaha\.m2\repository\com\vladsch\flexmark\flexmark-ext-gfm-issues\0.64.8\flexmark-ext-gfm-issues-0.64.8.jar;C:\Users\skaha\.m2\repository\com\vladsch\flexmark\flexmark-ext-gfm-strikethrough\0.64.8\flexmark-ext-gfm-strikethrough-0.64.8.jar;C:\Users\skaha\.m2\repository\com\vladsch\flexmark\flexmark-ext-gfm-tasklist\0.64.8\flexmark-ext-gfm-tasklist-0.64.8.jar;C:\Users\skaha\.m2\repository\com\vladsch\flexmark\flexmark-ext-gfm-users\0.64.8\flexmark-ext-gfm-users-0.64.8.jar;C:\Users\skaha\.m2\repository\com\vladsch\flexmark\flexmark-ext-gitlab\0.64.8\flexmark-ext-gitlab-0.64.8.jar;C:\Users\skaha\.m2\repository\com\vladsch\flexmark\flexmark-ext-jekyll-front-matter\0.64.8\flexmark-ext-jekyll-front-matter-0.64.8.jar;C:\Users\skaha\.m2\repository\com\vladsch\flexmark\flexmark-ext-jekyll-tag\0.64.8\flexmark-ext-jekyll-tag-0.64.8.jar;C:\Users\skaha\.m2\repository\com\vladsch\flexmark\flexmark-ext-media-tags\0.64.8\flexmark-ext-media-tags-0.64.8.jar;C:\Users\skaha\.m2\repository\com\vladsch\flexmark\flexmark-ext-macros\0.64.8\flexmark-ext-macros-0.64.8.jar;C:\Users\skaha\.m2\repository\com\vladsch\flexmark\flexmark-ext-ins\0.64.8\flexmark-ext-ins-0.64.8.jar;C:\Users\skaha\.m2\repository\com\vladsch\flexmark\flexmark-ext-xwiki-macros\0.64.8\flexmark-ext-xwiki-macros-0.64.8.jar;C:\Users\skaha\.m2\repository\com\vladsch\flexmark\flexmark-ext-superscript\0.64.8\flexmark-ext-superscript-0.64.8.jar;C:\Users\skaha\.m2\repository\com\vladsch\flexmark\flexmark-ext-toc\0.64.8\flexmark-ext-toc-0.64.8.jar;C:\Users\skaha\.m2\repository\com\vladsch\flexmark\flexmark-ext-typographic\0.64.8\flexmark-ext-typographic-0.64.8.jar;C:\Users\skaha\.m2\repository\com\vladsch\flexmark\flexmark-ext-wikilink\0.64.8\flexmark-ext-wikilink-0.64.8.jar;C:\Users\skaha\.m2\repository\com\vladsch\flexmark\flexmark-ext-yaml-front-matter\0.64.8\flexmark-ext-yaml-front-matter-0.64.8.jar;C:\Users\skaha\.m2\repository\com\vladsch\flexmark\flexmark-ext-youtube-embedded\0.64.8\flexmark-ext-youtube-embedded-0.64.8.jar;C:\Users\skaha\.m2\repository\com\vladsch\flexmark\flexmark-html2md-converter\0.64.8\flexmark-html2md-converter-0.64.8.jar;C:\Users\skaha\.m2\repository\com\vladsch\flexmark\flexmark-jira-converter\0.64.8\flexmark-jira-converter-0.64.8.jar;C:\Users\skaha\.m2\repository\com\vladsch\flexmark\flexmark-pdf-converter\0.64.8\flexmark-pdf-converter-0.64.8.jar;C:\Users\skaha\.m2\repository\com\openhtmltopdf\openhtmltopdf-core\1.0.10\openhtmltopdf-core-1.0.10.jar;C:\Users\skaha\.m2\repository\com\openhtmltopdf\openhtmltopdf-pdfbox\1.0.10\openhtmltopdf-pdfbox-1.0.10.jar;C:\Users\skaha\.m2\repository\org\apache\pdfbox\pdfbox\2.0.24\pdfbox-2.0.24.jar;C:\Users\skaha\.m2\repository\org\apache\pdfbox\fontbox\2.0.24\fontbox-2.0.24.jar;C:\Users\skaha\.m2\repository\org\apache\pdfbox\xmpbox\2.0.24\xmpbox-2.0.24.jar;C:\Users\skaha\.m2\repository\de\rototor\pdfbox\graphics2d\0.32\graphics2d-0.32.jar;C:\Users\skaha\.m2\repository\com\openhtmltopdf\openhtmltopdf-rtl-support\1.0.10\openhtmltopdf-rtl-support-1.0.10.jar;C:\Users\skaha\.m2\repository\com\vladsch\flexmark\flexmark-profile-pegdown\0.64.8\flexmark-profile-pegdown-0.64.8.jar;C:\Users\skaha\.m2\repository\com\vladsch\flexmark\flexmark-util-ast\0.64.8\flexmark-util-ast-0.64.8.jar;C:\Users\skaha\.m2\repository\com\vladsch\flexmark\flexmark-util-builder\0.64.8\flexmark-util-builder-0.64.8.jar;C:\Users\skaha\.m2\repository\com\vladsch\flexmark\flexmark-util-collection\0.64.8\flexmark-util-collection-0.64.8.jar;C:\Users\skaha\.m2\repository\com\vladsch\flexmark\flexmark-util-data\0.64.8\flexmark-util-data-0.64.8.jar;C:\Users\skaha\.m2\repository\com\vladsch\flexmark\flexmark-util-dependency\0.64.8\flexmark-util-dependency-0.64.8.jar;C:\Users\skaha\.m2\repository\com\vladsch\flexmark\flexmark-util-format\0.64.8\flexmark-util-format-0.64.8.jar;C:\Users\skaha\.m2\repository\com\vladsch\flexmark\flexmark-util-html\0.64.8\flexmark-util-html-0.64.8.jar;C:\Users\skaha\.m2\repository\com\vladsch\flexmark\flexmark-util-misc\0.64.8\flexmark-util-misc-0.64.8.jar;C:\Users\skaha\.m2\repository\com\vladsch\flexmark\flexmark-util-options\0.64.8\flexmark-util-options-0.64.8.jar;C:\Users\skaha\.m2\repository\com\vladsch\flexmark\flexmark-util-sequence\0.64.8\flexmark-util-sequence-0.64.8.jar;C:\Users\skaha\.m2\repository\com\vladsch\flexmark\flexmark-util-visitor\0.64.8\flexmark-util-visitor-0.64.8.jar;C:\Users\skaha\.m2\repository\com\vladsch\flexmark\flexmark-youtrack-converter\0.64.8\flexmark-youtrack-converter-0.64.8.jar;C:\Users\skaha\.m2\repository\com\vladsch\flexmark\flexmark-ext-resizable-image\0.64.8\flexmark-ext-resizable-image-0.64.8.jar;C:\Users\skaha\.m2\repository\com\vladsch\flexmark\flexmark-ext-tables\0.64.8\flexmark-ext-tables-0.64.8.jar;C:\Users\skaha\.m2\repository\com\vladsch\flexmark\flexmark-util\0.64.8\flexmark-util-0.64.8.jar;C:\Users\skaha\.m2\repository\net\serenity-bdd\serenity-reports\4.1.6\serenity-reports-4.1.6.jar;C:\Users\skaha\.m2\repository\net\serenity-bdd\serenity-stats\4.1.6\serenity-stats-4.1.6.jar;C:\Users\skaha\.m2\repository\net\serenity-bdd\serenity-reports-configuration\4.1.6\serenity-reports-configuration-4.1.6.jar;C:\Users\skaha\.m2\repository\com\ibm\icu\icu4j\72.1\icu4j-72.1.jar;C:\Users\skaha\.m2\repository\es\nitaur\markdown\txtmark\0.16\txtmark-0.16.jar;C:\Users\skaha\.m2\repository\net\serenity-bdd\serenity-report-resources\4.1.6\serenity-report-resources-4.1.6.jar;C:\Users\skaha\.m2\repository\com\google\code\gson\gson\2.10.1\gson-2.10.1.jar;C:\Users\skaha\.m2\repository\com\fasterxml\jackson\core\jackson-core\2.17.0\jackson-core-2.17.0.jar;C:\Users\skaha\.m2\repository\com\fasterxml\jackson\core\jackson-databind\2.17.0\jackson-databind-2.17.0.jar;C:\Users\skaha\.m2\repository\com\fasterxml\jackson\core\jackson-annotations\2.17.0\jackson-annotations-2.17.0.jar;C:\Users\skaha\.m2\repository\commons-codec\commons-codec\1.16.1\commons-codec-1.16.1.jar;C:\Users\skaha\.m2\repository\commons-io\commons-io\2.15.1\commons-io-2.15.1.jar;C:\Users\skaha\.m2\repository\org\apache\httpcomponents\httpclient\4.5.13\httpclient-4.5.13.jar;C:\Users\skaha\.m2\repository\org\apache\httpcomponents\httpcore\4.4.13\httpcore-4.4.13.jar;C:\Users\skaha\.m2\repository\commons-logging\commons-logging\1.2\commons-logging-1.2.jar;C:\Users\skaha\.m2\repository\org\seleniumhq\selenium\selenium-java\4.19.0\selenium-java-4.19.0.jar;C:\Users\skaha\.m2\repository\org\seleniumhq\selenium\selenium-devtools-v121\4.19.0\selenium-devtools-v121-4.19.0.jar;C:\Users\skaha\.m2\repository\org\seleniumhq\selenium\selenium-devtools-v122\4.19.0\selenium-devtools-v122-4.19.0.jar;C:\Users\skaha\.m2\repository\org\seleniumhq\selenium\selenium-devtools-v123\4.19.0\selenium-devtools-v123-4.19.0.jar;C:\Users\skaha\.m2\repository\org\seleniumhq\selenium\selenium-devtools-v85\4.19.0\selenium-devtools-v85-4.19.0.jar;C:\Users\skaha\.m2\repository\org\seleniumhq\selenium\selenium-remote-driver\4.19.0\selenium-remote-driver-4.19.0.jar;C:\Users\skaha\.m2\repository\io\opentelemetry\semconv\opentelemetry-semconv\1.23.1-alpha\opentelemetry-semconv-1.23.1-alpha.jar;C:\Users\skaha\.m2\repository\io\opentelemetry\opentelemetry-api\1.36.0\opentelemetry-api-1.36.0.jar;C:\Users\skaha\.m2\repository\io\opentelemetry\opentelemetry-context\1.36.0\opentelemetry-context-1.36.0.jar;C:\Users\skaha\.m2\repository\io\opentelemetry\opentelemetry-exporter-logging\1.36.0\opentelemetry-exporter-logging-1.36.0.jar;C:\Users\skaha\.m2\repository\io\opentelemetry\opentelemetry-sdk-common\1.36.0\opentelemetry-sdk-common-1.36.0.jar;C:\Users\skaha\.m2\repository\io\opentelemetry\opentelemetry-sdk-extension-autoconfigure-spi\1.36.0\opentelemetry-sdk-extension-autoconfigure-spi-1.36.0.jar;C:\Users\skaha\.m2\repository\io\opentelemetry\opentelemetry-sdk-extension-autoconfigure\1.36.0\opentelemetry-sdk-extension-autoconfigure-1.36.0.jar;C:\Users\skaha\.m2\repository\io\opentelemetry\opentelemetry-api-events\1.36.0-alpha\opentelemetry-api-events-1.36.0-alpha.jar;C:\Users\skaha\.m2\repository\io\opentelemetry\opentelemetry-sdk-trace\1.36.0\opentelemetry-sdk-trace-1.36.0.jar;C:\Users\skaha\.m2\repository\io\opentelemetry\opentelemetry-extension-incubator\1.36.0-alpha\opentelemetry-extension-incubator-1.36.0-alpha.jar;C:\Users\skaha\.m2\repository\io\opentelemetry\opentelemetry-sdk\1.36.0\opentelemetry-sdk-1.36.0.jar;C:\Users\skaha\.m2\repository\io\opentelemetry\opentelemetry-sdk-metrics\1.36.0\opentelemetry-sdk-metrics-1.36.0.jar;C:\Users\skaha\.m2\repository\io\opentelemetry\opentelemetry-sdk-logs\1.36.0\opentelemetry-sdk-logs-1.36.0.jar;C:\Users\skaha\.m2\repository\org\seleniumhq\selenium\selenium-os\4.19.0\selenium-os-4.19.0.jar;C:\Users\skaha\.m2\repository\org\apache\commons\commons-exec\1.3\commons-exec-1.3.jar;C:\Users\skaha\.m2\repository\org\seleniumhq\selenium\selenium-safari-driver\4.19.0\selenium-safari-driver-4.19.0.jar;C:\Users\skaha\.m2\repository\org\seleniumhq\selenium\selenium-api\4.19.0\selenium-api-4.19.0.jar;C:\Users\skaha\.m2\repository\org\seleniumhq\selenium\selenium-support\4.19.0\selenium-support-4.19.0.jar;C:\Users\skaha\.m2\repository\com\google\auto\service\auto-service-annotations\1.1.1\auto-service-annotations-1.1.1.jar;C:\Users\skaha\.m2\repository\org\seleniumhq\selenium\selenium-json\4.19.0\selenium-json-4.19.0.jar;C:\Users\skaha\.m2\repository\org\seleniumhq\selenium\selenium-chrome-driver\4.19.0\selenium-chrome-driver-4.19.0.jar;C:\Users\skaha\.m2\repository\org\seleniumhq\selenium\selenium-chromium-driver\4.19.0\selenium-chromium-driver-4.19.0.jar;C:\Users\skaha\.m2\repository\org\seleniumhq\selenium\selenium-manager\4.19.0\selenium-manager-4.19.0.jar;C:\Users\skaha\.m2\repository\org\seleniumhq\selenium\selenium-firefox-driver\4.19.0\selenium-firefox-driver-4.19.0.jar;C:\Users\skaha\.m2\repository\org\seleniumhq\selenium\selenium-http\4.19.0\selenium-http-4.19.0.jar;C:\Users\skaha\.m2\repository\dev\failsafe\failsafe\3.3.2\failsafe-3.3.2.jar;C:\Users\skaha\.m2\repository\org\seleniumhq\selenium\selenium-edge-driver\4.19.0\selenium-edge-driver-4.19.0.jar;C:\Users\skaha\.m2\repository\org\seleniumhq\selenium\selenium-ie-driver\4.19.0\selenium-ie-driver-4.19.0.jar;C:\Users\skaha\.m2\repository\org\htmlunit\htmlunit\3.11.0\htmlunit-3.11.0.jar;C:\Users\skaha\.m2\repository\org\apache\httpcomponents\httpmime\4.5.14\httpmime-4.5.14.jar;C:\Users\skaha\.m2\repository\org\htmlunit\htmlunit-core-js\3.11.0\htmlunit-core-js-3.11.0.jar;C:\Users\skaha\.m2\repository\org\htmlunit\neko-htmlunit\3.11.2\neko-htmlunit-3.11.2.jar;C:\Users\skaha\.m2\repository\org\htmlunit\htmlunit-cssparser\3.11.0\htmlunit-cssparser-3.11.0.jar;C:\Users\skaha\.m2\repository\org\htmlunit\htmlunit-xpath\3.11.0\htmlunit-xpath-3.11.0.jar;C:\Users\skaha\.m2\repository\org\htmlunit\htmlunit-csp\3.11.0\htmlunit-csp-3.11.0.jar;C:\Users\skaha\.m2\repository\org\brotli\dec\0.1.2\dec-0.1.2.jar;C:\Users\skaha\.m2\repository\org\eclipse\jetty\websocket\websocket-client\9.4.53.v20231009\websocket-client-9.4.53.v20231009.jar;C:\Users\skaha\.m2\repository\org\eclipse\jetty\jetty-client\9.4.53.v20231009\jetty-client-9.4.53.v20231009.jar;C:\Users\skaha\.m2\repository\org\eclipse\jetty\jetty-http\9.4.53.v20231009\jetty-http-9.4.53.v20231009.jar;C:\Users\skaha\.m2\repository\org\eclipse\jetty\jetty-util\9.4.53.v20231009\jetty-util-9.4.53.v20231009.jar;C:\Users\skaha\.m2\repository\org\eclipse\jetty\jetty-io\9.4.53.v20231009\jetty-io-9.4.53.v20231009.jar;C:\Users\skaha\.m2\repository\org\eclipse\jetty\websocket\websocket-common\9.4.53.v20231009\websocket-common-9.4.53.v20231009.jar;C:\Users\skaha\.m2\repository\org\eclipse\jetty\websocket\websocket-api\9.4.53.v20231009\websocket-api-9.4.53.v20231009.jar;C:\Users\skaha\.m2\repository\org\seleniumhq\selenium\htmlunit3-driver\4.18.1\htmlunit3-driver-4.18.1.jar;C:\Users\skaha\.m2\repository\io\appium\java-client\9.0.0\java-client-9.0.0.jar;C:\Users\skaha\.m2\repository\org\apache\groovy\groovy\4.0.13\groovy-4.0.13.jar;C:\Users\skaha\.m2\repository\net\sf\opencsv\opencsv\2.1\opencsv-2.1.jar;C:\Users\skaha\.m2\repository\org\apache\commons\commons-lang3\3.14.0\commons-lang3-3.14.0.jar;C:\Users\skaha\.m2\repository\org\apache\commons\commons-compress\1.26.0\commons-compress-1.26.0.jar;C:\Users\skaha\.m2\repository\org\fluentlenium\fluentlenium-core\0.10.2\fluentlenium-core-0.10.2.jar;C:\Users\skaha\.m2\repository\com\jhlabs\filters\2.0.235\filters-2.0.235.jar;C:\Users\skaha\.m2\repository\com\paulhammant\ngwebdriver\1.1.6\ngwebdriver-1.1.6.jar;C:\Users\skaha\.m2\repository\joda-time\joda-time\2.12.5\joda-time-2.12.5.jar;C:\Users\skaha\.m2\repository\org\hamcrest\hamcrest\2.2\hamcrest-2.2.jar;C:\Users\skaha\.m2\repository\com\google\jimfs\jimfs\1.3.0\jimfs-1.3.0.jar;C:\Users\skaha\.m2\repository\org\mockito\mockito-core\3.3.3\mockito-core-3.3.3.jar;C:\Users\skaha\.m2\repository\javax\xml\bind\jaxb-api\2.3.1\jaxb-api-2.3.1.jar;C:\Users\skaha\.m2\repository\javax\activation\javax.activation-api\1.2.0\javax.activation-api-1.2.0.jar;C:\Users\skaha\.m2\repository\com\sun\xml\bind\jaxb-core\2.3.0.1\jaxb-core-2.3.0.1.jar;C:\Users\skaha\.m2\repository\com\sun\xml\bind\jaxb-impl\2.3.3\jaxb-impl-2.3.3.jar;C:\Users\skaha\.m2\repository\jakarta\xml\bind\jakarta.xml.bind-api\2.3.3\jakarta.xml.bind-api-2.3.3.jar;C:\Users\skaha\.m2\repository\com\sun\activation\jakarta.activation\1.2.2\jakarta.activation-1.2.2.jar;C:\Users\skaha\.m2\repository\javax\activation\activation\1.1.1\activation-1.1.1.jar;C:\Users\skaha\.m2\repository\net\serenity-bdd\serenity-cucumber\4.1.6\serenity-cucumber-4.1.6.jar;C:\Users\skaha\.m2\repository\io\cucumber\cucumber-core\7.16.1\cucumber-core-7.16.1.jar;C:\Users\skaha\.m2\repository\io\cucumber\cucumber-gherkin\7.16.1\cucumber-gherkin-7.16.1.jar;C:\Users\skaha\.m2\repository\io\cucumber\cucumber-gherkin-messages\7.16.1\cucumber-gherkin-messages-7.16.1.jar;C:\Users\skaha\.m2\repository\io\cucumber\gherkin\28.0.0\gherkin-28.0.0.jar;C:\Users\skaha\.m2\repository\io\cucumber\messages\24.1.0\messages-24.1.0.jar;C:\Users\skaha\.m2\repository\io\cucumber\tag-expressions\6.1.0\tag-expressions-6.1.0.jar;C:\Users\skaha\.m2\repository\io\cucumber\cucumber-expressions\17.1.0\cucumber-expressions-17.1.0.jar;C:\Users\skaha\.m2\repository\io\cucumber\datatable\7.16.1\datatable-7.16.1.jar;C:\Users\skaha\.m2\repository\io\cucumber\cucumber-plugin\7.16.1\cucumber-plugin-7.16.1.jar;C:\Users\skaha\.m2\repository\io\cucumber\docstring\7.16.1\docstring-7.16.1.jar;C:\Users\skaha\.m2\repository\io\cucumber\html-formatter\21.3.0\html-formatter-21.3.0.jar;C:\Users\skaha\.m2\repository\io\cucumber\junit-xml-formatter\0.3.0\junit-xml-formatter-0.3.0.jar;C:\Users\skaha\.m2\repository\io\cucumber\ci-environment\10.0.1\ci-environment-10.0.1.jar;C:\Users\skaha\.m2\repository\io\cucumber\cucumber-java\7.16.1\cucumber-java-7.16.1.jar;C:\Users\skaha\.m2\repository\io\cucumber\cucumber-junit\7.16.1\cucumber-junit-7.16.1.jar;C:\Users\skaha\.m2\repository\org\apache\commons\commons-csv\1.5\commons-csv-1.5.jar;C:\Users\skaha\.m2\repository\net\serenity-bdd\serenity-screenplay\4.1.6\serenity-screenplay-4.1.6.jar;C:\Users\skaha\.m2\repository\net\serenity-bdd\serenity-screenplay-webdriver\4.1.6\serenity-screenplay-webdriver-4.1.6.jar;C:\Users\skaha\.m2\repository\net\serenity-bdd\serenity-ensure\4.1.6\serenity-ensure-4.1.6.jar;C:\Users\skaha\.m2\repository\org\jetbrains\kotlin\kotlin-stdlib\1.9.23\kotlin-stdlib-1.9.23.jar;C:\Users\skaha\.m2\repository\org\jetbrains\annotations\13.0\annotations-13.0.jar;C:\Users\skaha\.m2\repository\org\junit\platform\junit-platform-launcher\1.10.2\junit-platform-launcher-1.10.2.jar;C:\Users\skaha\.m2\repository\org\junit\platform\junit-platform-engine\1.10.2\junit-platform-engine-1.10.2.jar;C:\Users\skaha\.m2\repository\org\opentest4j\opentest4j\1.3.0\opentest4j-1.3.0.jar;C:\Users\skaha\.m2\repository\org\junit\platform\junit-platform-commons\1.10.2\junit-platform-commons-1.10.2.jar;C:\Users\skaha\.m2\repository\org\apiguardian\apiguardian-api\1.1.2\apiguardian-api-1.1.2.jar;C:\Users\skaha\.m2\repository\io\cucumber\cucumber-junit-platform-engine\7.16.1\cucumber-junit-platform-engine-7.16.1.jar;C:\Users\skaha\.m2\repository\org\junit\platform\junit-platform-suite\1.10.2\junit-platform-suite-1.10.2.jar;C:\Users\skaha\.m2\repository\org\junit\platform\junit-platform-suite-api\1.10.2\junit-platform-suite-api-1.10.2.jar;C:\Users\skaha\.m2\repository\org\junit\platform\junit-platform-suite-engine\1.10.2\junit-platform-suite-engine-1.10.2.jar;C:\Users\skaha\.m2\repository\org\junit\platform\junit-platform-suite-commons\1.10.2\junit-platform-suite-commons-1.10.2.jar;C:\Users\skaha\.m2\repository\org\junit\jupiter\junit-jupiter-engine\5.10.2\junit-jupiter-engine-5.10.2.jar;C:\Users\skaha\.m2\repository\org\junit\jupiter\junit-jupiter-api\5.10.2\junit-jupiter-api-5.10.2.jar;C:\Users\skaha\.m2\repository\org\junit\vintage\junit-vintage-engine\5.10.2\junit-vintage-engine-5.10.2.jar;C:\Users\skaha\.m2\repository\junit\junit\4.13.2\junit-4.13.2.jar;C:\Users\skaha\.m2\repository\org\hamcrest\hamcrest-core\1.3\hamcrest-core-1.3.jar;C:\Users\skaha\.m2\repository\ch\qos\logback\logback-classic\1.2.10\logback-classic-1.2.10.jar;C:\Users\skaha\.m2\repository\ch\qos\logback\logback-core\1.2.10\logback-core-1.2.10.jar;C:\Users\skaha\.m2\repository\org\slf4j\slf4j-api\1.7.32\slf4j-api-1.7.32.jar;C:\Users\skaha\.m2\repository\org\assertj\assertj-core\3.23.1\assertj-core-3.23.1.jar;C:\Users\skaha\.m2\repository\net\bytebuddy\byte-buddy\1.12.10\byte-buddy-1.12.10.jar;"/>
    <property name="java.vm.vendor" value="Oracle Corporation"/>
    <property name="sun.arch.data.model" value="64"/>
    <property name="user.variant" value=""/>
    <property name="java.vendor.url" value="https://java.oracle.com/"/>
    <property name="user.timezone" value="Asia/Jakarta"/>
    <property name="os.name" value="Windows 11"/>
    <property name="java.vm.specification.version" value="19"/>
    <property name="sun.java.launcher" value="SUN_STANDARD"/>
    <property name="user.country" value="ID"/>
    <property name="sun.boot.library.path" value="C:\Program Files\Java\jdk-19\bin"/>
    <property name="sun.java.command" value="C:\Users\skaha\AppData\Local\Temp\surefire2559627417467592221\surefirebooter-20240420113337652_3.jar C:\Users\skaha\AppData\Local\Temp\surefire2559627417467592221 2024-04-20T11-33-37_193-jvmRun1 surefire-20240420113337652_1tmp surefire_0-20240420113337652_2tmp"/>
    <property name="jdk.debug" value="release"/>
    <property name="surefire.test.class.path" value="C:\Users\skaha\IdeaProjects\bdd-soal-prioritas-1\target\test-classes;C:\Users\skaha\IdeaProjects\bdd-soal-prioritas-1\target\bdd-soal-prioritas-1-1.0-SNAPSHOT.jar;C:\Users\skaha\.m2\repository\net\serenity-bdd\serenity-core\4.1.6\serenity-core-4.1.6.jar;C:\Users\skaha\.m2\repository\net\serenity-bdd\serenity-model\4.1.6\serenity-model-4.1.6.jar;C:\Users\skaha\.m2\repository\org\apache\commons\commons-text\1.11.0\commons-text-1.11.0.jar;C:\Users\skaha\.m2\repository\commons-net\commons-net\3.10.0\commons-net-3.10.0.jar;C:\Users\skaha\.m2\repository\com\google\guava\guava\33.1.0-jre\guava-33.1.0-jre.jar;C:\Users\skaha\.m2\repository\com\google\guava\failureaccess\1.0.2\failureaccess-1.0.2.jar;C:\Users\skaha\.m2\repository\com\google\guava\listenablefuture\9999.0-empty-to-avoid-conflict-with-guava\listenablefuture-9999.0-empty-to-avoid-conflict-with-guava.jar;C:\Users\skaha\.m2\repository\com\google\code\findbugs\jsr305\3.0.2\jsr305-3.0.2.jar;C:\Users\skaha\.m2\repository\org\checkerframework\checker-qual\3.42.0\checker-qual-3.42.0.jar;C:\Users\skaha\.m2\repository\com\google\errorprone\error_prone_annotations\2.26.1\error_prone_annotations-2.26.1.jar;C:\Users\skaha\.m2\repository\com\google\j2objc\j2objc-annotations\3.0.0\j2objc-annotations-3.0.0.jar;C:\Users\skaha\.m2\repository\org\jsoup\jsoup\1.15.4\jsoup-1.15.4.jar;C:\Users\skaha\.m2\repository\com\thoughtworks\xstream\xstream\1.4.20\xstream-1.4.20.jar;C:\Users\skaha\.m2\repository\io\github\x-stream\mxparser\1.2.2\mxparser-1.2.2.jar;C:\Users\skaha\.m2\repository\xmlpull\xmlpull\1.1.3.1\xmlpull-1.1.3.1.jar;C:\Users\skaha\.m2\repository\com\typesafe\config\1.4.3\config-1.4.3.jar;C:\Users\skaha\.m2\repository\org\imgscalr\imgscalr-lib\4.2\imgscalr-lib-4.2.jar;C:\Users\skaha\.m2\repository\org\awaitility\awaitility\4.2.0\awaitility-4.2.0.jar;C:\Users\skaha\.m2\repository\org\freemarker\freemarker\2.3.32\freemarker-2.3.32.jar;C:\Users\skaha\.m2\repository\io\github\classgraph\classgraph\4.8.157\classgraph-4.8.157.jar;C:\Users\skaha\.m2\repository\com\github\ben-manes\caffeine\caffeine\2.9.2\caffeine-2.9.2.jar;C:\Users\skaha\.m2\repository\org\ehcache\ehcache\3.10.8\ehcache-3.10.8.jar;C:\Users\skaha\.m2\repository\javax\cache\cache-api\1.1.0\cache-api-1.1.0.jar;C:\Users\skaha\.m2\repository\net\sourceforge\jexcelapi\jxl\2.6.12\jxl-2.6.12.jar;C:\Users\skaha\.m2\repository\net\bytebuddy\byte-buddy-agent\1.14.13\byte-buddy-agent-1.14.13.jar;C:\Users\skaha\.m2\repository\org\objenesis\objenesis\3.3\objenesis-3.3.jar;C:\Users\skaha\.m2\repository\com\vladsch\flexmark\flexmark-all\0.64.8\flexmark-all-0.64.8.jar;C:\Users\skaha\.m2\repository\com\vladsch\flexmark\flexmark\0.64.8\flexmark-0.64.8.jar;C:\Users\skaha\.m2\repository\com\vladsch\flexmark\flexmark-ext-abbreviation\0.64.8\flexmark-ext-abbreviation-0.64.8.jar;C:\Users\skaha\.m2\repository\com\vladsch\flexmark\flexmark-ext-admonition\0.64.8\flexmark-ext-admonition-0.64.8.jar;C:\Users\skaha\.m2\repository\com\vladsch\flexmark\flexmark-ext-anchorlink\0.64.8\flexmark-ext-anchorlink-0.64.8.jar;C:\Users\skaha\.m2\repository\com\vladsch\flexmark\flexmark-ext-aside\0.64.8\flexmark-ext-aside-0.64.8.jar;C:\Users\skaha\.m2\repository\com\vladsch\flexmark\flexmark-ext-attributes\0.64.8\flexmark-ext-attributes-0.64.8.jar;C:\Users\skaha\.m2\repository\com\vladsch\flexmark\flexmark-ext-autolink\0.64.8\flexmark-ext-autolink-0.64.8.jar;C:\Users\skaha\.m2\repository\org\nibor\autolink\autolink\0.6.0\autolink-0.6.0.jar;C:\Users\skaha\.m2\repository\com\vladsch\flexmark\flexmark-ext-definition\0.64.8\flexmark-ext-definition-0.64.8.jar;C:\Users\skaha\.m2\repository\com\vladsch\flexmark\flexmark-ext-emoji\0.64.8\flexmark-ext-emoji-0.64.8.jar;C:\Users\skaha\.m2\repository\com\vladsch\flexmark\flexmark-ext-enumerated-reference\0.64.8\flexmark-ext-enumerated-reference-0.64.8.jar;C:\Users\skaha\.m2\repository\com\vladsch\flexmark\flexmark-ext-escaped-character\0.64.8\flexmark-ext-escaped-character-0.64.8.jar;C:\Users\skaha\.m2\repository\com\vladsch\flexmark\flexmark-ext-footnotes\0.64.8\flexmark-ext-footnotes-0.64.8.jar;C:\Users\skaha\.m2\repository\com\vladsch\flexmark\flexmark-ext-gfm-issues\0.64.8\flexmark-ext-gfm-issues-0.64.8.jar;C:\Users\skaha\.m2\repository\com\vladsch\flexmark\flexmark-ext-gfm-strikethrough\0.64.8\flexmark-ext-gfm-strikethrough-0.64.8.jar;C:\Users\skaha\.m2\repository\com\vladsch\flexmark\flexmark-ext-gfm-tasklist\0.64.8\flexmark-ext-gfm-tasklist-0.64.8.jar;C:\Users\skaha\.m2\repository\com\vladsch\flexmark\flexmark-ext-gfm-users\0.64.8\flexmark-ext-gfm-users-0.64.8.jar;C:\Users\skaha\.m2\repository\com\vladsch\flexmark\flexmark-ext-gitlab\0.64.8\flexmark-ext-gitlab-0.64.8.jar;C:\Users\skaha\.m2\repository\com\vladsch\flexmark\flexmark-ext-jekyll-front-matter\0.64.8\flexmark-ext-jekyll-front-matter-0.64.8.jar;C:\Users\skaha\.m2\repository\com\vladsch\flexmark\flexmark-ext-jekyll-tag\0.64.8\flexmark-ext-jekyll-tag-0.64.8.jar;C:\Users\skaha\.m2\repository\com\vladsch\flexmark\flexmark-ext-media-tags\0.64.8\flexmark-ext-media-tags-0.64.8.jar;C:\Users\skaha\.m2\repository\com\vladsch\flexmark\flexmark-ext-macros\0.64.8\flexmark-ext-macros-0.64.8.jar;C:\Users\skaha\.m2\repository\com\vladsch\flexmark\flexmark-ext-ins\0.64.8\flexmark-ext-ins-0.64.8.jar;C:\Users\skaha\.m2\repository\com\vladsch\flexmark\flexmark-ext-xwiki-macros\0.64.8\flexmark-ext-xwiki-macros-0.64.8.jar;C:\Users\skaha\.m2\repository\com\vladsch\flexmark\flexmark-ext-superscript\0.64.8\flexmark-ext-superscript-0.64.8.jar;C:\Users\skaha\.m2\repository\com\vladsch\flexmark\flexmark-ext-toc\0.64.8\flexmark-ext-toc-0.64.8.jar;C:\Users\skaha\.m2\repository\com\vladsch\flexmark\flexmark-ext-typographic\0.64.8\flexmark-ext-typographic-0.64.8.jar;C:\Users\skaha\.m2\repository\com\vladsch\flexmark\flexmark-ext-wikilink\0.64.8\flexmark-ext-wikilink-0.64.8.jar;C:\Users\skaha\.m2\repository\com\vladsch\flexmark\flexmark-ext-yaml-front-matter\0.64.8\flexmark-ext-yaml-front-matter-0.64.8.jar;C:\Users\skaha\.m2\repository\com\vladsch\flexmark\flexmark-ext-youtube-embedded\0.64.8\flexmark-ext-youtube-embedded-0.64.8.jar;C:\Users\skaha\.m2\repository\com\vladsch\flexmark\flexmark-html2md-converter\0.64.8\flexmark-html2md-converter-0.64.8.jar;C:\Users\skaha\.m2\repository\com\vladsch\flexmark\flexmark-jira-converter\0.64.8\flexmark-jira-converter-0.64.8.jar;C:\Users\skaha\.m2\repository\com\vladsch\flexmark\flexmark-pdf-converter\0.64.8\flexmark-pdf-converter-0.64.8.jar;C:\Users\skaha\.m2\repository\com\openhtmltopdf\openhtmltopdf-core\1.0.10\openhtmltopdf-core-1.0.10.jar;C:\Users\skaha\.m2\repository\com\openhtmltopdf\openhtmltopdf-pdfbox\1.0.10\openhtmltopdf-pdfbox-1.0.10.jar;C:\Users\skaha\.m2\repository\org\apache\pdfbox\pdfbox\2.0.24\pdfbox-2.0.24.jar;C:\Users\skaha\.m2\repository\org\apache\pdfbox\fontbox\2.0.24\fontbox-2.0.24.jar;C:\Users\skaha\.m2\repository\org\apache\pdfbox\xmpbox\2.0.24\xmpbox-2.0.24.jar;C:\Users\skaha\.m2\repository\de\rototor\pdfbox\graphics2d\0.32\graphics2d-0.32.jar;C:\Users\skaha\.m2\repository\com\openhtmltopdf\openhtmltopdf-rtl-support\1.0.10\openhtmltopdf-rtl-support-1.0.10.jar;C:\Users\skaha\.m2\repository\com\vladsch\flexmark\flexmark-profile-pegdown\0.64.8\flexmark-profile-pegdown-0.64.8.jar;C:\Users\skaha\.m2\repository\com\vladsch\flexmark\flexmark-util-ast\0.64.8\flexmark-util-ast-0.64.8.jar;C:\Users\skaha\.m2\repository\com\vladsch\flexmark\flexmark-util-builder\0.64.8\flexmark-util-builder-0.64.8.jar;C:\Users\skaha\.m2\repository\com\vladsch\flexmark\flexmark-util-collection\0.64.8\flexmark-util-collection-0.64.8.jar;C:\Users\skaha\.m2\repository\com\vladsch\flexmark\flexmark-util-data\0.64.8\flexmark-util-data-0.64.8.jar;C:\Users\skaha\.m2\repository\com\vladsch\flexmark\flexmark-util-dependency\0.64.8\flexmark-util-dependency-0.64.8.jar;C:\Users\skaha\.m2\repository\com\vladsch\flexmark\flexmark-util-format\0.64.8\flexmark-util-format-0.64.8.jar;C:\Users\skaha\.m2\repository\com\vladsch\flexmark\flexmark-util-html\0.64.8\flexmark-util-html-0.64.8.jar;C:\Users\skaha\.m2\repository\com\vladsch\flexmark\flexmark-util-misc\0.64.8\flexmark-util-misc-0.64.8.jar;C:\Users\skaha\.m2\repository\com\vladsch\flexmark\flexmark-util-options\0.64.8\flexmark-util-options-0.64.8.jar;C:\Users\skaha\.m2\repository\com\vladsch\flexmark\flexmark-util-sequence\0.64.8\flexmark-util-sequence-0.64.8.jar;C:\Users\skaha\.m2\repository\com\vladsch\flexmark\flexmark-util-visitor\0.64.8\flexmark-util-visitor-0.64.8.jar;C:\Users\skaha\.m2\repository\com\vladsch\flexmark\flexmark-youtrack-converter\0.64.8\flexmark-youtrack-converter-0.64.8.jar;C:\Users\skaha\.m2\repository\com\vladsch\flexmark\flexmark-ext-resizable-image\0.64.8\flexmark-ext-resizable-image-0.64.8.jar;C:\Users\skaha\.m2\repository\com\vladsch\flexmark\flexmark-ext-tables\0.64.8\flexmark-ext-tables-0.64.8.jar;C:\Users\skaha\.m2\repository\com\vladsch\flexmark\flexmark-util\0.64.8\flexmark-util-0.64.8.jar;C:\Users\skaha\.m2\repository\net\serenity-bdd\serenity-reports\4.1.6\serenity-reports-4.1.6.jar;C:\Users\skaha\.m2\repository\net\serenity-bdd\serenity-stats\4.1.6\serenity-stats-4.1.6.jar;C:\Users\skaha\.m2\repository\net\serenity-bdd\serenity-reports-configuration\4.1.6\serenity-reports-configuration-4.1.6.jar;C:\Users\skaha\.m2\repository\com\ibm\icu\icu4j\72.1\icu4j-72.1.jar;C:\Users\skaha\.m2\repository\es\nitaur\markdown\txtmark\0.16\txtmark-0.16.jar;C:\Users\skaha\.m2\repository\net\serenity-bdd\serenity-report-resources\4.1.6\serenity-report-resources-4.1.6.jar;C:\Users\skaha\.m2\repository\com\google\code\gson\gson\2.10.1\gson-2.10.1.jar;C:\Users\skaha\.m2\repository\com\fasterxml\jackson\core\jackson-core\2.17.0\jackson-core-2.17.0.jar;C:\Users\skaha\.m2\repository\com\fasterxml\jackson\core\jackson-databind\2.17.0\jackson-databind-2.17.0.jar;C:\Users\skaha\.m2\repository\com\fasterxml\jackson\core\jackson-annotations\2.17.0\jackson-annotations-2.17.0.jar;C:\Users\skaha\.m2\repository\commons-codec\commons-codec\1.16.1\commons-codec-1.16.1.jar;C:\Users\skaha\.m2\repository\commons-io\commons-io\2.15.1\commons-io-2.15.1.jar;C:\Users\skaha\.m2\repository\org\apache\httpcomponents\httpclient\4.5.13\httpclient-4.5.13.jar;C:\Users\skaha\.m2\repository\org\apache\httpcomponents\httpcore\4.4.13\httpcore-4.4.13.jar;C:\Users\skaha\.m2\repository\commons-logging\commons-logging\1.2\commons-logging-1.2.jar;C:\Users\skaha\.m2\repository\org\seleniumhq\selenium\selenium-java\4.19.0\selenium-java-4.19.0.jar;C:\Users\skaha\.m2\repository\org\seleniumhq\selenium\selenium-devtools-v121\4.19.0\selenium-devtools-v121-4.19.0.jar;C:\Users\skaha\.m2\repository\org\seleniumhq\selenium\selenium-devtools-v122\4.19.0\selenium-devtools-v122-4.19.0.jar;C:\Users\skaha\.m2\repository\org\seleniumhq\selenium\selenium-devtools-v123\4.19.0\selenium-devtools-v123-4.19.0.jar;C:\Users\skaha\.m2\repository\org\seleniumhq\selenium\selenium-devtools-v85\4.19.0\selenium-devtools-v85-4.19.0.jar;C:\Users\skaha\.m2\repository\org\seleniumhq\selenium\selenium-remote-driver\4.19.0\selenium-remote-driver-4.19.0.jar;C:\Users\skaha\.m2\repository\io\opentelemetry\semconv\opentelemetry-semconv\1.23.1-alpha\opentelemetry-semconv-1.23.1-alpha.jar;C:\Users\skaha\.m2\repository\io\opentelemetry\opentelemetry-api\1.36.0\opentelemetry-api-1.36.0.jar;C:\Users\skaha\.m2\repository\io\opentelemetry\opentelemetry-context\1.36.0\opentelemetry-context-1.36.0.jar;C:\Users\skaha\.m2\repository\io\opentelemetry\opentelemetry-exporter-logging\1.36.0\opentelemetry-exporter-logging-1.36.0.jar;C:\Users\skaha\.m2\repository\io\opentelemetry\opentelemetry-sdk-common\1.36.0\opentelemetry-sdk-common-1.36.0.jar;C:\Users\skaha\.m2\repository\io\opentelemetry\opentelemetry-sdk-extension-autoconfigure-spi\1.36.0\opentelemetry-sdk-extension-autoconfigure-spi-1.36.0.jar;C:\Users\skaha\.m2\repository\io\opentelemetry\opentelemetry-sdk-extension-autoconfigure\1.36.0\opentelemetry-sdk-extension-autoconfigure-1.36.0.jar;C:\Users\skaha\.m2\repository\io\opentelemetry\opentelemetry-api-events\1.36.0-alpha\opentelemetry-api-events-1.36.0-alpha.jar;C:\Users\skaha\.m2\repository\io\opentelemetry\opentelemetry-sdk-trace\1.36.0\opentelemetry-sdk-trace-1.36.0.jar;C:\Users\skaha\.m2\repository\io\opentelemetry\opentelemetry-extension-incubator\1.36.0-alpha\opentelemetry-extension-incubator-1.36.0-alpha.jar;C:\Users\skaha\.m2\repository\io\opentelemetry\opentelemetry-sdk\1.36.0\opentelemetry-sdk-1.36.0.jar;C:\Users\skaha\.m2\repository\io\opentelemetry\opentelemetry-sdk-metrics\1.36.0\opentelemetry-sdk-metrics-1.36.0.jar;C:\Users\skaha\.m2\repository\io\opentelemetry\opentelemetry-sdk-logs\1.36.0\opentelemetry-sdk-logs-1.36.0.jar;C:\Users\skaha\.m2\repository\org\seleniumhq\selenium\selenium-os\4.19.0\selenium-os-4.19.0.jar;C:\Users\skaha\.m2\repository\org\apache\commons\commons-exec\1.3\commons-exec-1.3.jar;C:\Users\skaha\.m2\repository\org\seleniumhq\selenium\selenium-safari-driver\4.19.0\selenium-safari-driver-4.19.0.jar;C:\Users\skaha\.m2\repository\org\seleniumhq\selenium\selenium-api\4.19.0\selenium-api-4.19.0.jar;C:\Users\skaha\.m2\repository\org\seleniumhq\selenium\selenium-support\4.19.0\selenium-support-4.19.0.jar;C:\Users\skaha\.m2\repository\com\google\auto\service\auto-service-annotations\1.1.1\auto-service-annotations-1.1.1.jar;C:\Users\skaha\.m2\repository\org\seleniumhq\selenium\selenium-json\4.19.0\selenium-json-4.19.0.jar;C:\Users\skaha\.m2\repository\org\seleniumhq\selenium\selenium-chrome-driver\4.19.0\selenium-chrome-driver-4.19.0.jar;C:\Users\skaha\.m2\repository\org\seleniumhq\selenium\selenium-chromium-driver\4.19.0\selenium-chromium-driver-4.19.0.jar;C:\Users\skaha\.m2\repository\org\seleniumhq\selenium\selenium-manager\4.19.0\selenium-manager-4.19.0.jar;C:\Users\skaha\.m2\repository\org\seleniumhq\selenium\selenium-firefox-driver\4.19.0\selenium-firefox-driver-4.19.0.jar;C:\Users\skaha\.m2\repository\org\seleniumhq\selenium\selenium-http\4.19.0\selenium-http-4.19.0.jar;C:\Users\skaha\.m2\repository\dev\failsafe\failsafe\3.3.2\failsafe-3.3.2.jar;C:\Users\skaha\.m2\repository\org\seleniumhq\selenium\selenium-edge-driver\4.19.0\selenium-edge-driver-4.19.0.jar;C:\Users\skaha\.m2\repository\org\seleniumhq\selenium\selenium-ie-driver\4.19.0\selenium-ie-driver-4.19.0.jar;C:\Users\skaha\.m2\repository\org\htmlunit\htmlunit\3.11.0\htmlunit-3.11.0.jar;C:\Users\skaha\.m2\repository\org\apache\httpcomponents\httpmime\4.5.14\httpmime-4.5.14.jar;C:\Users\skaha\.m2\repository\org\htmlunit\htmlunit-core-js\3.11.0\htmlunit-core-js-3.11.0.jar;C:\Users\skaha\.m2\repository\org\htmlunit\neko-htmlunit\3.11.2\neko-htmlunit-3.11.2.jar;C:\Users\skaha\.m2\repository\org\htmlunit\htmlunit-cssparser\3.11.0\htmlunit-cssparser-3.11.0.jar;C:\Users\skaha\.m2\repository\org\htmlunit\htmlunit-xpath\3.11.0\htmlunit-xpath-3.11.0.jar;C:\Users\skaha\.m2\repository\org\htmlunit\htmlunit-csp\3.11.0\htmlunit-csp-3.11.0.jar;C:\Users\skaha\.m2\repository\org\brotli\dec\0.1.2\dec-0.1.2.jar;C:\Users\skaha\.m2\repository\org\eclipse\jetty\websocket\websocket-client\9.4.53.v20231009\websocket-client-9.4.53.v20231009.jar;C:\Users\skaha\.m2\repository\org\eclipse\jetty\jetty-client\9.4.53.v20231009\jetty-client-9.4.53.v20231009.jar;C:\Users\skaha\.m2\repository\org\eclipse\jetty\jetty-http\9.4.53.v20231009\jetty-http-9.4.53.v20231009.jar;C:\Users\skaha\.m2\repository\org\eclipse\jetty\jetty-util\9.4.53.v20231009\jetty-util-9.4.53.v20231009.jar;C:\Users\skaha\.m2\repository\org\eclipse\jetty\jetty-io\9.4.53.v20231009\jetty-io-9.4.53.v20231009.jar;C:\Users\skaha\.m2\repository\org\eclipse\jetty\websocket\websocket-common\9.4.53.v20231009\websocket-common-9.4.53.v20231009.jar;C:\Users\skaha\.m2\repository\org\eclipse\jetty\websocket\websocket-api\9.4.53.v20231009\websocket-api-9.4.53.v20231009.jar;C:\Users\skaha\.m2\repository\org\seleniumhq\selenium\htmlunit3-driver\4.18.1\htmlunit3-driver-4.18.1.jar;C:\Users\skaha\.m2\repository\io\appium\java-client\9.0.0\java-client-9.0.0.jar;C:\Users\skaha\.m2\repository\org\apache\groovy\groovy\4.0.13\groovy-4.0.13.jar;C:\Users\skaha\.m2\repository\net\sf\opencsv\opencsv\2.1\opencsv-2.1.jar;C:\Users\skaha\.m2\repository\org\apache\commons\commons-lang3\3.14.0\commons-lang3-3.14.0.jar;C:\Users\skaha\.m2\repository\org\apache\commons\commons-compress\1.26.0\commons-compress-1.26.0.jar;C:\Users\skaha\.m2\repository\org\fluentlenium\fluentlenium-core\0.10.2\fluentlenium-core-0.10.2.jar;C:\Users\skaha\.m2\repository\com\jhlabs\filters\2.0.235\filters-2.0.235.jar;C:\Users\skaha\.m2\repository\com\paulhammant\ngwebdriver\1.1.6\ngwebdriver-1.1.6.jar;C:\Users\skaha\.m2\repository\joda-time\joda-time\2.12.5\joda-time-2.12.5.jar;C:\Users\skaha\.m2\repository\org\hamcrest\hamcrest\2.2\hamcrest-2.2.jar;C:\Users\skaha\.m2\repository\com\google\jimfs\jimfs\1.3.0\jimfs-1.3.0.jar;C:\Users\skaha\.m2\repository\org\mockito\mockito-core\3.3.3\mockito-core-3.3.3.jar;C:\Users\skaha\.m2\repository\javax\xml\bind\jaxb-api\2.3.1\jaxb-api-2.3.1.jar;C:\Users\skaha\.m2\repository\javax\activation\javax.activation-api\1.2.0\javax.activation-api-1.2.0.jar;C:\Users\skaha\.m2\repository\com\sun\xml\bind\jaxb-core\2.3.0.1\jaxb-core-2.3.0.1.jar;C:\Users\skaha\.m2\repository\com\sun\xml\bind\jaxb-impl\2.3.3\jaxb-impl-2.3.3.jar;C:\Users\skaha\.m2\repository\jakarta\xml\bind\jakarta.xml.bind-api\2.3.3\jakarta.xml.bind-api-2.3.3.jar;C:\Users\skaha\.m2\repository\com\sun\activation\jakarta.activation\1.2.2\jakarta.activation-1.2.2.jar;C:\Users\skaha\.m2\repository\javax\activation\activation\1.1.1\activation-1.1.1.jar;C:\Users\skaha\.m2\repository\net\serenity-bdd\serenity-cucumber\4.1.6\serenity-cucumber-4.1.6.jar;C:\Users\skaha\.m2\repository\io\cucumber\cucumber-core\7.16.1\cucumber-core-7.16.1.jar;C:\Users\skaha\.m2\repository\io\cucumber\cucumber-gherkin\7.16.1\cucumber-gherkin-7.16.1.jar;C:\Users\skaha\.m2\repository\io\cucumber\cucumber-gherkin-messages\7.16.1\cucumber-gherkin-messages-7.16.1.jar;C:\Users\skaha\.m2\repository\io\cucumber\gherkin\28.0.0\gherkin-28.0.0.jar;C:\Users\skaha\.m2\repository\io\cucumber\messages\24.1.0\messages-24.1.0.jar;C:\Users\skaha\.m2\repository\io\cucumber\tag-expressions\6.1.0\tag-expressions-6.1.0.jar;C:\Users\skaha\.m2\repository\io\cucumber\cucumber-expressions\17.1.0\cucumber-expressions-17.1.0.jar;C:\Users\skaha\.m2\repository\io\cucumber\datatable\7.16.1\datatable-7.16.1.jar;C:\Users\skaha\.m2\repository\io\cucumber\cucumber-plugin\7.16.1\cucumber-plugin-7.16.1.jar;C:\Users\skaha\.m2\repository\io\cucumber\docstring\7.16.1\docstring-7.16.1.jar;C:\Users\skaha\.m2\repository\io\cucumber\html-formatter\21.3.0\html-formatter-21.3.0.jar;C:\Users\skaha\.m2\repository\io\cucumber\junit-xml-formatter\0.3.0\junit-xml-formatter-0.3.0.jar;C:\Users\skaha\.m2\repository\io\cucumber\ci-environment\10.0.1\ci-environment-10.0.1.jar;C:\Users\skaha\.m2\repository\io\cucumber\cucumber-java\7.16.1\cucumber-java-7.16.1.jar;C:\Users\skaha\.m2\repository\io\cucumber\cucumber-junit\7.16.1\cucumber-junit-7.16.1.jar;C:\Users\skaha\.m2\repository\org\apache\commons\commons-csv\1.5\commons-csv-1.5.jar;C:\Users\skaha\.m2\repository\net\serenity-bdd\serenity-screenplay\4.1.6\serenity-screenplay-4.1.6.jar;C:\Users\skaha\.m2\repository\net\serenity-bdd\serenity-screenplay-webdriver\4.1.6\serenity-screenplay-webdriver-4.1.6.jar;C:\Users\skaha\.m2\repository\net\serenity-bdd\serenity-ensure\4.1.6\serenity-ensure-4.1.6.jar;C:\Users\skaha\.m2\repository\org\jetbrains\kotlin\kotlin-stdlib\1.9.23\kotlin-stdlib-1.9.23.jar;C:\Users\skaha\.m2\repository\org\jetbrains\annotations\13.0\annotations-13.0.jar;C:\Users\skaha\.m2\repository\org\junit\platform\junit-platform-launcher\1.10.2\junit-platform-launcher-1.10.2.jar;C:\Users\skaha\.m2\repository\org\junit\platform\junit-platform-engine\1.10.2\junit-platform-engine-1.10.2.jar;C:\Users\skaha\.m2\repository\org\opentest4j\opentest4j\1.3.0\opentest4j-1.3.0.jar;C:\Users\skaha\.m2\repository\org\junit\platform\junit-platform-commons\1.10.2\junit-platform-commons-1.10.2.jar;C:\Users\skaha\.m2\repository\org\apiguardian\apiguardian-api\1.1.2\apiguardian-api-1.1.2.jar;C:\Users\skaha\.m2\repository\io\cucumber\cucumber-junit-platform-engine\7.16.1\cucumber-junit-platform-engine-7.16.1.jar;C:\Users\skaha\.m2\repository\org\junit\platform\junit-platform-suite\1.10.2\junit-platform-suite-1.10.2.jar;C:\Users\skaha\.m2\repository\org\junit\platform\junit-platform-suite-api\1.10.2\junit-platform-suite-api-1.10.2.jar;C:\Users\skaha\.m2\repository\org\junit\platform\junit-platform-suite-engine\1.10.2\junit-platform-suite-engine-1.10.2.jar;C:\Users\skaha\.m2\repository\org\junit\platform\junit-platform-suite-commons\1.10.2\junit-platform-suite-commons-1.10.2.jar;C:\Users\skaha\.m2\repository\org\junit\jupiter\junit-jupiter-engine\5.10.2\junit-jupiter-engine-5.10.2.jar;C:\Users\skaha\.m2\repository\org\junit\jupiter\junit-jupiter-api\5.10.2\junit-jupiter-api-5.10.2.jar;C:\Users\skaha\.m2\repository\org\junit\vintage\junit-vintage-engine\5.10.2\junit-vintage-engine-5.10.2.jar;C:\Users\skaha\.m2\repository\junit\junit\4.13.2\junit-4.13.2.jar;C:\Users\skaha\.m2\repository\org\hamcrest\hamcrest-core\1.3\hamcrest-core-1.3.jar;C:\Users\skaha\.m2\repository\ch\qos\logback\logback-classic\1.2.10\logback-classic-1.2.10.jar;C:\Users\skaha\.m2\repository\ch\qos\logback\logback-core\1.2.10\logback-core-1.2.10.jar;C:\Users\skaha\.m2\repository\org\slf4j\slf4j-api\1.7.32\slf4j-api-1.7.32.jar;C:\Users\skaha\.m2\repository\org\assertj\assertj-core\3.23.1\assertj-core-3.23.1.jar;C:\Users\skaha\.m2\repository\net\bytebuddy\byte-buddy\1.12.10\byte-buddy-1.12.10.jar;"/>
    <property name="sun.cpu.endian" value="little"/>
    <property name="user.home" value="C:\Users\skaha"/>
    <property name="user.language" value="en"/>
    <property name="java.specification.vendor" value="Oracle Corporation"/>
    <property name="java.version.date" value="2023-01-17"/>
    <property name="java.home" value="C:\Program Files\Java\jdk-19"/>
    <property name="file.separator" value="\"/>
    <property name="basedir" value="C:\Users\skaha\IdeaProjects\bdd-soal-prioritas-1"/>
    <property name="java.vm.compressedOopsMode" value="32-bit"/>
    <property name="line.separator" value="&#10;"/>
    <property name="java.vm.specification.vendor" value="Oracle Corporation"/>
    <property name="java.specification.name" value="Java Platform API Specification"/>
    <property name="surefire.real.class.path" value="C:\Users\skaha\AppData\Local\Temp\surefire2559627417467592221\surefirebooter-20240420113337652_3.jar"/>
    <property name="user.script" value=""/>
    <property name="sun.management.compiler" value="HotSpot 64-Bit Tiered Compilers"/>
    <property name="java.runtime.version" value="19.0.2+7-44"/>
    <property name="user.name" value="skaha"/>
    <property name="stdout.encoding" value="Cp1252"/>
    <property name="path.separator" value=";"/>
    <property name="os.version" value="10.0"/>
    <property name="java.runtime.name" value="Java(TM) SE Runtime Environment"/>
    <property name="file.encoding" value="UTF-8"/>
    <property name="webdriver.base.url" value=""/>
    <property name="java.vm.name" value="Java HotSpot(TM) 64-Bit Server VM"/>
    <property name="localRepository" value="C:\Users\skaha\.m2\repository"/>
    <property name="java.vendor.url.bug" value="https://bugreport.java.com/bugreport/"/>
    <property name="java.io.tmpdir" value="C:\Users\skaha\AppData\Local\Temp\"/>
    <property name="java.version" value="19.0.2"/>
    <property name="user.dir" value="C:\Users\skaha\IdeaProjects\bdd-soal-prioritas-1"/>
    <property name="os.arch" value="amd64"/>
    <property name="java.vm.specification.name" value="Java Virtual Machine Specification"/>
    <property name="sun.os.patch.level" value=""/>
    <property name="native.encoding" value="Cp1252"/>
    <property name="java.library.path" value="C:\Program Files\Java\jdk-19\bin;C:\WINDOWS\Sun\Java\bin;C:\WINDOWS\system32;C:\WINDOWS;C:\Program Files\Java\jdk-19\bin;C:\Program Files\Common Files\Oracle\Java\javapath;C:\Program Files (x86)\Common Files\Oracle\Java\javapath;C:\Users\skaha\AppData\Local\Programs\Python\Python311\Scripts;C:\WINDOWS\system32;C:\WINDOWS;C:\WINDOWS\System32\Wbem;C:\WINDOWS\System32\WindowsPowerShell\v1.0\;C:\WINDOWS\System32\OpenSSH\;C:\Program Files\Git\cmd;C:\Program Files\Docker\Docker\resources\bin;C:\Maven\apache-maven-3.9.6\bin;C:\Program Files\nodejs\;C:\Users\skaha\AppData\Roaming\npm;C:\Program Files\PowerShell\7\;C:\Program Files\Java\jdk-19\bin;C:\Users\skaha\AppData\Local\Programs\Python\Python311\Scripts\;C:\Users\skaha\AppData\Local\Programs\Python\Python311\;C:\Users\skaha\AppData\Local\Programs\Python\Python311\Scripts;C:\Users\skaha\AppData\Local\Microsoft\WindowsApps;C:\altera\13.0sp1\modelsim_ase\win32aloem;C:\altera\13.0sp1\modelsim_ae\win32aloem;C:\Users\skaha\AppData\Local\Programs\Microsoft VS Code\bin;C:\Users\skaha\AppData\Roaming\npm;;."/>
    <property name="java.vm.info" value="mixed mode, sharing"/>
    <property name="stderr.encoding" value="Cp1252"/>
    <property name="java.vendor" value="Oracle Corporation"/>
    <property name="java.vm.version" value="19.0.2+7-44"/>
    <property name="sun.io.unicode.encoding" value="UnicodeLittle"/>
    <property name="java.class.version" value="63.0"/>
  </properties>
  <testcase name="Create a Text Post" classname="Create Post" time="1.085">
    <system-out><![CDATA[11:33:40.808 [main] DEBUG io.cucumber.core.plugin.SerenityReporter - SRP:handleTestRunStarted Thread[#1,main,5,main] 
11:33:41.372 [main] DEBUG io.cucumber.core.plugin.SerenityReporter - SRP:handleTestSourceRead Thread[#1,main,5,main]
11:33:41.387 [main] DEBUG io.cucumber.core.plugin.SerenityReporter - Running feature from classpath:features/HomePage.feature
11:33:41.520 [main] INFO  - 

-------------------------------------------------------------------------------------
     _______. _______ .______       _______ .__   __.  __  .___________.____    ____ 
    /       ||   ____||   _  \     |   ____||  \ |  | |  | |           |\   \  /   / 
   |   (----`|  |__   |  |_)  |    |  |__   |   \|  | |  | `---|  |----` \   \/   /  
    \   \    |   __|  |      /     |   __|  |  . `  | |  |     |  |       \_    _/   
.----)   |   |  |____ |  |\  \----.|  |____ |  |\   | |  |     |  |         |  |     
|_______/    |_______|| _| `._____||_______||__| \__| |__|     |__|         |__|    
                                                                                     
 News and tutorials at https://serenity-bdd.info                                     
 Documentation at https://serenity-bdd.github.io                                     
 Test Automation Training and Coaching: https://www.serenity-dojo.com                
 Commercial Support: https://www.serenity-dojo.com/serenity-bdd-enterprise-support   
 Join the Serenity Community on Gitter: https://gitter.im/serenity-bdd/serenity-core 
-------------------------------------------------------------------------------------

11:33:41.546 [main] DEBUG net.thucydides.core.steps.StepEventBus - Test suite started for story net.thucydides.model.domain.Story@d55db36b
11:33:41.552 [main] INFO  - Test Suite Started: Create Post
11:33:41.901 [main] DEBUG io.cucumber.core.plugin.SerenityReporter - SRP:handleTestCaseStarted classpath:features/HomePage.feature Thread[#1,main,5,main] ea39e89f-f2ee-4b5a-bf7c-4ea4dc1d6a6a at line 6
11:33:41.901 [main] DEBUG net.thucydides.core.steps.session.TestSession - SRP:SessionStart: id ea39e89f-f2ee-4b5a-bf7c-4ea4dc1d6a6a
11:33:41.917 [main] DEBUG io.cucumber.core.plugin.SerenityReporter - Running feature from classpath:features/HomePage.feature
11:33:41.920 [main] DEBUG io.cucumber.core.plugin.ScenarioContextParallel - SRP:addHighPriorityStepEventBusEvent net.thucydides.core.steps.events.SetTestSourceEvent@2b4c3c29 Thread[#1,main,5,main] Create Post;create-a-text-post
11:33:41.920 [main] DEBUG io.cucumber.core.plugin.SerenityReporter - SRP:startScenario classpath:features/HomePage.feature Thread[#1,main,5,main] ea39e89f-f2ee-4b5a-bf7c-4ea4dc1d6a6a at line 6
11:33:41.935 [main] DEBUG io.cucumber.core.plugin.ScenarioContextParallel - SRP:addHighPriorityStepEventBusEvent EventBusEvent TEST_STARTED_EVENT with name Create a Text Post create-post;create-a-text-post Thread[#1,main,5,main] Create Post;create-a-text-post
11:33:41.935 [main] DEBUG net.thucydides.core.steps.session.TestSession - SRP:SessionAddEvent: id ea39e89f-f2ee-4b5a-bf7c-4ea4dc1d6a6a net.thucydides.core.steps.events.AddDescriptionToCurrentTestEvent@1698d7c0
11:33:41.951 [main] DEBUG net.thucydides.core.steps.session.TestSession - SRP:SessionAddEvent: id ea39e89f-f2ee-4b5a-bf7c-4ea4dc1d6a6a EventBusEvent ADD_TAGS_TO_CURRENT_TEST_EVENT []
11:33:41.951 [main] DEBUG net.thucydides.core.steps.session.TestSession - SRP:SessionAddEvent: id ea39e89f-f2ee-4b5a-bf7c-4ea4dc1d6a6a EventBusEvent ADD_TAGS_TO_CURRENT_TEST_EVENT []
11:33:41.951 [main] DEBUG net.thucydides.core.steps.session.TestSession - SRP:SessionAddEvent: id ea39e89f-f2ee-4b5a-bf7c-4ea4dc1d6a6a EventBusEvent ADD_TAGS_TO_CURRENT_TEST_EVENT []

Scenario: Create a Text Post                                      &amp#27;[90m# features/HomePage.feature:6&amp#27;[0m
11:33:41.970 [main] DEBUG io.cucumber.core.plugin.SerenityReporter - Running feature from classpath:features/HomePage.feature
11:33:41.970 [main] DEBUG io.cucumber.core.plugin.SerenityReporter - SRP:handleTestStepStarted  classpath:features/HomePage.feature Thread[#1,main,5,main] ea39e89f-f2ee-4b5a-bf7c-4ea4dc1d6a6a at line 6
11:33:41.985 [main] DEBUG net.thucydides.core.steps.session.TestSession - SRP:SessionAddEvent: id ea39e89f-f2ee-4b5a-bf7c-4ea4dc1d6a6a EventBusEvent STEP_STARTED_EVENT Given I am on the LinkedIn homepage Given I am on the LinkedIn homepage
11:33:41.985 [main] DEBUG net.thucydides.core.steps.session.TestSession - SRP:SessionAddEvent: id ea39e89f-f2ee-4b5a-bf7c-4ea4dc1d6a6a net.thucydides.core.steps.events.UpdateCurrentStepTitleEvent@652ce654
11:33:42.717 [main] DEBUG io.cucumber.core.plugin.SerenityReporter - SRP:handleTestStepFinished  classpath:features/HomePage.feature Thread[#1,main,5,main] ea39e89f-f2ee-4b5a-bf7c-4ea4dc1d6a6a at line 6
11:33:42.717 [main] DEBUG io.cucumber.core.plugin.SerenityReporter - Running feature from classpath:features/HomePage.feature
11:33:42.801 [main] DEBUG net.thucydides.core.steps.session.TestSession - SRP:SessionAddEvent: id ea39e89f-f2ee-4b5a-bf7c-4ea4dc1d6a6a net.serenitybdd.cucumber.events.StepFinishedWithResultEvent@422b8438
  &amp#27;[32mGiven &amp#27;[0m&amp#27;[32mI am on the LinkedIn homepage&amp#27;[0m                             &amp#27;[90m# STARTER.stepdefinition.HomePageSteps.onLinkedInHomePage()&amp#27;[0m
11:33:42.807 [main] DEBUG io.cucumber.core.plugin.SerenityReporter - Running feature from classpath:features/HomePage.feature
11:33:42.807 [main] DEBUG io.cucumber.core.plugin.SerenityReporter - SRP:handleTestStepStarted  classpath:features/HomePage.feature Thread[#1,main,5,main] ea39e89f-f2ee-4b5a-bf7c-4ea4dc1d6a6a at line 6
11:33:42.812 [main] DEBUG net.thucydides.core.steps.session.TestSession - SRP:SessionAddEvent: id ea39e89f-f2ee-4b5a-bf7c-4ea4dc1d6a6a EventBusEvent STEP_STARTED_EVENT When I click on the "Start a post" field When I click on the "Start a post" field
11:33:42.812 [main] DEBUG net.thucydides.core.steps.session.TestSession - SRP:SessionAddEvent: id ea39e89f-f2ee-4b5a-bf7c-4ea4dc1d6a6a net.thucydides.core.steps.events.UpdateCurrentStepTitleEvent@69fa8e76
11:33:42.813 [main] DEBUG io.cucumber.core.plugin.SerenityReporter - SRP:handleTestStepFinished  classpath:features/HomePage.feature Thread[#1,main,5,main] ea39e89f-f2ee-4b5a-bf7c-4ea4dc1d6a6a at line 6
11:33:42.813 [main] DEBUG io.cucumber.core.plugin.SerenityReporter - Running feature from classpath:features/HomePage.feature
11:33:42.813 [main] DEBUG net.thucydides.core.steps.session.TestSession - SRP:SessionAddEvent: id ea39e89f-f2ee-4b5a-bf7c-4ea4dc1d6a6a net.serenitybdd.cucumber.events.StepFinishedWithResultEvent@bdd2027
  &amp#27;[32mWhen &amp#27;[0m&amp#27;[32mI click on the "Start a post" field&amp#27;[0m                        &amp#27;[90m# STARTER.stepdefinition.HomePageSteps.clickStartAPostField()&amp#27;[0m
11:33:42.813 [main] DEBUG io.cucumber.core.plugin.SerenityReporter - Running feature from classpath:features/HomePage.feature
11:33:42.813 [main] DEBUG io.cucumber.core.plugin.SerenityReporter - SRP:handleTestStepStarted  classpath:features/HomePage.feature Thread[#1,main,5,main] ea39e89f-f2ee-4b5a-bf7c-4ea4dc1d6a6a at line 6
11:33:42.813 [main] DEBUG net.thucydides.core.steps.session.TestSession - SRP:SessionAddEvent: id ea39e89f-f2ee-4b5a-bf7c-4ea4dc1d6a6a EventBusEvent STEP_STARTED_EVENT And I enter text content for my post And I enter text content for my post
11:33:42.813 [main] DEBUG net.thucydides.core.steps.session.TestSession - SRP:SessionAddEvent: id ea39e89f-f2ee-4b5a-bf7c-4ea4dc1d6a6a net.thucydides.core.steps.events.UpdateCurrentStepTitleEvent@31f20c9f
11:33:42.813 [main] DEBUG io.cucumber.core.plugin.SerenityReporter - SRP:handleTestStepFinished  classpath:features/HomePage.feature Thread[#1,main,5,main] ea39e89f-f2ee-4b5a-bf7c-4ea4dc1d6a6a at line 6
11:33:42.813 [main] DEBUG io.cucumber.core.plugin.SerenityReporter - Running feature from classpath:features/HomePage.feature
11:33:42.817 [main] DEBUG net.thucydides.core.steps.session.TestSession - SRP:SessionAddEvent: id ea39e89f-f2ee-4b5a-bf7c-4ea4dc1d6a6a net.serenitybdd.cucumber.events.StepFinishedWithResultEvent@f446158
  &amp#27;[32mAnd &amp#27;[0m&amp#27;[32mI enter text content for my post&amp#27;[0m                            &amp#27;[90m# STARTER.stepdefinition.HomePageSteps.enterPostTextContent()&amp#27;[0m
11:33:42.818 [main] DEBUG io.cucumber.core.plugin.SerenityReporter - Running feature from classpath:features/HomePage.feature
11:33:42.819 [main] DEBUG io.cucumber.core.plugin.SerenityReporter - SRP:handleTestStepStarted  classpath:features/HomePage.feature Thread[#1,main,5,main] ea39e89f-f2ee-4b5a-bf7c-4ea4dc1d6a6a at line 6
11:33:42.819 [main] DEBUG net.thucydides.core.steps.session.TestSession - SRP:SessionAddEvent: id ea39e89f-f2ee-4b5a-bf7c-4ea4dc1d6a6a EventBusEvent STEP_STARTED_EVENT When I click the "Post" button When I click the "Post" button
11:33:42.819 [main] DEBUG net.thucydides.core.steps.session.TestSession - SRP:SessionAddEvent: id ea39e89f-f2ee-4b5a-bf7c-4ea4dc1d6a6a net.thucydides.core.steps.events.UpdateCurrentStepTitleEvent@32f0c7f8
11:33:42.821 [main] DEBUG io.cucumber.core.plugin.SerenityReporter - SRP:handleTestStepFinished  classpath:features/HomePage.feature Thread[#1,main,5,main] ea39e89f-f2ee-4b5a-bf7c-4ea4dc1d6a6a at line 6
11:33:42.821 [main] DEBUG io.cucumber.core.plugin.SerenityReporter - Running feature from classpath:features/HomePage.feature
11:33:42.821 [main] DEBUG net.thucydides.core.steps.session.TestSession - SRP:SessionAddEvent: id ea39e89f-f2ee-4b5a-bf7c-4ea4dc1d6a6a net.serenitybdd.cucumber.events.StepFinishedWithResultEvent@504e1599
  &amp#27;[32mWhen &amp#27;[0m&amp#27;[32mI click the "Post" button&amp#27;[0m                                  &amp#27;[90m# STARTER.stepdefinition.HomePageSteps.clickPostButton()&amp#27;[0m
11:33:42.821 [main] DEBUG io.cucumber.core.plugin.SerenityReporter - Running feature from classpath:features/HomePage.feature
11:33:42.821 [main] DEBUG io.cucumber.core.plugin.SerenityReporter - SRP:handleTestStepStarted  classpath:features/HomePage.feature Thread[#1,main,5,main] ea39e89f-f2ee-4b5a-bf7c-4ea4dc1d6a6a at line 6
11:33:42.821 [main] DEBUG net.thucydides.core.steps.session.TestSession - SRP:SessionAddEvent: id ea39e89f-f2ee-4b5a-bf7c-4ea4dc1d6a6a EventBusEvent STEP_STARTED_EVENT Then My text post is successfully published on my LinkedIn feed Then My text post is successfully published on my LinkedIn feed
11:33:42.821 [main] DEBUG net.thucydides.core.steps.session.TestSession - SRP:SessionAddEvent: id ea39e89f-f2ee-4b5a-bf7c-4ea4dc1d6a6a net.thucydides.core.steps.events.UpdateCurrentStepTitleEvent@71f96dfb
11:33:42.821 [main] DEBUG io.cucumber.core.plugin.SerenityReporter - SRP:handleTestStepFinished  classpath:features/HomePage.feature Thread[#1,main,5,main] ea39e89f-f2ee-4b5a-bf7c-4ea4dc1d6a6a at line 6
11:33:42.821 [main] DEBUG io.cucumber.core.plugin.SerenityReporter - Running feature from classpath:features/HomePage.feature
11:33:42.821 [main] DEBUG net.thucydides.core.steps.session.TestSession - SRP:SessionAddEvent: id ea39e89f-f2ee-4b5a-bf7c-4ea4dc1d6a6a net.serenitybdd.cucumber.events.StepFinishedWithResultEvent@5d1b9c3d
  &amp#27;[32mThen &amp#27;[0m&amp#27;[32mMy text post is successfully published on my LinkedIn feed&amp#27;[0m &amp#27;[90m# STARTER.stepdefinition.HomePageSteps.verifyPostPublished()&amp#27;[0m
11:33:42.821 [main] DEBUG io.cucumber.core.plugin.SerenityReporter - SRP:handleTestCaseFinished  classpath:features/HomePage.feature Thread[#1,main,5,main] ea39e89f-f2ee-4b5a-bf7c-4ea4dc1d6a6a at line 6
11:33:42.821 [main] DEBUG io.cucumber.core.plugin.SerenityReporter - Running feature from classpath:features/HomePage.feature
11:33:42.821 [main] DEBUG net.thucydides.core.steps.session.TestSession - SRP:SessionAddEvent: id ea39e89f-f2ee-4b5a-bf7c-4ea4dc1d6a6a EventBusEvent TEST_FINISHED_EVENT  false scenario Create Post;create-a-text-post
11:33:42.821 [main] DEBUG net.thucydides.core.steps.session.TestSession - SRP:SessionEnd: id ea39e89f-f2ee-4b5a-bf7c-4ea4dc1d6a6a
]]></system-out>
  </testcase>
  <testcase name="Cancel Post Creation" classname="Create Post" time="0.049">
    <system-out><![CDATA[11:33:42.852 [main] DEBUG io.cucumber.core.plugin.SerenityReporter - SRP:handleTestCaseStarted classpath:features/HomePage.feature Thread[#1,main,5,main] 5cde3d71-d034-4e21-8867-50efe641618b at line 13
11:33:42.867 [main] DEBUG net.thucydides.core.steps.session.TestSession - SRP:SessionStart: id 5cde3d71-d034-4e21-8867-50efe641618b
11:33:42.867 [main] DEBUG io.cucumber.core.plugin.SerenityReporter - Running feature from classpath:features/HomePage.feature
11:33:42.870 [main] DEBUG io.cucumber.core.plugin.ScenarioContextParallel - SRP:addHighPriorityStepEventBusEvent net.thucydides.core.steps.events.SetTestSourceEvent@c6da8bb Thread[#1,main,5,main] Create Post;cancel-post-creation
11:33:42.870 [main] DEBUG io.cucumber.core.plugin.SerenityReporter - SRP:startScenario classpath:features/HomePage.feature Thread[#1,main,5,main] 5cde3d71-d034-4e21-8867-50efe641618b at line 13
11:33:42.870 [main] DEBUG io.cucumber.core.plugin.ScenarioContextParallel - SRP:addHighPriorityStepEventBusEvent EventBusEvent TEST_STARTED_EVENT with name Cancel Post Creation create-post;cancel-post-creation Thread[#1,main,5,main] Create Post;cancel-post-creation
11:33:42.870 [main] DEBUG net.thucydides.core.steps.session.TestSession - SRP:SessionAddEvent: id 5cde3d71-d034-4e21-8867-50efe641618b net.thucydides.core.steps.events.AddDescriptionToCurrentTestEvent@3bae64d0
11:33:42.870 [main] DEBUG net.thucydides.core.steps.session.TestSession - SRP:SessionAddEvent: id 5cde3d71-d034-4e21-8867-50efe641618b EventBusEvent ADD_TAGS_TO_CURRENT_TEST_EVENT []
11:33:42.870 [main] DEBUG net.thucydides.core.steps.session.TestSession - SRP:SessionAddEvent: id 5cde3d71-d034-4e21-8867-50efe641618b EventBusEvent ADD_TAGS_TO_CURRENT_TEST_EVENT []
11:33:42.870 [main] DEBUG net.thucydides.core.steps.session.TestSession - SRP:SessionAddEvent: id 5cde3d71-d034-4e21-8867-50efe641618b EventBusEvent ADD_TAGS_TO_CURRENT_TEST_EVENT []

Scenario: Cancel Post Creation                                                                 &amp#27;[90m# features/HomePage.feature:13&amp#27;[0m
11:33:42.875 [main] DEBUG io.cucumber.core.plugin.SerenityReporter - Running feature from classpath:features/HomePage.feature
11:33:42.875 [main] DEBUG io.cucumber.core.plugin.SerenityReporter - SRP:handleTestStepStarted  classpath:features/HomePage.feature Thread[#1,main,5,main] 5cde3d71-d034-4e21-8867-50efe641618b at line 13
11:33:42.875 [main] DEBUG net.thucydides.core.steps.session.TestSession - SRP:SessionAddEvent: id 5cde3d71-d034-4e21-8867-50efe641618b EventBusEvent STEP_STARTED_EVENT Given I am on the LinkedIn homepage Given I am on the LinkedIn homepage
11:33:42.875 [main] DEBUG net.thucydides.core.steps.session.TestSession - SRP:SessionAddEvent: id 5cde3d71-d034-4e21-8867-50efe641618b net.thucydides.core.steps.events.UpdateCurrentStepTitleEvent@3874b815
11:33:42.875 [main] DEBUG io.cucumber.core.plugin.SerenityReporter - SRP:handleTestStepFinished  classpath:features/HomePage.feature Thread[#1,main,5,main] 5cde3d71-d034-4e21-8867-50efe641618b at line 13
11:33:42.875 [main] DEBUG io.cucumber.core.plugin.SerenityReporter - Running feature from classpath:features/HomePage.feature
11:33:42.875 [main] DEBUG net.thucydides.core.steps.session.TestSession - SRP:SessionAddEvent: id 5cde3d71-d034-4e21-8867-50efe641618b net.serenitybdd.cucumber.events.StepFinishedWithResultEvent@47b179d7
  &amp#27;[32mGiven &amp#27;[0m&amp#27;[32mI am on the LinkedIn homepage&amp#27;[0m                                                          &amp#27;[90m# STARTER.stepdefinition.HomePageSteps.onLinkedInHomePage()&amp#27;[0m
11:33:42.875 [main] DEBUG io.cucumber.core.plugin.SerenityReporter - Running feature from classpath:features/HomePage.feature
11:33:42.875 [main] DEBUG io.cucumber.core.plugin.SerenityReporter - SRP:handleTestStepStarted  classpath:features/HomePage.feature Thread[#1,main,5,main] 5cde3d71-d034-4e21-8867-50efe641618b at line 13
11:33:42.882 [main] DEBUG net.thucydides.core.steps.session.TestSession - SRP:SessionAddEvent: id 5cde3d71-d034-4e21-8867-50efe641618b EventBusEvent STEP_STARTED_EVENT When I click on the "Start a post" field When I click on the "Start a post" field
11:33:42.882 [main] DEBUG net.thucydides.core.steps.session.TestSession - SRP:SessionAddEvent: id 5cde3d71-d034-4e21-8867-50efe641618b net.thucydides.core.steps.events.UpdateCurrentStepTitleEvent@39008c9f
11:33:42.882 [main] DEBUG io.cucumber.core.plugin.SerenityReporter - SRP:handleTestStepFinished  classpath:features/HomePage.feature Thread[#1,main,5,main] 5cde3d71-d034-4e21-8867-50efe641618b at line 13
11:33:42.882 [main] DEBUG io.cucumber.core.plugin.SerenityReporter - Running feature from classpath:features/HomePage.feature
11:33:42.882 [main] DEBUG net.thucydides.core.steps.session.TestSession - SRP:SessionAddEvent: id 5cde3d71-d034-4e21-8867-50efe641618b net.serenitybdd.cucumber.events.StepFinishedWithResultEvent@162b3d47
  &amp#27;[32mWhen &amp#27;[0m&amp#27;[32mI click on the "Start a post" field&amp#27;[0m                                                     &amp#27;[90m# STARTER.stepdefinition.HomePageSteps.clickStartAPostField()&amp#27;[0m
11:33:42.885 [main] DEBUG io.cucumber.core.plugin.SerenityReporter - Running feature from classpath:features/HomePage.feature
11:33:42.885 [main] DEBUG io.cucumber.core.plugin.SerenityReporter - SRP:handleTestStepStarted  classpath:features/HomePage.feature Thread[#1,main,5,main] 5cde3d71-d034-4e21-8867-50efe641618b at line 13
11:33:42.885 [main] DEBUG net.thucydides.core.steps.session.TestSession - SRP:SessionAddEvent: id 5cde3d71-d034-4e21-8867-50efe641618b EventBusEvent STEP_STARTED_EVENT And I enter text content for my post And I enter text content for my post
11:33:42.885 [main] DEBUG net.thucydides.core.steps.session.TestSession - SRP:SessionAddEvent: id 5cde3d71-d034-4e21-8867-50efe641618b net.thucydides.core.steps.events.UpdateCurrentStepTitleEvent@783115d9
11:33:42.885 [main] DEBUG io.cucumber.core.plugin.SerenityReporter - SRP:handleTestStepFinished  classpath:features/HomePage.feature Thread[#1,main,5,main] 5cde3d71-d034-4e21-8867-50efe641618b at line 13
11:33:42.887 [main] DEBUG io.cucumber.core.plugin.SerenityReporter - Running feature from classpath:features/HomePage.feature
11:33:42.888 [main] DEBUG net.thucydides.core.steps.session.TestSession - SRP:SessionAddEvent: id 5cde3d71-d034-4e21-8867-50efe641618b net.serenitybdd.cucumber.events.StepFinishedWithResultEvent@3402b4c9
  &amp#27;[32mAnd &amp#27;[0m&amp#27;[32mI enter text content for my post&amp#27;[0m                                                         &amp#27;[90m# STARTER.stepdefinition.HomePageSteps.enterPostTextContent()&amp#27;[0m
11:33:42.888 [main] DEBUG io.cucumber.core.plugin.SerenityReporter - Running feature from classpath:features/HomePage.feature
11:33:42.888 [main] DEBUG io.cucumber.core.plugin.SerenityReporter - SRP:handleTestStepStarted  classpath:features/HomePage.feature Thread[#1,main,5,main] 5cde3d71-d034-4e21-8867-50efe641618b at line 13
11:33:42.888 [main] DEBUG net.thucydides.core.steps.session.TestSession - SRP:SessionAddEvent: id 5cde3d71-d034-4e21-8867-50efe641618b EventBusEvent STEP_STARTED_EVENT When I click the "X" button When I click the "X" button
11:33:42.888 [main] DEBUG net.thucydides.core.steps.session.TestSession - SRP:SessionAddEvent: id 5cde3d71-d034-4e21-8867-50efe641618b net.thucydides.core.steps.events.UpdateCurrentStepTitleEvent@95bb2a2
11:33:42.890 [main] DEBUG io.cucumber.core.plugin.SerenityReporter - SRP:handleTestStepFinished  classpath:features/HomePage.feature Thread[#1,main,5,main] 5cde3d71-d034-4e21-8867-50efe641618b at line 13
11:33:42.890 [main] DEBUG io.cucumber.core.plugin.SerenityReporter - Running feature from classpath:features/HomePage.feature
11:33:42.891 [main] DEBUG net.thucydides.core.steps.session.TestSession - SRP:SessionAddEvent: id 5cde3d71-d034-4e21-8867-50efe641618b net.serenitybdd.cucumber.events.StepFinishedWithResultEvent@46d567cb
  &amp#27;[32mWhen &amp#27;[0m&amp#27;[32mI click the "X" button&amp#27;[0m                                                                  &amp#27;[90m# STARTER.stepdefinition.HomePageSteps.clickDiscardButton()&amp#27;[0m
11:33:42.891 [main] DEBUG io.cucumber.core.plugin.SerenityReporter - Running feature from classpath:features/HomePage.feature
11:33:42.891 [main] DEBUG io.cucumber.core.plugin.SerenityReporter - SRP:handleTestStepStarted  classpath:features/HomePage.feature Thread[#1,main,5,main] 5cde3d71-d034-4e21-8867-50efe641618b at line 13
11:33:42.891 [main] DEBUG net.thucydides.core.steps.session.TestSession - SRP:SessionAddEvent: id 5cde3d71-d034-4e21-8867-50efe641618b EventBusEvent STEP_STARTED_EVENT Then A confirmation dialog appears asking me to confirm discarding the post or save as draft Then A confirmation dialog appears asking me to confirm discarding the post or save as draft
11:33:42.891 [main] DEBUG net.thucydides.core.steps.session.TestSession - SRP:SessionAddEvent: id 5cde3d71-d034-4e21-8867-50efe641618b net.thucydides.core.steps.events.UpdateCurrentStepTitleEvent@363a3d15
11:33:42.891 [main] DEBUG io.cucumber.core.plugin.SerenityReporter - SRP:handleTestStepFinished  classpath:features/HomePage.feature Thread[#1,main,5,main] 5cde3d71-d034-4e21-8867-50efe641618b at line 13
11:33:42.891 [main] DEBUG io.cucumber.core.plugin.SerenityReporter - Running feature from classpath:features/HomePage.feature
11:33:42.891 [main] DEBUG net.thucydides.core.steps.session.TestSession - SRP:SessionAddEvent: id 5cde3d71-d034-4e21-8867-50efe641618b net.serenitybdd.cucumber.events.StepFinishedWithResultEvent@173f73e7
  &amp#27;[32mThen &amp#27;[0m&amp#27;[32mA confirmation dialog appears asking me to confirm discarding the post or save as draft&amp#27;[0m &amp#27;[90m# STARTER.stepdefinition.HomePageSteps.verifyDiscardConfirmationDialog()&amp#27;[0m
11:33:42.891 [main] DEBUG io.cucumber.core.plugin.SerenityReporter - Running feature from classpath:features/HomePage.feature
11:33:42.891 [main] DEBUG io.cucumber.core.plugin.SerenityReporter - SRP:handleTestStepStarted  classpath:features/HomePage.feature Thread[#1,main,5,main] 5cde3d71-d034-4e21-8867-50efe641618b at line 13
11:33:42.895 [main] DEBUG net.thucydides.core.steps.session.TestSession - SRP:SessionAddEvent: id 5cde3d71-d034-4e21-8867-50efe641618b EventBusEvent STEP_STARTED_EVENT When I confirm discarding the post When I confirm discarding the post
11:33:42.895 [main] DEBUG net.thucydides.core.steps.session.TestSession - SRP:SessionAddEvent: id 5cde3d71-d034-4e21-8867-50efe641618b net.thucydides.core.steps.events.UpdateCurrentStepTitleEvent@43a51d00
11:33:42.895 [main] DEBUG io.cucumber.core.plugin.SerenityReporter - SRP:handleTestStepFinished  classpath:features/HomePage.feature Thread[#1,main,5,main] 5cde3d71-d034-4e21-8867-50efe641618b at line 13
11:33:42.895 [main] DEBUG io.cucumber.core.plugin.SerenityReporter - Running feature from classpath:features/HomePage.feature
11:33:42.896 [main] DEBUG net.thucydides.core.steps.session.TestSession - SRP:SessionAddEvent: id 5cde3d71-d034-4e21-8867-50efe641618b net.serenitybdd.cucumber.events.StepFinishedWithResultEvent@2e23c180
  &amp#27;[32mWhen &amp#27;[0m&amp#27;[32mI confirm discarding the post&amp#27;[0m                                                           &amp#27;[90m# STARTER.stepdefinition.HomePageSteps.confirmDiscardPost()&amp#27;[0m
11:33:42.896 [main] DEBUG io.cucumber.core.plugin.SerenityReporter - Running feature from classpath:features/HomePage.feature
11:33:42.896 [main] DEBUG io.cucumber.core.plugin.SerenityReporter - SRP:handleTestStepStarted  classpath:features/HomePage.feature Thread[#1,main,5,main] 5cde3d71-d034-4e21-8867-50efe641618b at line 13
11:33:42.896 [main] DEBUG net.thucydides.core.steps.session.TestSession - SRP:SessionAddEvent: id 5cde3d71-d034-4e21-8867-50efe641618b EventBusEvent STEP_STARTED_EVENT Then The post creation process is cancelled Then The post creation process is cancelled
11:33:42.896 [main] DEBUG net.thucydides.core.steps.session.TestSession - SRP:SessionAddEvent: id 5cde3d71-d034-4e21-8867-50efe641618b net.thucydides.core.steps.events.UpdateCurrentStepTitleEvent@499683c4
11:33:42.896 [main] DEBUG io.cucumber.core.plugin.SerenityReporter - SRP:handleTestStepFinished  classpath:features/HomePage.feature Thread[#1,main,5,main] 5cde3d71-d034-4e21-8867-50efe641618b at line 13
11:33:42.896 [main] DEBUG io.cucumber.core.plugin.SerenityReporter - Running feature from classpath:features/HomePage.feature
11:33:42.896 [main] DEBUG net.thucydides.core.steps.session.TestSession - SRP:SessionAddEvent: id 5cde3d71-d034-4e21-8867-50efe641618b net.serenitybdd.cucumber.events.StepFinishedWithResultEvent@25da615a
  &amp#27;[32mThen &amp#27;[0m&amp#27;[32mThe post creation process is cancelled&amp#27;[0m                                                  &amp#27;[90m# STARTER.stepdefinition.HomePageSteps.verifyPostCreationCancelled()&amp#27;[0m
11:33:42.901 [main] DEBUG io.cucumber.core.plugin.SerenityReporter - Running feature from classpath:features/HomePage.feature
11:33:42.901 [main] DEBUG io.cucumber.core.plugin.SerenityReporter - SRP:handleTestStepStarted  classpath:features/HomePage.feature Thread[#1,main,5,main] 5cde3d71-d034-4e21-8867-50efe641618b at line 13
11:33:42.901 [main] DEBUG net.thucydides.core.steps.session.TestSession - SRP:SessionAddEvent: id 5cde3d71-d034-4e21-8867-50efe641618b EventBusEvent STEP_STARTED_EVENT And I am returned to the LinkedIn homepage without the post being published And I am returned to the LinkedIn homepage without the post being published
11:33:42.901 [main] DEBUG net.thucydides.core.steps.session.TestSession - SRP:SessionAddEvent: id 5cde3d71-d034-4e21-8867-50efe641618b net.thucydides.core.steps.events.UpdateCurrentStepTitleEvent@4efc25fc
11:33:42.901 [main] DEBUG io.cucumber.core.plugin.SerenityReporter - SRP:handleTestStepFinished  classpath:features/HomePage.feature Thread[#1,main,5,main] 5cde3d71-d034-4e21-8867-50efe641618b at line 13
11:33:42.901 [main] DEBUG io.cucumber.core.plugin.SerenityReporter - Running feature from classpath:features/HomePage.feature
11:33:42.901 [main] DEBUG net.thucydides.core.steps.session.TestSession - SRP:SessionAddEvent: id 5cde3d71-d034-4e21-8867-50efe641618b net.serenitybdd.cucumber.events.StepFinishedWithResultEvent@7ee3d262
  &amp#27;[32mAnd &amp#27;[0m&amp#27;[32mI am returned to the LinkedIn homepage without the post being published&amp#27;[0m                  &amp#27;[90m# STARTER.stepdefinition.HomePageSteps.verifyReturnedToHomePage()&amp#27;[0m
11:33:42.901 [main] DEBUG io.cucumber.core.plugin.SerenityReporter - SRP:handleTestCaseFinished  classpath:features/HomePage.feature Thread[#1,main,5,main] 5cde3d71-d034-4e21-8867-50efe641618b at line 13
11:33:42.901 [main] DEBUG io.cucumber.core.plugin.SerenityReporter - Running feature from classpath:features/HomePage.feature
11:33:42.901 [main] DEBUG net.thucydides.core.steps.session.TestSession - SRP:SessionAddEvent: id 5cde3d71-d034-4e21-8867-50efe641618b EventBusEvent TEST_FINISHED_EVENT  false scenario Create Post;cancel-post-creation
11:33:42.901 [main] DEBUG net.thucydides.core.steps.session.TestSession - SRP:SessionEnd: id 5cde3d71-d034-4e21-8867-50efe641618b
]]></system-out>
  </testcase>
  <testcase name="Successful Registration" classname="New User Registration" time="0.058">
    <system-out><![CDATA[11:33:42.901 [main] DEBUG io.cucumber.core.plugin.SerenityReporter - SRP:handleTestSourceRead Thread[#1,main,5,main]
11:33:42.901 [main] DEBUG io.cucumber.core.plugin.SerenityReporter - Running feature from classpath:features/Register.feature
11:33:42.901 [main] DEBUG net.thucydides.core.steps.StepEventBus - Test suite started for story net.thucydides.model.domain.Story@507b060b
11:33:42.901 [main] INFO  - Test Suite Started: New User Registration
11:33:42.922 [main] DEBUG io.cucumber.core.plugin.SerenityReporter - SRP:handleTestCaseStarted classpath:features/Register.feature Thread[#1,main,5,main] 09a6320e-484a-4de6-8650-b8481b11e76a at line 6
11:33:42.922 [main] DEBUG net.thucydides.core.steps.session.TestSession - SRP:SessionStart: id 09a6320e-484a-4de6-8650-b8481b11e76a
11:33:42.922 [main] DEBUG io.cucumber.core.plugin.SerenityReporter - Running feature from classpath:features/Register.feature
11:33:42.931 [main] DEBUG io.cucumber.core.plugin.ScenarioContextParallel - SRP:addHighPriorityStepEventBusEvent net.thucydides.core.steps.events.SetTestSourceEvent@6009bea Thread[#1,main,5,main] New User Registration;successful-registration
11:33:42.931 [main] DEBUG io.cucumber.core.plugin.SerenityReporter - SRP:startScenario classpath:features/Register.feature Thread[#1,main,5,main] 09a6320e-484a-4de6-8650-b8481b11e76a at line 6
11:33:42.931 [main] DEBUG io.cucumber.core.plugin.ScenarioContextParallel - SRP:addHighPriorityStepEventBusEvent EventBusEvent TEST_STARTED_EVENT with name Successful Registration new-user-registration;successful-registration Thread[#1,main,5,main] New User Registration;successful-registration
11:33:42.931 [main] DEBUG net.thucydides.core.steps.session.TestSession - SRP:SessionAddEvent: id 09a6320e-484a-4de6-8650-b8481b11e76a net.thucydides.core.steps.events.AddDescriptionToCurrentTestEvent@7bc6d27a
11:33:42.931 [main] DEBUG net.thucydides.core.steps.session.TestSession - SRP:SessionAddEvent: id 09a6320e-484a-4de6-8650-b8481b11e76a EventBusEvent ADD_TAGS_TO_CURRENT_TEST_EVENT []
11:33:42.931 [main] DEBUG net.thucydides.core.steps.session.TestSession - SRP:SessionAddEvent: id 09a6320e-484a-4de6-8650-b8481b11e76a EventBusEvent ADD_TAGS_TO_CURRENT_TEST_EVENT []
11:33:42.931 [main] DEBUG net.thucydides.core.steps.session.TestSession - SRP:SessionAddEvent: id 09a6320e-484a-4de6-8650-b8481b11e76a EventBusEvent ADD_TAGS_TO_CURRENT_TEST_EVENT []

Scenario: Successful Registration                     &amp#27;[90m# features/Register.feature:6&amp#27;[0m
11:33:42.935 [main] DEBUG io.cucumber.core.plugin.SerenityReporter - Running feature from classpath:features/Register.feature
11:33:42.935 [main] DEBUG io.cucumber.core.plugin.SerenityReporter - SRP:handleTestStepStarted  classpath:features/Register.feature Thread[#1,main,5,main] 09a6320e-484a-4de6-8650-b8481b11e76a at line 6
11:33:42.944 [main] DEBUG net.thucydides.core.steps.session.TestSession - SRP:SessionAddEvent: id 09a6320e-484a-4de6-8650-b8481b11e76a EventBusEvent STEP_STARTED_EVENT Given I am on the LinkedIn registration page Given I am on the LinkedIn registration page
11:33:42.944 [main] DEBUG net.thucydides.core.steps.session.TestSession - SRP:SessionAddEvent: id 09a6320e-484a-4de6-8650-b8481b11e76a net.thucydides.core.steps.events.UpdateCurrentStepTitleEvent@431f1eaf
11:33:42.944 [main] DEBUG io.cucumber.core.plugin.SerenityReporter - SRP:handleTestStepFinished  classpath:features/Register.feature Thread[#1,main,5,main] 09a6320e-484a-4de6-8650-b8481b11e76a at line 6
11:33:42.944 [main] DEBUG io.cucumber.core.plugin.SerenityReporter - Running feature from classpath:features/Register.feature
11:33:42.950 [main] DEBUG net.thucydides.core.steps.session.TestSession - SRP:SessionAddEvent: id 09a6320e-484a-4de6-8650-b8481b11e76a net.serenitybdd.cucumber.events.StepFinishedWithResultEvent@56078cea
  &amp#27;[32mGiven &amp#27;[0m&amp#27;[32mI am on the LinkedIn registration page&amp#27;[0m        &amp#27;[90m# STARTER.stepdefinition.RegisterSteps.onLinkedInRegistrationPage()&amp#27;[0m
11:33:42.950 [main] DEBUG io.cucumber.core.plugin.SerenityReporter - Running feature from classpath:features/Register.feature
11:33:42.950 [main] DEBUG io.cucumber.core.plugin.SerenityReporter - SRP:handleTestStepStarted  classpath:features/Register.feature Thread[#1,main,5,main] 09a6320e-484a-4de6-8650-b8481b11e76a at line 6
11:33:42.950 [main] DEBUG net.thucydides.core.steps.session.TestSession - SRP:SessionAddEvent: id 09a6320e-484a-4de6-8650-b8481b11e76a EventBusEvent STEP_STARTED_EVENT When I enters all required registration information When I enters all required registration information
11:33:42.950 [main] DEBUG net.thucydides.core.steps.session.TestSession - SRP:SessionAddEvent: id 09a6320e-484a-4de6-8650-b8481b11e76a net.thucydides.core.steps.events.UpdateCurrentStepTitleEvent@5a00eb1e
11:33:42.950 [main] DEBUG io.cucumber.core.plugin.SerenityReporter - SRP:handleTestStepFinished  classpath:features/Register.feature Thread[#1,main,5,main] 09a6320e-484a-4de6-8650-b8481b11e76a at line 6
11:33:42.950 [main] DEBUG io.cucumber.core.plugin.SerenityReporter - Running feature from classpath:features/Register.feature
11:33:42.950 [main] DEBUG net.thucydides.core.steps.session.TestSession - SRP:SessionAddEvent: id 09a6320e-484a-4de6-8650-b8481b11e76a net.serenitybdd.cucumber.events.StepFinishedWithResultEvent@36fcf6c0
  &amp#27;[32mWhen &amp#27;[0m&amp#27;[32mI enters all required registration information&amp#27;[0m &amp#27;[90m# STARTER.stepdefinition.RegisterSteps.enterRegistrationInfo()&amp#27;[0m
11:33:42.950 [main] DEBUG io.cucumber.core.plugin.SerenityReporter - Running feature from classpath:features/Register.feature
11:33:42.950 [main] DEBUG io.cucumber.core.plugin.SerenityReporter - SRP:handleTestStepStarted  classpath:features/Register.feature Thread[#1,main,5,main] 09a6320e-484a-4de6-8650-b8481b11e76a at line 6
11:33:42.967 [main] DEBUG net.thucydides.core.steps.session.TestSession - SRP:SessionAddEvent: id 09a6320e-484a-4de6-8650-b8481b11e76a EventBusEvent STEP_STARTED_EVENT And I clicks the "Join Now" button And I clicks the "Join Now" button
11:33:42.967 [main] DEBUG net.thucydides.core.steps.session.TestSession - SRP:SessionAddEvent: id 09a6320e-484a-4de6-8650-b8481b11e76a net.thucydides.core.steps.events.UpdateCurrentStepTitleEvent@1aac188d
11:33:42.968 [main] DEBUG io.cucumber.core.plugin.SerenityReporter - SRP:handleTestStepFinished  classpath:features/Register.feature Thread[#1,main,5,main] 09a6320e-484a-4de6-8650-b8481b11e76a at line 6
11:33:42.968 [main] DEBUG io.cucumber.core.plugin.SerenityReporter - Running feature from classpath:features/Register.feature
11:33:42.968 [main] DEBUG net.thucydides.core.steps.session.TestSession - SRP:SessionAddEvent: id 09a6320e-484a-4de6-8650-b8481b11e76a net.serenitybdd.cucumber.events.StepFinishedWithResultEvent@7026b7ee
  &amp#27;[32mAnd &amp#27;[0m&amp#27;[32mI clicks the "Join Now" button&amp#27;[0m                  &amp#27;[90m# STARTER.stepdefinition.RegisterSteps.clickJoinNowButton()&amp#27;[0m
11:33:42.969 [main] DEBUG io.cucumber.core.plugin.SerenityReporter - Running feature from classpath:features/Register.feature
11:33:42.969 [main] DEBUG io.cucumber.core.plugin.SerenityReporter - SRP:handleTestStepStarted  classpath:features/Register.feature Thread[#1,main,5,main] 09a6320e-484a-4de6-8650-b8481b11e76a at line 6
11:33:42.970 [main] DEBUG net.thucydides.core.steps.session.TestSession - SRP:SessionAddEvent: id 09a6320e-484a-4de6-8650-b8481b11e76a EventBusEvent STEP_STARTED_EVENT Then I LinkedIn account is successfully created Then I LinkedIn account is successfully created
11:33:42.970 [main] DEBUG net.thucydides.core.steps.session.TestSession - SRP:SessionAddEvent: id 09a6320e-484a-4de6-8650-b8481b11e76a net.thucydides.core.steps.events.UpdateCurrentStepTitleEvent@2d23faef
11:33:42.970 [main] DEBUG io.cucumber.core.plugin.SerenityReporter - SRP:handleTestStepFinished  classpath:features/Register.feature Thread[#1,main,5,main] 09a6320e-484a-4de6-8650-b8481b11e76a at line 6
11:33:42.970 [main] DEBUG io.cucumber.core.plugin.SerenityReporter - Running feature from classpath:features/Register.feature
11:33:42.972 [main] DEBUG net.thucydides.core.steps.session.TestSession - SRP:SessionAddEvent: id 09a6320e-484a-4de6-8650-b8481b11e76a net.serenitybdd.cucumber.events.StepFinishedWithResultEvent@7cb8437d
  &amp#27;[32mThen &amp#27;[0m&amp#27;[32mI LinkedIn account is successfully created&amp#27;[0m     &amp#27;[90m# STARTER.stepdefinition.RegisterSteps.accountCreatedSuccessfully()&amp#27;[0m
11:33:42.972 [main] DEBUG io.cucumber.core.plugin.SerenityReporter - SRP:handleTestCaseFinished  classpath:features/Register.feature Thread[#1,main,5,main] 09a6320e-484a-4de6-8650-b8481b11e76a at line 6
11:33:42.972 [main] DEBUG io.cucumber.core.plugin.SerenityReporter - Running feature from classpath:features/Register.feature
11:33:42.972 [main] DEBUG net.thucydides.core.steps.session.TestSession - SRP:SessionAddEvent: id 09a6320e-484a-4de6-8650-b8481b11e76a EventBusEvent TEST_FINISHED_EVENT  false scenario New User Registration;successful-registration
11:33:42.972 [main] DEBUG net.thucydides.core.steps.session.TestSession - SRP:SessionEnd: id 09a6320e-484a-4de6-8650-b8481b11e76a
]]></system-out>
  </testcase>
  <testcase name="Failed Registration - Email Already In Use" classname="New User Registration" time="0.05">
    <system-out><![CDATA[11:33:42.995 [main] DEBUG io.cucumber.core.plugin.SerenityReporter - SRP:handleTestCaseStarted classpath:features/Register.feature Thread[#1,main,5,main] 8fcf464d-66e7-459d-8522-4c5b8defcae9 at line 12
11:33:43.001 [main] DEBUG net.thucydides.core.steps.session.TestSession - SRP:SessionStart: id 8fcf464d-66e7-459d-8522-4c5b8defcae9
11:33:43.001 [main] DEBUG io.cucumber.core.plugin.SerenityReporter - Running feature from classpath:features/Register.feature
11:33:43.001 [main] DEBUG io.cucumber.core.plugin.ScenarioContextParallel - SRP:addHighPriorityStepEventBusEvent net.thucydides.core.steps.events.SetTestSourceEvent@55e3d6c3 Thread[#1,main,5,main] New User Registration;failed-registration---email-already-in-use
11:33:43.001 [main] DEBUG io.cucumber.core.plugin.SerenityReporter - SRP:startScenario classpath:features/Register.feature Thread[#1,main,5,main] 8fcf464d-66e7-459d-8522-4c5b8defcae9 at line 12
11:33:43.001 [main] DEBUG io.cucumber.core.plugin.ScenarioContextParallel - SRP:addHighPriorityStepEventBusEvent EventBusEvent TEST_STARTED_EVENT with name Failed Registration - Email Already In Use new-user-registration;failed-registration---email-already-in-use Thread[#1,main,5,main] New User Registration;failed-registration---email-already-in-use
11:33:43.001 [main] DEBUG net.thucydides.core.steps.session.TestSession - SRP:SessionAddEvent: id 8fcf464d-66e7-459d-8522-4c5b8defcae9 net.thucydides.core.steps.events.AddDescriptionToCurrentTestEvent@30e6a763
11:33:43.001 [main] DEBUG net.thucydides.core.steps.session.TestSession - SRP:SessionAddEvent: id 8fcf464d-66e7-459d-8522-4c5b8defcae9 EventBusEvent ADD_TAGS_TO_CURRENT_TEST_EVENT []
11:33:43.001 [main] DEBUG net.thucydides.core.steps.session.TestSession - SRP:SessionAddEvent: id 8fcf464d-66e7-459d-8522-4c5b8defcae9 EventBusEvent ADD_TAGS_TO_CURRENT_TEST_EVENT []
11:33:43.001 [main] DEBUG net.thucydides.core.steps.session.TestSession - SRP:SessionAddEvent: id 8fcf464d-66e7-459d-8522-4c5b8defcae9 EventBusEvent ADD_TAGS_TO_CURRENT_TEST_EVENT []

Scenario: Failed Registration - Email Already In Use                                                      &amp#27;[90m# features/Register.feature:12&amp#27;[0m
11:33:43.001 [main] DEBUG io.cucumber.core.plugin.SerenityReporter - Running feature from classpath:features/Register.feature
11:33:43.001 [main] DEBUG io.cucumber.core.plugin.SerenityReporter - SRP:handleTestStepStarted  classpath:features/Register.feature Thread[#1,main,5,main] 8fcf464d-66e7-459d-8522-4c5b8defcae9 at line 12
11:33:43.001 [main] DEBUG net.thucydides.core.steps.session.TestSession - SRP:SessionAddEvent: id 8fcf464d-66e7-459d-8522-4c5b8defcae9 EventBusEvent STEP_STARTED_EVENT Given I am on the LinkedIn registration page Given I am on the LinkedIn registration page
11:33:43.001 [main] DEBUG net.thucydides.core.steps.session.TestSession - SRP:SessionAddEvent: id 8fcf464d-66e7-459d-8522-4c5b8defcae9 net.thucydides.core.steps.events.UpdateCurrentStepTitleEvent@213c3543
11:33:43.020 [main] DEBUG io.cucumber.core.plugin.SerenityReporter - SRP:handleTestStepFinished  classpath:features/Register.feature Thread[#1,main,5,main] 8fcf464d-66e7-459d-8522-4c5b8defcae9 at line 12
11:33:43.020 [main] DEBUG io.cucumber.core.plugin.SerenityReporter - Running feature from classpath:features/Register.feature
11:33:43.020 [main] DEBUG net.thucydides.core.steps.session.TestSession - SRP:SessionAddEvent: id 8fcf464d-66e7-459d-8522-4c5b8defcae9 net.serenitybdd.cucumber.events.StepFinishedWithResultEvent@f096f37
  &amp#27;[32mGiven &amp#27;[0m&amp#27;[32mI am on the LinkedIn registration page&amp#27;[0m                                                            &amp#27;[90m# STARTER.stepdefinition.RegisterSteps.onLinkedInRegistrationPage()&amp#27;[0m
11:33:43.020 [main] DEBUG io.cucumber.core.plugin.SerenityReporter - Running feature from classpath:features/Register.feature
11:33:43.020 [main] DEBUG io.cucumber.core.plugin.SerenityReporter - SRP:handleTestStepStarted  classpath:features/Register.feature Thread[#1,main,5,main] 8fcf464d-66e7-459d-8522-4c5b8defcae9 at line 12
11:33:43.020 [main] DEBUG net.thucydides.core.steps.session.TestSession - SRP:SessionAddEvent: id 8fcf464d-66e7-459d-8522-4c5b8defcae9 EventBusEvent STEP_STARTED_EVENT When I enters registration information with an already registered email address When I enters registration information with an already registered email address
11:33:43.020 [main] DEBUG net.thucydides.core.steps.session.TestSession - SRP:SessionAddEvent: id 8fcf464d-66e7-459d-8522-4c5b8defcae9 net.thucydides.core.steps.events.UpdateCurrentStepTitleEvent@3effd4f3
11:33:43.020 [main] DEBUG io.cucumber.core.plugin.SerenityReporter - SRP:handleTestStepFinished  classpath:features/Register.feature Thread[#1,main,5,main] 8fcf464d-66e7-459d-8522-4c5b8defcae9 at line 12
11:33:43.020 [main] DEBUG io.cucumber.core.plugin.SerenityReporter - Running feature from classpath:features/Register.feature
11:33:43.026 [main] DEBUG net.thucydides.core.steps.session.TestSession - SRP:SessionAddEvent: id 8fcf464d-66e7-459d-8522-4c5b8defcae9 net.serenitybdd.cucumber.events.StepFinishedWithResultEvent@41f4fe5
  &amp#27;[32mWhen &amp#27;[0m&amp#27;[32mI enters registration information with an already registered email address&amp#27;[0m                         &amp#27;[90m# STARTER.stepdefinition.RegisterSteps.enterInfoWithUsedEmail()&amp#27;[0m
11:33:43.026 [main] DEBUG io.cucumber.core.plugin.SerenityReporter - Running feature from classpath:features/Register.feature
11:33:43.026 [main] DEBUG io.cucumber.core.plugin.SerenityReporter - SRP:handleTestStepStarted  classpath:features/Register.feature Thread[#1,main,5,main] 8fcf464d-66e7-459d-8522-4c5b8defcae9 at line 12
11:33:43.026 [main] DEBUG net.thucydides.core.steps.session.TestSession - SRP:SessionAddEvent: id 8fcf464d-66e7-459d-8522-4c5b8defcae9 EventBusEvent STEP_STARTED_EVENT And I clicks the "Join Now" button And I clicks the "Join Now" button
11:33:43.026 [main] DEBUG net.thucydides.core.steps.session.TestSession - SRP:SessionAddEvent: id 8fcf464d-66e7-459d-8522-4c5b8defcae9 net.thucydides.core.steps.events.UpdateCurrentStepTitleEvent@15f8701f
11:33:43.026 [main] DEBUG io.cucumber.core.plugin.SerenityReporter - SRP:handleTestStepFinished  classpath:features/Register.feature Thread[#1,main,5,main] 8fcf464d-66e7-459d-8522-4c5b8defcae9 at line 12
11:33:43.026 [main] DEBUG io.cucumber.core.plugin.SerenityReporter - Running feature from classpath:features/Register.feature
11:33:43.029 [main] DEBUG net.thucydides.core.steps.session.TestSession - SRP:SessionAddEvent: id 8fcf464d-66e7-459d-8522-4c5b8defcae9 net.serenitybdd.cucumber.events.StepFinishedWithResultEvent@514cd540
  &amp#27;[32mAnd &amp#27;[0m&amp#27;[32mI clicks the "Join Now" button&amp#27;[0m                                                                      &amp#27;[90m# STARTER.stepdefinition.RegisterSteps.clickJoinNowButton()&amp#27;[0m
11:33:43.029 [main] DEBUG io.cucumber.core.plugin.SerenityReporter - Running feature from classpath:features/Register.feature
11:33:43.029 [main] DEBUG io.cucumber.core.plugin.SerenityReporter - SRP:handleTestStepStarted  classpath:features/Register.feature Thread[#1,main,5,main] 8fcf464d-66e7-459d-8522-4c5b8defcae9 at line 12
11:33:43.029 [main] DEBUG net.thucydides.core.steps.session.TestSession - SRP:SessionAddEvent: id 8fcf464d-66e7-459d-8522-4c5b8defcae9 EventBusEvent STEP_STARTED_EVENT Then I should see the system displays an error message stating that the email address is already in use Then I should see the system displays an error message stating that the email address is already in use
11:33:43.029 [main] DEBUG net.thucydides.core.steps.session.TestSession - SRP:SessionAddEvent: id 8fcf464d-66e7-459d-8522-4c5b8defcae9 net.thucydides.core.steps.events.UpdateCurrentStepTitleEvent@11d4dbd6
11:33:43.029 [main] DEBUG io.cucumber.core.plugin.SerenityReporter - SRP:handleTestStepFinished  classpath:features/Register.feature Thread[#1,main,5,main] 8fcf464d-66e7-459d-8522-4c5b8defcae9 at line 12
11:33:43.029 [main] DEBUG io.cucumber.core.plugin.SerenityReporter - Running feature from classpath:features/Register.feature
11:33:43.029 [main] DEBUG net.thucydides.core.steps.session.TestSession - SRP:SessionAddEvent: id 8fcf464d-66e7-459d-8522-4c5b8defcae9 net.serenitybdd.cucumber.events.StepFinishedWithResultEvent@6f4ade6e
  &amp#27;[32mThen &amp#27;[0m&amp#27;[32mI should see the system displays an error message stating that the email address is already in use&amp#27;[0m &amp#27;[90m# STARTER.stepdefinition.RegisterSteps.verifyErrorMessage()&amp#27;[0m
11:33:43.029 [main] DEBUG io.cucumber.core.plugin.SerenityReporter - SRP:handleTestCaseFinished  classpath:features/Register.feature Thread[#1,main,5,main] 8fcf464d-66e7-459d-8522-4c5b8defcae9 at line 12
11:33:43.029 [main] DEBUG io.cucumber.core.plugin.SerenityReporter - Running feature from classpath:features/Register.feature
11:33:43.032 [main] DEBUG net.thucydides.core.steps.session.TestSession - SRP:SessionAddEvent: id 8fcf464d-66e7-459d-8522-4c5b8defcae9 EventBusEvent TEST_FINISHED_EVENT  false scenario New User Registration;failed-registration---email-already-in-use
11:33:43.032 [main] DEBUG net.thucydides.core.steps.session.TestSession - SRP:SessionEnd: id 8fcf464d-66e7-459d-8522-4c5b8defcae9
]]></system-out>
  </testcase>
</testsuite>