<?xml version="1.0" encoding="UTF-8"?>
<testsuite xmlns:xsi="http://www.w3.org/2001/XMLSchema-instance" xsi:noNamespaceSchemaLocation="https://maven.apache.org/surefire/maven-failsafe-plugin/xsd/failsafe-test-report-3.0.xsd" version="3.0" name="STARTER.CucumberTestSuite" time="7.414" tests="9" errors="0" skipped="0" failures="0">
  <properties>
    <property name="java.specification.version" value="19"/>
    <property name="sun.cpu.isalist" value="amd64"/>
    <property name="sun.jnu.encoding" value="Cp1252"/>
    <property name="java.class.path" value="C:\Users\skaha\IdeaProjects\bdd-soal-prioritas-2\target\test-classes;C:\Users\skaha\IdeaProjects\bdd-soal-prioritas-2\target\bdd-soal-prioritas-2-1.0-SNAPSHOT.jar;C:\Users\skaha\.m2\repository\net\serenity-bdd\serenity-core\4.1.6\serenity-core-4.1.6.jar;C:\Users\skaha\.m2\repository\net\serenity-bdd\serenity-model\4.1.6\serenity-model-4.1.6.jar;C:\Users\skaha\.m2\repository\org\apache\commons\commons-text\1.11.0\commons-text-1.11.0.jar;C:\Users\skaha\.m2\repository\commons-net\commons-net\3.10.0\commons-net-3.10.0.jar;C:\Users\skaha\.m2\repository\com\google\guava\guava\33.1.0-jre\guava-33.1.0-jre.jar;C:\Users\skaha\.m2\repository\com\google\guava\failureaccess\1.0.2\failureaccess-1.0.2.jar;C:\Users\skaha\.m2\repository\com\google\guava\listenablefuture\9999.0-empty-to-avoid-conflict-with-guava\listenablefuture-9999.0-empty-to-avoid-conflict-with-guava.jar;C:\Users\skaha\.m2\repository\com\google\code\findbugs\jsr305\3.0.2\jsr305-3.0.2.jar;C:\Users\skaha\.m2\repository\org\checkerframework\checker-qual\3.42.0\checker-qual-3.42.0.jar;C:\Users\skaha\.m2\repository\com\google\errorprone\error_prone_annotations\2.26.1\error_prone_annotations-2.26.1.jar;C:\Users\skaha\.m2\repository\com\google\j2objc\j2objc-annotations\3.0.0\j2objc-annotations-3.0.0.jar;C:\Users\skaha\.m2\repository\org\jsoup\jsoup\1.15.4\jsoup-1.15.4.jar;C:\Users\skaha\.m2\repository\com\thoughtworks\xstream\xstream\1.4.20\xstream-1.4.20.jar;C:\Users\skaha\.m2\repository\io\github\x-stream\mxparser\1.2.2\mxparser-1.2.2.jar;C:\Users\skaha\.m2\repository\xmlpull\xmlpull\1.1.3.1\xmlpull-1.1.3.1.jar;C:\Users\skaha\.m2\repository\com\typesafe\config\1.4.3\config-1.4.3.jar;C:\Users\skaha\.m2\repository\org\imgscalr\imgscalr-lib\4.2\imgscalr-lib-4.2.jar;C:\Users\skaha\.m2\repository\org\awaitility\awaitility\4.2.0\awaitility-4.2.0.jar;C:\Users\skaha\.m2\repository\org\freemarker\freemarker\2.3.32\freemarker-2.3.32.jar;C:\Users\skaha\.m2\repository\io\github\classgraph\classgraph\4.8.157\classgraph-4.8.157.jar;C:\Users\skaha\.m2\repository\com\github\ben-manes\caffeine\caffeine\2.9.2\caffeine-2.9.2.jar;C:\Users\skaha\.m2\repository\org\ehcache\ehcache\3.10.8\ehcache-3.10.8.jar;C:\Users\skaha\.m2\repository\javax\cache\cache-api\1.1.0\cache-api-1.1.0.jar;C:\Users\skaha\.m2\repository\net\sourceforge\jexcelapi\jxl\2.6.12\jxl-2.6.12.jar;C:\Users\skaha\.m2\repository\net\bytebuddy\byte-buddy-agent\1.14.13\byte-buddy-agent-1.14.13.jar;C:\Users\skaha\.m2\repository\org\objenesis\objenesis\3.3\objenesis-3.3.jar;C:\Users\skaha\.m2\repository\com\vladsch\flexmark\flexmark-all\0.64.8\flexmark-all-0.64.8.jar;C:\Users\skaha\.m2\repository\com\vladsch\flexmark\flexmark\0.64.8\flexmark-0.64.8.jar;C:\Users\skaha\.m2\repository\com\vladsch\flexmark\flexmark-ext-abbreviation\0.64.8\flexmark-ext-abbreviation-0.64.8.jar;C:\Users\skaha\.m2\repository\com\vladsch\flexmark\flexmark-ext-admonition\0.64.8\flexmark-ext-admonition-0.64.8.jar;C:\Users\skaha\.m2\repository\com\vladsch\flexmark\flexmark-ext-anchorlink\0.64.8\flexmark-ext-anchorlink-0.64.8.jar;C:\Users\skaha\.m2\repository\com\vladsch\flexmark\flexmark-ext-aside\0.64.8\flexmark-ext-aside-0.64.8.jar;C:\Users\skaha\.m2\repository\com\vladsch\flexmark\flexmark-ext-attributes\0.64.8\flexmark-ext-attributes-0.64.8.jar;C:\Users\skaha\.m2\repository\com\vladsch\flexmark\flexmark-ext-autolink\0.64.8\flexmark-ext-autolink-0.64.8.jar;C:\Users\skaha\.m2\repository\org\nibor\autolink\autolink\0.6.0\autolink-0.6.0.jar;C:\Users\skaha\.m2\repository\com\vladsch\flexmark\flexmark-ext-definition\0.64.8\flexmark-ext-definition-0.64.8.jar;C:\Users\skaha\.m2\repository\com\vladsch\flexmark\flexmark-ext-emoji\0.64.8\flexmark-ext-emoji-0.64.8.jar;C:\Users\skaha\.m2\repository\com\vladsch\flexmark\flexmark-ext-enumerated-reference\0.64.8\flexmark-ext-enumerated-reference-0.64.8.jar;C:\Users\skaha\.m2\repository\com\vladsch\flexmark\flexmark-ext-escaped-character\0.64.8\flexmark-ext-escaped-character-0.64.8.jar;C:\Users\skaha\.m2\repository\com\vladsch\flexmark\flexmark-ext-footnotes\0.64.8\flexmark-ext-footnotes-0.64.8.jar;C:\Users\skaha\.m2\repository\com\vladsch\flexmark\flexmark-ext-gfm-issues\0.64.8\flexmark-ext-gfm-issues-0.64.8.jar;C:\Users\skaha\.m2\repository\com\vladsch\flexmark\flexmark-ext-gfm-strikethrough\0.64.8\flexmark-ext-gfm-strikethrough-0.64.8.jar;C:\Users\skaha\.m2\repository\com\vladsch\flexmark\flexmark-ext-gfm-tasklist\0.64.8\flexmark-ext-gfm-tasklist-0.64.8.jar;C:\Users\skaha\.m2\repository\com\vladsch\flexmark\flexmark-ext-gfm-users\0.64.8\flexmark-ext-gfm-users-0.64.8.jar;C:\Users\skaha\.m2\repository\com\vladsch\flexmark\flexmark-ext-gitlab\0.64.8\flexmark-ext-gitlab-0.64.8.jar;C:\Users\skaha\.m2\repository\com\vladsch\flexmark\flexmark-ext-jekyll-front-matter\0.64.8\flexmark-ext-jekyll-front-matter-0.64.8.jar;C:\Users\skaha\.m2\repository\com\vladsch\flexmark\flexmark-ext-jekyll-tag\0.64.8\flexmark-ext-jekyll-tag-0.64.8.jar;C:\Users\skaha\.m2\repository\com\vladsch\flexmark\flexmark-ext-media-tags\0.64.8\flexmark-ext-media-tags-0.64.8.jar;C:\Users\skaha\.m2\repository\com\vladsch\flexmark\flexmark-ext-macros\0.64.8\flexmark-ext-macros-0.64.8.jar;C:\Users\skaha\.m2\repository\com\vladsch\flexmark\flexmark-ext-ins\0.64.8\flexmark-ext-ins-0.64.8.jar;C:\Users\skaha\.m2\repository\com\vladsch\flexmark\flexmark-ext-xwiki-macros\0.64.8\flexmark-ext-xwiki-macros-0.64.8.jar;C:\Users\skaha\.m2\repository\com\vladsch\flexmark\flexmark-ext-superscript\0.64.8\flexmark-ext-superscript-0.64.8.jar;C:\Users\skaha\.m2\repository\com\vladsch\flexmark\flexmark-ext-toc\0.64.8\flexmark-ext-toc-0.64.8.jar;C:\Users\skaha\.m2\repository\com\vladsch\flexmark\flexmark-ext-typographic\0.64.8\flexmark-ext-typographic-0.64.8.jar;C:\Users\skaha\.m2\repository\com\vladsch\flexmark\flexmark-ext-wikilink\0.64.8\flexmark-ext-wikilink-0.64.8.jar;C:\Users\skaha\.m2\repository\com\vladsch\flexmark\flexmark-ext-yaml-front-matter\0.64.8\flexmark-ext-yaml-front-matter-0.64.8.jar;C:\Users\skaha\.m2\repository\com\vladsch\flexmark\flexmark-ext-youtube-embedded\0.64.8\flexmark-ext-youtube-embedded-0.64.8.jar;C:\Users\skaha\.m2\repository\com\vladsch\flexmark\flexmark-html2md-converter\0.64.8\flexmark-html2md-converter-0.64.8.jar;C:\Users\skaha\.m2\repository\com\vladsch\flexmark\flexmark-jira-converter\0.64.8\flexmark-jira-converter-0.64.8.jar;C:\Users\skaha\.m2\repository\com\vladsch\flexmark\flexmark-pdf-converter\0.64.8\flexmark-pdf-converter-0.64.8.jar;C:\Users\skaha\.m2\repository\com\openhtmltopdf\openhtmltopdf-core\1.0.10\openhtmltopdf-core-1.0.10.jar;C:\Users\skaha\.m2\repository\com\openhtmltopdf\openhtmltopdf-pdfbox\1.0.10\openhtmltopdf-pdfbox-1.0.10.jar;C:\Users\skaha\.m2\repository\org\apache\pdfbox\pdfbox\2.0.24\pdfbox-2.0.24.jar;C:\Users\skaha\.m2\repository\org\apache\pdfbox\fontbox\2.0.24\fontbox-2.0.24.jar;C:\Users\skaha\.m2\repository\org\apache\pdfbox\xmpbox\2.0.24\xmpbox-2.0.24.jar;C:\Users\skaha\.m2\repository\de\rototor\pdfbox\graphics2d\0.32\graphics2d-0.32.jar;C:\Users\skaha\.m2\repository\com\openhtmltopdf\openhtmltopdf-rtl-support\1.0.10\openhtmltopdf-rtl-support-1.0.10.jar;C:\Users\skaha\.m2\repository\com\vladsch\flexmark\flexmark-profile-pegdown\0.64.8\flexmark-profile-pegdown-0.64.8.jar;C:\Users\skaha\.m2\repository\com\vladsch\flexmark\flexmark-util-ast\0.64.8\flexmark-util-ast-0.64.8.jar;C:\Users\skaha\.m2\repository\com\vladsch\flexmark\flexmark-util-builder\0.64.8\flexmark-util-builder-0.64.8.jar;C:\Users\skaha\.m2\repository\com\vladsch\flexmark\flexmark-util-collection\0.64.8\flexmark-util-collection-0.64.8.jar;C:\Users\skaha\.m2\repository\com\vladsch\flexmark\flexmark-util-data\0.64.8\flexmark-util-data-0.64.8.jar;C:\Users\skaha\.m2\repository\com\vladsch\flexmark\flexmark-util-dependency\0.64.8\flexmark-util-dependency-0.64.8.jar;C:\Users\skaha\.m2\repository\com\vladsch\flexmark\flexmark-util-format\0.64.8\flexmark-util-format-0.64.8.jar;C:\Users\skaha\.m2\repository\com\vladsch\flexmark\flexmark-util-html\0.64.8\flexmark-util-html-0.64.8.jar;C:\Users\skaha\.m2\repository\com\vladsch\flexmark\flexmark-util-misc\0.64.8\flexmark-util-misc-0.64.8.jar;C:\Users\skaha\.m2\repository\com\vladsch\flexmark\flexmark-util-options\0.64.8\flexmark-util-options-0.64.8.jar;C:\Users\skaha\.m2\repository\com\vladsch\flexmark\flexmark-util-sequence\0.64.8\flexmark-util-sequence-0.64.8.jar;C:\Users\skaha\.m2\repository\com\vladsch\flexmark\flexmark-util-visitor\0.64.8\flexmark-util-visitor-0.64.8.jar;C:\Users\skaha\.m2\repository\com\vladsch\flexmark\flexmark-youtrack-converter\0.64.8\flexmark-youtrack-converter-0.64.8.jar;C:\Users\skaha\.m2\repository\com\vladsch\flexmark\flexmark-ext-resizable-image\0.64.8\flexmark-ext-resizable-image-0.64.8.jar;C:\Users\skaha\.m2\repository\com\vladsch\flexmark\flexmark-ext-tables\0.64.8\flexmark-ext-tables-0.64.8.jar;C:\Users\skaha\.m2\repository\com\vladsch\flexmark\flexmark-util\0.64.8\flexmark-util-0.64.8.jar;C:\Users\skaha\.m2\repository\net\serenity-bdd\serenity-reports\4.1.6\serenity-reports-4.1.6.jar;C:\Users\skaha\.m2\repository\net\serenity-bdd\serenity-stats\4.1.6\serenity-stats-4.1.6.jar;C:\Users\skaha\.m2\repository\net\serenity-bdd\serenity-reports-configuration\4.1.6\serenity-reports-configuration-4.1.6.jar;C:\Users\skaha\.m2\repository\com\ibm\icu\icu4j\72.1\icu4j-72.1.jar;C:\Users\skaha\.m2\repository\es\nitaur\markdown\txtmark\0.16\txtmark-0.16.jar;C:\Users\skaha\.m2\repository\net\serenity-bdd\serenity-report-resources\4.1.6\serenity-report-resources-4.1.6.jar;C:\Users\skaha\.m2\repository\com\google\code\gson\gson\2.10.1\gson-2.10.1.jar;C:\Users\skaha\.m2\repository\com\fasterxml\jackson\core\jackson-core\2.17.0\jackson-core-2.17.0.jar;C:\Users\skaha\.m2\repository\com\fasterxml\jackson\core\jackson-databind\2.17.0\jackson-databind-2.17.0.jar;C:\Users\skaha\.m2\repository\com\fasterxml\jackson\core\jackson-annotations\2.17.0\jackson-annotations-2.17.0.jar;C:\Users\skaha\.m2\repository\commons-codec\commons-codec\1.16.1\commons-codec-1.16.1.jar;C:\Users\skaha\.m2\repository\commons-io\commons-io\2.15.1\commons-io-2.15.1.jar;C:\Users\skaha\.m2\repository\org\apache\httpcomponents\httpclient\4.5.13\httpclient-4.5.13.jar;C:\Users\skaha\.m2\repository\org\apache\httpcomponents\httpcore\4.4.13\httpcore-4.4.13.jar;C:\Users\skaha\.m2\repository\commons-logging\commons-logging\1.2\commons-logging-1.2.jar;C:\Users\skaha\.m2\repository\org\seleniumhq\selenium\selenium-java\4.19.0\selenium-java-4.19.0.jar;C:\Users\skaha\.m2\repository\org\seleniumhq\selenium\selenium-devtools-v121\4.19.0\selenium-devtools-v121-4.19.0.jar;C:\Users\skaha\.m2\repository\org\seleniumhq\selenium\selenium-devtools-v122\4.19.0\selenium-devtools-v122-4.19.0.jar;C:\Users\skaha\.m2\repository\org\seleniumhq\selenium\selenium-devtools-v123\4.19.0\selenium-devtools-v123-4.19.0.jar;C:\Users\skaha\.m2\repository\org\seleniumhq\selenium\selenium-devtools-v85\4.19.0\selenium-devtools-v85-4.19.0.jar;C:\Users\skaha\.m2\repository\org\seleniumhq\selenium\selenium-remote-driver\4.19.0\selenium-remote-driver-4.19.0.jar;C:\Users\skaha\.m2\repository\io\opentelemetry\semconv\opentelemetry-semconv\1.23.1-alpha\opentelemetry-semconv-1.23.1-alpha.jar;C:\Users\skaha\.m2\repository\io\opentelemetry\opentelemetry-api\1.36.0\opentelemetry-api-1.36.0.jar;C:\Users\skaha\.m2\repository\io\opentelemetry\opentelemetry-context\1.36.0\opentelemetry-context-1.36.0.jar;C:\Users\skaha\.m2\repository\io\opentelemetry\opentelemetry-exporter-logging\1.36.0\opentelemetry-exporter-logging-1.36.0.jar;C:\Users\skaha\.m2\repository\io\opentelemetry\opentelemetry-sdk-common\1.36.0\opentelemetry-sdk-common-1.36.0.jar;C:\Users\skaha\.m2\repository\io\opentelemetry\opentelemetry-sdk-extension-autoconfigure-spi\1.36.0\opentelemetry-sdk-extension-autoconfigure-spi-1.36.0.jar;C:\Users\skaha\.m2\repository\io\opentelemetry\opentelemetry-sdk-extension-autoconfigure\1.36.0\opentelemetry-sdk-extension-autoconfigure-1.36.0.jar;C:\Users\skaha\.m2\repository\io\opentelemetry\opentelemetry-api-events\1.36.0-alpha\opentelemetry-api-events-1.36.0-alpha.jar;C:\Users\skaha\.m2\repository\io\opentelemetry\opentelemetry-sdk-trace\1.36.0\opentelemetry-sdk-trace-1.36.0.jar;C:\Users\skaha\.m2\repository\io\opentelemetry\opentelemetry-extension-incubator\1.36.0-alpha\opentelemetry-extension-incubator-1.36.0-alpha.jar;C:\Users\skaha\.m2\repository\io\opentelemetry\opentelemetry-sdk\1.36.0\opentelemetry-sdk-1.36.0.jar;C:\Users\skaha\.m2\repository\io\opentelemetry\opentelemetry-sdk-metrics\1.36.0\opentelemetry-sdk-metrics-1.36.0.jar;C:\Users\skaha\.m2\repository\io\opentelemetry\opentelemetry-sdk-logs\1.36.0\opentelemetry-sdk-logs-1.36.0.jar;C:\Users\skaha\.m2\repository\org\seleniumhq\selenium\selenium-os\4.19.0\selenium-os-4.19.0.jar;C:\Users\skaha\.m2\repository\org\apache\commons\commons-exec\1.3\commons-exec-1.3.jar;C:\Users\skaha\.m2\repository\org\seleniumhq\selenium\selenium-safari-driver\4.19.0\selenium-safari-driver-4.19.0.jar;C:\Users\skaha\.m2\repository\org\seleniumhq\selenium\selenium-api\4.19.0\selenium-api-4.19.0.jar;C:\Users\skaha\.m2\repository\org\seleniumhq\selenium\selenium-support\4.19.0\selenium-support-4.19.0.jar;C:\Users\skaha\.m2\repository\com\google\auto\service\auto-service-annotations\1.1.1\auto-service-annotations-1.1.1.jar;C:\Users\skaha\.m2\repository\org\seleniumhq\selenium\selenium-json\4.19.0\selenium-json-4.19.0.jar;C:\Users\skaha\.m2\repository\org\seleniumhq\selenium\selenium-chrome-driver\4.19.0\selenium-chrome-driver-4.19.0.jar;C:\Users\skaha\.m2\repository\org\seleniumhq\selenium\selenium-chromium-driver\4.19.0\selenium-chromium-driver-4.19.0.jar;C:\Users\skaha\.m2\repository\org\seleniumhq\selenium\selenium-manager\4.19.0\selenium-manager-4.19.0.jar;C:\Users\skaha\.m2\repository\org\seleniumhq\selenium\selenium-firefox-driver\4.19.0\selenium-firefox-driver-4.19.0.jar;C:\Users\skaha\.m2\repository\org\seleniumhq\selenium\selenium-http\4.19.0\selenium-http-4.19.0.jar;C:\Users\skaha\.m2\repository\dev\failsafe\failsafe\3.3.2\failsafe-3.3.2.jar;C:\Users\skaha\.m2\repository\org\seleniumhq\selenium\selenium-edge-driver\4.19.0\selenium-edge-driver-4.19.0.jar;C:\Users\skaha\.m2\repository\org\seleniumhq\selenium\selenium-ie-driver\4.19.0\selenium-ie-driver-4.19.0.jar;C:\Users\skaha\.m2\repository\org\htmlunit\htmlunit\3.11.0\htmlunit-3.11.0.jar;C:\Users\skaha\.m2\repository\org\apache\httpcomponents\httpmime\4.5.14\httpmime-4.5.14.jar;C:\Users\skaha\.m2\repository\org\htmlunit\htmlunit-core-js\3.11.0\htmlunit-core-js-3.11.0.jar;C:\Users\skaha\.m2\repository\org\htmlunit\neko-htmlunit\3.11.2\neko-htmlunit-3.11.2.jar;C:\Users\skaha\.m2\repository\org\htmlunit\htmlunit-cssparser\3.11.0\htmlunit-cssparser-3.11.0.jar;C:\Users\skaha\.m2\repository\org\htmlunit\htmlunit-xpath\3.11.0\htmlunit-xpath-3.11.0.jar;C:\Users\skaha\.m2\repository\org\htmlunit\htmlunit-csp\3.11.0\htmlunit-csp-3.11.0.jar;C:\Users\skaha\.m2\repository\org\brotli\dec\0.1.2\dec-0.1.2.jar;C:\Users\skaha\.m2\repository\org\eclipse\jetty\websocket\websocket-client\9.4.53.v20231009\websocket-client-9.4.53.v20231009.jar;C:\Users\skaha\.m2\repository\org\eclipse\jetty\jetty-client\9.4.53.v20231009\jetty-client-9.4.53.v20231009.jar;C:\Users\skaha\.m2\repository\org\eclipse\jetty\jetty-http\9.4.53.v20231009\jetty-http-9.4.53.v20231009.jar;C:\Users\skaha\.m2\repository\org\eclipse\jetty\jetty-util\9.4.53.v20231009\jetty-util-9.4.53.v20231009.jar;C:\Users\skaha\.m2\repository\org\eclipse\jetty\jetty-io\9.4.53.v20231009\jetty-io-9.4.53.v20231009.jar;C:\Users\skaha\.m2\repository\org\eclipse\jetty\websocket\websocket-common\9.4.53.v20231009\websocket-common-9.4.53.v20231009.jar;C:\Users\skaha\.m2\repository\org\eclipse\jetty\websocket\websocket-api\9.4.53.v20231009\websocket-api-9.4.53.v20231009.jar;C:\Users\skaha\.m2\repository\org\seleniumhq\selenium\htmlunit3-driver\4.18.1\htmlunit3-driver-4.18.1.jar;C:\Users\skaha\.m2\repository\io\appium\java-client\9.0.0\java-client-9.0.0.jar;C:\Users\skaha\.m2\repository\org\apache\groovy\groovy\4.0.13\groovy-4.0.13.jar;C:\Users\skaha\.m2\repository\net\sf\opencsv\opencsv\2.1\opencsv-2.1.jar;C:\Users\skaha\.m2\repository\org\apache\commons\commons-lang3\3.14.0\commons-lang3-3.14.0.jar;C:\Users\skaha\.m2\repository\org\apache\commons\commons-compress\1.26.0\commons-compress-1.26.0.jar;C:\Users\skaha\.m2\repository\org\fluentlenium\fluentlenium-core\0.10.2\fluentlenium-core-0.10.2.jar;C:\Users\skaha\.m2\repository\com\jhlabs\filters\2.0.235\filters-2.0.235.jar;C:\Users\skaha\.m2\repository\com\paulhammant\ngwebdriver\1.1.6\ngwebdriver-1.1.6.jar;C:\Users\skaha\.m2\repository\joda-time\joda-time\2.12.5\joda-time-2.12.5.jar;C:\Users\skaha\.m2\repository\org\hamcrest\hamcrest\2.2\hamcrest-2.2.jar;C:\Users\skaha\.m2\repository\com\google\jimfs\jimfs\1.3.0\jimfs-1.3.0.jar;C:\Users\skaha\.m2\repository\org\mockito\mockito-core\3.3.3\mockito-core-3.3.3.jar;C:\Users\skaha\.m2\repository\javax\xml\bind\jaxb-api\2.3.1\jaxb-api-2.3.1.jar;C:\Users\skaha\.m2\repository\javax\activation\javax.activation-api\1.2.0\javax.activation-api-1.2.0.jar;C:\Users\skaha\.m2\repository\com\sun\xml\bind\jaxb-core\2.3.0.1\jaxb-core-2.3.0.1.jar;C:\Users\skaha\.m2\repository\com\sun\xml\bind\jaxb-impl\2.3.3\jaxb-impl-2.3.3.jar;C:\Users\skaha\.m2\repository\jakarta\xml\bind\jakarta.xml.bind-api\2.3.3\jakarta.xml.bind-api-2.3.3.jar;C:\Users\skaha\.m2\repository\com\sun\activation\jakarta.activation\1.2.2\jakarta.activation-1.2.2.jar;C:\Users\skaha\.m2\repository\javax\activation\activation\1.1.1\activation-1.1.1.jar;C:\Users\skaha\.m2\repository\net\serenity-bdd\serenity-cucumber\4.1.6\serenity-cucumber-4.1.6.jar;C:\Users\skaha\.m2\repository\io\cucumber\cucumber-core\7.16.1\cucumber-core-7.16.1.jar;C:\Users\skaha\.m2\repository\io\cucumber\cucumber-gherkin\7.16.1\cucumber-gherkin-7.16.1.jar;C:\Users\skaha\.m2\repository\io\cucumber\cucumber-gherkin-messages\7.16.1\cucumber-gherkin-messages-7.16.1.jar;C:\Users\skaha\.m2\repository\io\cucumber\gherkin\28.0.0\gherkin-28.0.0.jar;C:\Users\skaha\.m2\repository\io\cucumber\messages\24.1.0\messages-24.1.0.jar;C:\Users\skaha\.m2\repository\io\cucumber\tag-expressions\6.1.0\tag-expressions-6.1.0.jar;C:\Users\skaha\.m2\repository\io\cucumber\cucumber-expressions\17.1.0\cucumber-expressions-17.1.0.jar;C:\Users\skaha\.m2\repository\io\cucumber\datatable\7.16.1\datatable-7.16.1.jar;C:\Users\skaha\.m2\repository\io\cucumber\cucumber-plugin\7.16.1\cucumber-plugin-7.16.1.jar;C:\Users\skaha\.m2\repository\io\cucumber\docstring\7.16.1\docstring-7.16.1.jar;C:\Users\skaha\.m2\repository\io\cucumber\html-formatter\21.3.0\html-formatter-21.3.0.jar;C:\Users\skaha\.m2\repository\io\cucumber\junit-xml-formatter\0.3.0\junit-xml-formatter-0.3.0.jar;C:\Users\skaha\.m2\repository\io\cucumber\ci-environment\10.0.1\ci-environment-10.0.1.jar;C:\Users\skaha\.m2\repository\io\cucumber\cucumber-java\7.16.1\cucumber-java-7.16.1.jar;C:\Users\skaha\.m2\repository\io\cucumber\cucumber-junit\7.16.1\cucumber-junit-7.16.1.jar;C:\Users\skaha\.m2\repository\org\apache\commons\commons-csv\1.5\commons-csv-1.5.jar;C:\Users\skaha\.m2\repository\net\serenity-bdd\serenity-screenplay\4.1.6\serenity-screenplay-4.1.6.jar;C:\Users\skaha\.m2\repository\net\serenity-bdd\serenity-screenplay-webdriver\4.1.6\serenity-screenplay-webdriver-4.1.6.jar;C:\Users\skaha\.m2\repository\net\serenity-bdd\serenity-ensure\4.1.6\serenity-ensure-4.1.6.jar;C:\Users\skaha\.m2\repository\org\jetbrains\kotlin\kotlin-stdlib\1.9.23\kotlin-stdlib-1.9.23.jar;C:\Users\skaha\.m2\repository\org\jetbrains\annotations\13.0\annotations-13.0.jar;C:\Users\skaha\.m2\repository\org\junit\platform\junit-platform-launcher\1.10.2\junit-platform-launcher-1.10.2.jar;C:\Users\skaha\.m2\repository\org\junit\platform\junit-platform-engine\1.10.2\junit-platform-engine-1.10.2.jar;C:\Users\skaha\.m2\repository\org\opentest4j\opentest4j\1.3.0\opentest4j-1.3.0.jar;C:\Users\skaha\.m2\repository\org\junit\platform\junit-platform-commons\1.10.2\junit-platform-commons-1.10.2.jar;C:\Users\skaha\.m2\repository\org\apiguardian\apiguardian-api\1.1.2\apiguardian-api-1.1.2.jar;C:\Users\skaha\.m2\repository\io\cucumber\cucumber-junit-platform-engine\7.16.1\cucumber-junit-platform-engine-7.16.1.jar;C:\Users\skaha\.m2\repository\org\junit\platform\junit-platform-suite\1.10.2\junit-platform-suite-1.10.2.jar;C:\Users\skaha\.m2\repository\org\junit\platform\junit-platform-suite-api\1.10.2\junit-platform-suite-api-1.10.2.jar;C:\Users\skaha\.m2\repository\org\junit\platform\junit-platform-suite-engine\1.10.2\junit-platform-suite-engine-1.10.2.jar;C:\Users\skaha\.m2\repository\org\junit\platform\junit-platform-suite-commons\1.10.2\junit-platform-suite-commons-1.10.2.jar;C:\Users\skaha\.m2\repository\org\junit\jupiter\junit-jupiter-engine\5.10.2\junit-jupiter-engine-5.10.2.jar;C:\Users\skaha\.m2\repository\org\junit\jupiter\junit-jupiter-api\5.10.2\junit-jupiter-api-5.10.2.jar;C:\Users\skaha\.m2\repository\org\junit\vintage\junit-vintage-engine\5.10.2\junit-vintage-engine-5.10.2.jar;C:\Users\skaha\.m2\repository\junit\junit\4.13.2\junit-4.13.2.jar;C:\Users\skaha\.m2\repository\org\hamcrest\hamcrest-core\1.3\hamcrest-core-1.3.jar;C:\Users\skaha\.m2\repository\ch\qos\logback\logback-classic\1.2.10\logback-classic-1.2.10.jar;C:\Users\skaha\.m2\repository\ch\qos\logback\logback-core\1.2.10\logback-core-1.2.10.jar;C:\Users\skaha\.m2\repository\org\slf4j\slf4j-api\1.7.32\slf4j-api-1.7.32.jar;C:\Users\skaha\.m2\repository\org\assertj\assertj-core\3.23.1\assertj-core-3.23.1.jar;C:\Users\skaha\.m2\repository\net\bytebuddy\byte-buddy\1.12.10\byte-buddy-1.12.10.jar;"/>
    <property name="java.vm.vendor" value="Oracle Corporation"/>
    <property name="sun.arch.data.model" value="64"/>
    <property name="user.variant" value=""/>
    <property name="java.vendor.url" value="https://java.oracle.com/"/>
    <property name="user.timezone" value="Asia/Jakarta"/>
    <property name="os.name" value="Windows 11"/>
    <property name="java.vm.specification.version" value="19"/>
    <property name="sun.java.launcher" value="SUN_STANDARD"/>
    <property name="user.country" value="ID"/>
    <property name="sun.boot.library.path" value="C:\Program Files\Java\jdk-19\bin"/>
    <property name="sun.java.command" value="C:\Users\skaha\AppData\Local\Temp\surefire13179371917499503272\surefirebooter-20240420144914514_3.jar C:\Users\skaha\AppData\Local\Temp\surefire13179371917499503272 2024-04-20T14-49-13_267-jvmRun1 surefire-20240420144914514_1tmp surefire_0-20240420144914514_2tmp"/>
    <property name="jdk.debug" value="release"/>
    <property name="surefire.test.class.path" value="C:\Users\skaha\IdeaProjects\bdd-soal-prioritas-2\target\test-classes;C:\Users\skaha\IdeaProjects\bdd-soal-prioritas-2\target\bdd-soal-prioritas-2-1.0-SNAPSHOT.jar;C:\Users\skaha\.m2\repository\net\serenity-bdd\serenity-core\4.1.6\serenity-core-4.1.6.jar;C:\Users\skaha\.m2\repository\net\serenity-bdd\serenity-model\4.1.6\serenity-model-4.1.6.jar;C:\Users\skaha\.m2\repository\org\apache\commons\commons-text\1.11.0\commons-text-1.11.0.jar;C:\Users\skaha\.m2\repository\commons-net\commons-net\3.10.0\commons-net-3.10.0.jar;C:\Users\skaha\.m2\repository\com\google\guava\guava\33.1.0-jre\guava-33.1.0-jre.jar;C:\Users\skaha\.m2\repository\com\google\guava\failureaccess\1.0.2\failureaccess-1.0.2.jar;C:\Users\skaha\.m2\repository\com\google\guava\listenablefuture\9999.0-empty-to-avoid-conflict-with-guava\listenablefuture-9999.0-empty-to-avoid-conflict-with-guava.jar;C:\Users\skaha\.m2\repository\com\google\code\findbugs\jsr305\3.0.2\jsr305-3.0.2.jar;C:\Users\skaha\.m2\repository\org\checkerframework\checker-qual\3.42.0\checker-qual-3.42.0.jar;C:\Users\skaha\.m2\repository\com\google\errorprone\error_prone_annotations\2.26.1\error_prone_annotations-2.26.1.jar;C:\Users\skaha\.m2\repository\com\google\j2objc\j2objc-annotations\3.0.0\j2objc-annotations-3.0.0.jar;C:\Users\skaha\.m2\repository\org\jsoup\jsoup\1.15.4\jsoup-1.15.4.jar;C:\Users\skaha\.m2\repository\com\thoughtworks\xstream\xstream\1.4.20\xstream-1.4.20.jar;C:\Users\skaha\.m2\repository\io\github\x-stream\mxparser\1.2.2\mxparser-1.2.2.jar;C:\Users\skaha\.m2\repository\xmlpull\xmlpull\1.1.3.1\xmlpull-1.1.3.1.jar;C:\Users\skaha\.m2\repository\com\typesafe\config\1.4.3\config-1.4.3.jar;C:\Users\skaha\.m2\repository\org\imgscalr\imgscalr-lib\4.2\imgscalr-lib-4.2.jar;C:\Users\skaha\.m2\repository\org\awaitility\awaitility\4.2.0\awaitility-4.2.0.jar;C:\Users\skaha\.m2\repository\org\freemarker\freemarker\2.3.32\freemarker-2.3.32.jar;C:\Users\skaha\.m2\repository\io\github\classgraph\classgraph\4.8.157\classgraph-4.8.157.jar;C:\Users\skaha\.m2\repository\com\github\ben-manes\caffeine\caffeine\2.9.2\caffeine-2.9.2.jar;C:\Users\skaha\.m2\repository\org\ehcache\ehcache\3.10.8\ehcache-3.10.8.jar;C:\Users\skaha\.m2\repository\javax\cache\cache-api\1.1.0\cache-api-1.1.0.jar;C:\Users\skaha\.m2\repository\net\sourceforge\jexcelapi\jxl\2.6.12\jxl-2.6.12.jar;C:\Users\skaha\.m2\repository\net\bytebuddy\byte-buddy-agent\1.14.13\byte-buddy-agent-1.14.13.jar;C:\Users\skaha\.m2\repository\org\objenesis\objenesis\3.3\objenesis-3.3.jar;C:\Users\skaha\.m2\repository\com\vladsch\flexmark\flexmark-all\0.64.8\flexmark-all-0.64.8.jar;C:\Users\skaha\.m2\repository\com\vladsch\flexmark\flexmark\0.64.8\flexmark-0.64.8.jar;C:\Users\skaha\.m2\repository\com\vladsch\flexmark\flexmark-ext-abbreviation\0.64.8\flexmark-ext-abbreviation-0.64.8.jar;C:\Users\skaha\.m2\repository\com\vladsch\flexmark\flexmark-ext-admonition\0.64.8\flexmark-ext-admonition-0.64.8.jar;C:\Users\skaha\.m2\repository\com\vladsch\flexmark\flexmark-ext-anchorlink\0.64.8\flexmark-ext-anchorlink-0.64.8.jar;C:\Users\skaha\.m2\repository\com\vladsch\flexmark\flexmark-ext-aside\0.64.8\flexmark-ext-aside-0.64.8.jar;C:\Users\skaha\.m2\repository\com\vladsch\flexmark\flexmark-ext-attributes\0.64.8\flexmark-ext-attributes-0.64.8.jar;C:\Users\skaha\.m2\repository\com\vladsch\flexmark\flexmark-ext-autolink\0.64.8\flexmark-ext-autolink-0.64.8.jar;C:\Users\skaha\.m2\repository\org\nibor\autolink\autolink\0.6.0\autolink-0.6.0.jar;C:\Users\skaha\.m2\repository\com\vladsch\flexmark\flexmark-ext-definition\0.64.8\flexmark-ext-definition-0.64.8.jar;C:\Users\skaha\.m2\repository\com\vladsch\flexmark\flexmark-ext-emoji\0.64.8\flexmark-ext-emoji-0.64.8.jar;C:\Users\skaha\.m2\repository\com\vladsch\flexmark\flexmark-ext-enumerated-reference\0.64.8\flexmark-ext-enumerated-reference-0.64.8.jar;C:\Users\skaha\.m2\repository\com\vladsch\flexmark\flexmark-ext-escaped-character\0.64.8\flexmark-ext-escaped-character-0.64.8.jar;C:\Users\skaha\.m2\repository\com\vladsch\flexmark\flexmark-ext-footnotes\0.64.8\flexmark-ext-footnotes-0.64.8.jar;C:\Users\skaha\.m2\repository\com\vladsch\flexmark\flexmark-ext-gfm-issues\0.64.8\flexmark-ext-gfm-issues-0.64.8.jar;C:\Users\skaha\.m2\repository\com\vladsch\flexmark\flexmark-ext-gfm-strikethrough\0.64.8\flexmark-ext-gfm-strikethrough-0.64.8.jar;C:\Users\skaha\.m2\repository\com\vladsch\flexmark\flexmark-ext-gfm-tasklist\0.64.8\flexmark-ext-gfm-tasklist-0.64.8.jar;C:\Users\skaha\.m2\repository\com\vladsch\flexmark\flexmark-ext-gfm-users\0.64.8\flexmark-ext-gfm-users-0.64.8.jar;C:\Users\skaha\.m2\repository\com\vladsch\flexmark\flexmark-ext-gitlab\0.64.8\flexmark-ext-gitlab-0.64.8.jar;C:\Users\skaha\.m2\repository\com\vladsch\flexmark\flexmark-ext-jekyll-front-matter\0.64.8\flexmark-ext-jekyll-front-matter-0.64.8.jar;C:\Users\skaha\.m2\repository\com\vladsch\flexmark\flexmark-ext-jekyll-tag\0.64.8\flexmark-ext-jekyll-tag-0.64.8.jar;C:\Users\skaha\.m2\repository\com\vladsch\flexmark\flexmark-ext-media-tags\0.64.8\flexmark-ext-media-tags-0.64.8.jar;C:\Users\skaha\.m2\repository\com\vladsch\flexmark\flexmark-ext-macros\0.64.8\flexmark-ext-macros-0.64.8.jar;C:\Users\skaha\.m2\repository\com\vladsch\flexmark\flexmark-ext-ins\0.64.8\flexmark-ext-ins-0.64.8.jar;C:\Users\skaha\.m2\repository\com\vladsch\flexmark\flexmark-ext-xwiki-macros\0.64.8\flexmark-ext-xwiki-macros-0.64.8.jar;C:\Users\skaha\.m2\repository\com\vladsch\flexmark\flexmark-ext-superscript\0.64.8\flexmark-ext-superscript-0.64.8.jar;C:\Users\skaha\.m2\repository\com\vladsch\flexmark\flexmark-ext-toc\0.64.8\flexmark-ext-toc-0.64.8.jar;C:\Users\skaha\.m2\repository\com\vladsch\flexmark\flexmark-ext-typographic\0.64.8\flexmark-ext-typographic-0.64.8.jar;C:\Users\skaha\.m2\repository\com\vladsch\flexmark\flexmark-ext-wikilink\0.64.8\flexmark-ext-wikilink-0.64.8.jar;C:\Users\skaha\.m2\repository\com\vladsch\flexmark\flexmark-ext-yaml-front-matter\0.64.8\flexmark-ext-yaml-front-matter-0.64.8.jar;C:\Users\skaha\.m2\repository\com\vladsch\flexmark\flexmark-ext-youtube-embedded\0.64.8\flexmark-ext-youtube-embedded-0.64.8.jar;C:\Users\skaha\.m2\repository\com\vladsch\flexmark\flexmark-html2md-converter\0.64.8\flexmark-html2md-converter-0.64.8.jar;C:\Users\skaha\.m2\repository\com\vladsch\flexmark\flexmark-jira-converter\0.64.8\flexmark-jira-converter-0.64.8.jar;C:\Users\skaha\.m2\repository\com\vladsch\flexmark\flexmark-pdf-converter\0.64.8\flexmark-pdf-converter-0.64.8.jar;C:\Users\skaha\.m2\repository\com\openhtmltopdf\openhtmltopdf-core\1.0.10\openhtmltopdf-core-1.0.10.jar;C:\Users\skaha\.m2\repository\com\openhtmltopdf\openhtmltopdf-pdfbox\1.0.10\openhtmltopdf-pdfbox-1.0.10.jar;C:\Users\skaha\.m2\repository\org\apache\pdfbox\pdfbox\2.0.24\pdfbox-2.0.24.jar;C:\Users\skaha\.m2\repository\org\apache\pdfbox\fontbox\2.0.24\fontbox-2.0.24.jar;C:\Users\skaha\.m2\repository\org\apache\pdfbox\xmpbox\2.0.24\xmpbox-2.0.24.jar;C:\Users\skaha\.m2\repository\de\rototor\pdfbox\graphics2d\0.32\graphics2d-0.32.jar;C:\Users\skaha\.m2\repository\com\openhtmltopdf\openhtmltopdf-rtl-support\1.0.10\openhtmltopdf-rtl-support-1.0.10.jar;C:\Users\skaha\.m2\repository\com\vladsch\flexmark\flexmark-profile-pegdown\0.64.8\flexmark-profile-pegdown-0.64.8.jar;C:\Users\skaha\.m2\repository\com\vladsch\flexmark\flexmark-util-ast\0.64.8\flexmark-util-ast-0.64.8.jar;C:\Users\skaha\.m2\repository\com\vladsch\flexmark\flexmark-util-builder\0.64.8\flexmark-util-builder-0.64.8.jar;C:\Users\skaha\.m2\repository\com\vladsch\flexmark\flexmark-util-collection\0.64.8\flexmark-util-collection-0.64.8.jar;C:\Users\skaha\.m2\repository\com\vladsch\flexmark\flexmark-util-data\0.64.8\flexmark-util-data-0.64.8.jar;C:\Users\skaha\.m2\repository\com\vladsch\flexmark\flexmark-util-dependency\0.64.8\flexmark-util-dependency-0.64.8.jar;C:\Users\skaha\.m2\repository\com\vladsch\flexmark\flexmark-util-format\0.64.8\flexmark-util-format-0.64.8.jar;C:\Users\skaha\.m2\repository\com\vladsch\flexmark\flexmark-util-html\0.64.8\flexmark-util-html-0.64.8.jar;C:\Users\skaha\.m2\repository\com\vladsch\flexmark\flexmark-util-misc\0.64.8\flexmark-util-misc-0.64.8.jar;C:\Users\skaha\.m2\repository\com\vladsch\flexmark\flexmark-util-options\0.64.8\flexmark-util-options-0.64.8.jar;C:\Users\skaha\.m2\repository\com\vladsch\flexmark\flexmark-util-sequence\0.64.8\flexmark-util-sequence-0.64.8.jar;C:\Users\skaha\.m2\repository\com\vladsch\flexmark\flexmark-util-visitor\0.64.8\flexmark-util-visitor-0.64.8.jar;C:\Users\skaha\.m2\repository\com\vladsch\flexmark\flexmark-youtrack-converter\0.64.8\flexmark-youtrack-converter-0.64.8.jar;C:\Users\skaha\.m2\repository\com\vladsch\flexmark\flexmark-ext-resizable-image\0.64.8\flexmark-ext-resizable-image-0.64.8.jar;C:\Users\skaha\.m2\repository\com\vladsch\flexmark\flexmark-ext-tables\0.64.8\flexmark-ext-tables-0.64.8.jar;C:\Users\skaha\.m2\repository\com\vladsch\flexmark\flexmark-util\0.64.8\flexmark-util-0.64.8.jar;C:\Users\skaha\.m2\repository\net\serenity-bdd\serenity-reports\4.1.6\serenity-reports-4.1.6.jar;C:\Users\skaha\.m2\repository\net\serenity-bdd\serenity-stats\4.1.6\serenity-stats-4.1.6.jar;C:\Users\skaha\.m2\repository\net\serenity-bdd\serenity-reports-configuration\4.1.6\serenity-reports-configuration-4.1.6.jar;C:\Users\skaha\.m2\repository\com\ibm\icu\icu4j\72.1\icu4j-72.1.jar;C:\Users\skaha\.m2\repository\es\nitaur\markdown\txtmark\0.16\txtmark-0.16.jar;C:\Users\skaha\.m2\repository\net\serenity-bdd\serenity-report-resources\4.1.6\serenity-report-resources-4.1.6.jar;C:\Users\skaha\.m2\repository\com\google\code\gson\gson\2.10.1\gson-2.10.1.jar;C:\Users\skaha\.m2\repository\com\fasterxml\jackson\core\jackson-core\2.17.0\jackson-core-2.17.0.jar;C:\Users\skaha\.m2\repository\com\fasterxml\jackson\core\jackson-databind\2.17.0\jackson-databind-2.17.0.jar;C:\Users\skaha\.m2\repository\com\fasterxml\jackson\core\jackson-annotations\2.17.0\jackson-annotations-2.17.0.jar;C:\Users\skaha\.m2\repository\commons-codec\commons-codec\1.16.1\commons-codec-1.16.1.jar;C:\Users\skaha\.m2\repository\commons-io\commons-io\2.15.1\commons-io-2.15.1.jar;C:\Users\skaha\.m2\repository\org\apache\httpcomponents\httpclient\4.5.13\httpclient-4.5.13.jar;C:\Users\skaha\.m2\repository\org\apache\httpcomponents\httpcore\4.4.13\httpcore-4.4.13.jar;C:\Users\skaha\.m2\repository\commons-logging\commons-logging\1.2\commons-logging-1.2.jar;C:\Users\skaha\.m2\repository\org\seleniumhq\selenium\selenium-java\4.19.0\selenium-java-4.19.0.jar;C:\Users\skaha\.m2\repository\org\seleniumhq\selenium\selenium-devtools-v121\4.19.0\selenium-devtools-v121-4.19.0.jar;C:\Users\skaha\.m2\repository\org\seleniumhq\selenium\selenium-devtools-v122\4.19.0\selenium-devtools-v122-4.19.0.jar;C:\Users\skaha\.m2\repository\org\seleniumhq\selenium\selenium-devtools-v123\4.19.0\selenium-devtools-v123-4.19.0.jar;C:\Users\skaha\.m2\repository\org\seleniumhq\selenium\selenium-devtools-v85\4.19.0\selenium-devtools-v85-4.19.0.jar;C:\Users\skaha\.m2\repository\org\seleniumhq\selenium\selenium-remote-driver\4.19.0\selenium-remote-driver-4.19.0.jar;C:\Users\skaha\.m2\repository\io\opentelemetry\semconv\opentelemetry-semconv\1.23.1-alpha\opentelemetry-semconv-1.23.1-alpha.jar;C:\Users\skaha\.m2\repository\io\opentelemetry\opentelemetry-api\1.36.0\opentelemetry-api-1.36.0.jar;C:\Users\skaha\.m2\repository\io\opentelemetry\opentelemetry-context\1.36.0\opentelemetry-context-1.36.0.jar;C:\Users\skaha\.m2\repository\io\opentelemetry\opentelemetry-exporter-logging\1.36.0\opentelemetry-exporter-logging-1.36.0.jar;C:\Users\skaha\.m2\repository\io\opentelemetry\opentelemetry-sdk-common\1.36.0\opentelemetry-sdk-common-1.36.0.jar;C:\Users\skaha\.m2\repository\io\opentelemetry\opentelemetry-sdk-extension-autoconfigure-spi\1.36.0\opentelemetry-sdk-extension-autoconfigure-spi-1.36.0.jar;C:\Users\skaha\.m2\repository\io\opentelemetry\opentelemetry-sdk-extension-autoconfigure\1.36.0\opentelemetry-sdk-extension-autoconfigure-1.36.0.jar;C:\Users\skaha\.m2\repository\io\opentelemetry\opentelemetry-api-events\1.36.0-alpha\opentelemetry-api-events-1.36.0-alpha.jar;C:\Users\skaha\.m2\repository\io\opentelemetry\opentelemetry-sdk-trace\1.36.0\opentelemetry-sdk-trace-1.36.0.jar;C:\Users\skaha\.m2\repository\io\opentelemetry\opentelemetry-extension-incubator\1.36.0-alpha\opentelemetry-extension-incubator-1.36.0-alpha.jar;C:\Users\skaha\.m2\repository\io\opentelemetry\opentelemetry-sdk\1.36.0\opentelemetry-sdk-1.36.0.jar;C:\Users\skaha\.m2\repository\io\opentelemetry\opentelemetry-sdk-metrics\1.36.0\opentelemetry-sdk-metrics-1.36.0.jar;C:\Users\skaha\.m2\repository\io\opentelemetry\opentelemetry-sdk-logs\1.36.0\opentelemetry-sdk-logs-1.36.0.jar;C:\Users\skaha\.m2\repository\org\seleniumhq\selenium\selenium-os\4.19.0\selenium-os-4.19.0.jar;C:\Users\skaha\.m2\repository\org\apache\commons\commons-exec\1.3\commons-exec-1.3.jar;C:\Users\skaha\.m2\repository\org\seleniumhq\selenium\selenium-safari-driver\4.19.0\selenium-safari-driver-4.19.0.jar;C:\Users\skaha\.m2\repository\org\seleniumhq\selenium\selenium-api\4.19.0\selenium-api-4.19.0.jar;C:\Users\skaha\.m2\repository\org\seleniumhq\selenium\selenium-support\4.19.0\selenium-support-4.19.0.jar;C:\Users\skaha\.m2\repository\com\google\auto\service\auto-service-annotations\1.1.1\auto-service-annotations-1.1.1.jar;C:\Users\skaha\.m2\repository\org\seleniumhq\selenium\selenium-json\4.19.0\selenium-json-4.19.0.jar;C:\Users\skaha\.m2\repository\org\seleniumhq\selenium\selenium-chrome-driver\4.19.0\selenium-chrome-driver-4.19.0.jar;C:\Users\skaha\.m2\repository\org\seleniumhq\selenium\selenium-chromium-driver\4.19.0\selenium-chromium-driver-4.19.0.jar;C:\Users\skaha\.m2\repository\org\seleniumhq\selenium\selenium-manager\4.19.0\selenium-manager-4.19.0.jar;C:\Users\skaha\.m2\repository\org\seleniumhq\selenium\selenium-firefox-driver\4.19.0\selenium-firefox-driver-4.19.0.jar;C:\Users\skaha\.m2\repository\org\seleniumhq\selenium\selenium-http\4.19.0\selenium-http-4.19.0.jar;C:\Users\skaha\.m2\repository\dev\failsafe\failsafe\3.3.2\failsafe-3.3.2.jar;C:\Users\skaha\.m2\repository\org\seleniumhq\selenium\selenium-edge-driver\4.19.0\selenium-edge-driver-4.19.0.jar;C:\Users\skaha\.m2\repository\org\seleniumhq\selenium\selenium-ie-driver\4.19.0\selenium-ie-driver-4.19.0.jar;C:\Users\skaha\.m2\repository\org\htmlunit\htmlunit\3.11.0\htmlunit-3.11.0.jar;C:\Users\skaha\.m2\repository\org\apache\httpcomponents\httpmime\4.5.14\httpmime-4.5.14.jar;C:\Users\skaha\.m2\repository\org\htmlunit\htmlunit-core-js\3.11.0\htmlunit-core-js-3.11.0.jar;C:\Users\skaha\.m2\repository\org\htmlunit\neko-htmlunit\3.11.2\neko-htmlunit-3.11.2.jar;C:\Users\skaha\.m2\repository\org\htmlunit\htmlunit-cssparser\3.11.0\htmlunit-cssparser-3.11.0.jar;C:\Users\skaha\.m2\repository\org\htmlunit\htmlunit-xpath\3.11.0\htmlunit-xpath-3.11.0.jar;C:\Users\skaha\.m2\repository\org\htmlunit\htmlunit-csp\3.11.0\htmlunit-csp-3.11.0.jar;C:\Users\skaha\.m2\repository\org\brotli\dec\0.1.2\dec-0.1.2.jar;C:\Users\skaha\.m2\repository\org\eclipse\jetty\websocket\websocket-client\9.4.53.v20231009\websocket-client-9.4.53.v20231009.jar;C:\Users\skaha\.m2\repository\org\eclipse\jetty\jetty-client\9.4.53.v20231009\jetty-client-9.4.53.v20231009.jar;C:\Users\skaha\.m2\repository\org\eclipse\jetty\jetty-http\9.4.53.v20231009\jetty-http-9.4.53.v20231009.jar;C:\Users\skaha\.m2\repository\org\eclipse\jetty\jetty-util\9.4.53.v20231009\jetty-util-9.4.53.v20231009.jar;C:\Users\skaha\.m2\repository\org\eclipse\jetty\jetty-io\9.4.53.v20231009\jetty-io-9.4.53.v20231009.jar;C:\Users\skaha\.m2\repository\org\eclipse\jetty\websocket\websocket-common\9.4.53.v20231009\websocket-common-9.4.53.v20231009.jar;C:\Users\skaha\.m2\repository\org\eclipse\jetty\websocket\websocket-api\9.4.53.v20231009\websocket-api-9.4.53.v20231009.jar;C:\Users\skaha\.m2\repository\org\seleniumhq\selenium\htmlunit3-driver\4.18.1\htmlunit3-driver-4.18.1.jar;C:\Users\skaha\.m2\repository\io\appium\java-client\9.0.0\java-client-9.0.0.jar;C:\Users\skaha\.m2\repository\org\apache\groovy\groovy\4.0.13\groovy-4.0.13.jar;C:\Users\skaha\.m2\repository\net\sf\opencsv\opencsv\2.1\opencsv-2.1.jar;C:\Users\skaha\.m2\repository\org\apache\commons\commons-lang3\3.14.0\commons-lang3-3.14.0.jar;C:\Users\skaha\.m2\repository\org\apache\commons\commons-compress\1.26.0\commons-compress-1.26.0.jar;C:\Users\skaha\.m2\repository\org\fluentlenium\fluentlenium-core\0.10.2\fluentlenium-core-0.10.2.jar;C:\Users\skaha\.m2\repository\com\jhlabs\filters\2.0.235\filters-2.0.235.jar;C:\Users\skaha\.m2\repository\com\paulhammant\ngwebdriver\1.1.6\ngwebdriver-1.1.6.jar;C:\Users\skaha\.m2\repository\joda-time\joda-time\2.12.5\joda-time-2.12.5.jar;C:\Users\skaha\.m2\repository\org\hamcrest\hamcrest\2.2\hamcrest-2.2.jar;C:\Users\skaha\.m2\repository\com\google\jimfs\jimfs\1.3.0\jimfs-1.3.0.jar;C:\Users\skaha\.m2\repository\org\mockito\mockito-core\3.3.3\mockito-core-3.3.3.jar;C:\Users\skaha\.m2\repository\javax\xml\bind\jaxb-api\2.3.1\jaxb-api-2.3.1.jar;C:\Users\skaha\.m2\repository\javax\activation\javax.activation-api\1.2.0\javax.activation-api-1.2.0.jar;C:\Users\skaha\.m2\repository\com\sun\xml\bind\jaxb-core\2.3.0.1\jaxb-core-2.3.0.1.jar;C:\Users\skaha\.m2\repository\com\sun\xml\bind\jaxb-impl\2.3.3\jaxb-impl-2.3.3.jar;C:\Users\skaha\.m2\repository\jakarta\xml\bind\jakarta.xml.bind-api\2.3.3\jakarta.xml.bind-api-2.3.3.jar;C:\Users\skaha\.m2\repository\com\sun\activation\jakarta.activation\1.2.2\jakarta.activation-1.2.2.jar;C:\Users\skaha\.m2\repository\javax\activation\activation\1.1.1\activation-1.1.1.jar;C:\Users\skaha\.m2\repository\net\serenity-bdd\serenity-cucumber\4.1.6\serenity-cucumber-4.1.6.jar;C:\Users\skaha\.m2\repository\io\cucumber\cucumber-core\7.16.1\cucumber-core-7.16.1.jar;C:\Users\skaha\.m2\repository\io\cucumber\cucumber-gherkin\7.16.1\cucumber-gherkin-7.16.1.jar;C:\Users\skaha\.m2\repository\io\cucumber\cucumber-gherkin-messages\7.16.1\cucumber-gherkin-messages-7.16.1.jar;C:\Users\skaha\.m2\repository\io\cucumber\gherkin\28.0.0\gherkin-28.0.0.jar;C:\Users\skaha\.m2\repository\io\cucumber\messages\24.1.0\messages-24.1.0.jar;C:\Users\skaha\.m2\repository\io\cucumber\tag-expressions\6.1.0\tag-expressions-6.1.0.jar;C:\Users\skaha\.m2\repository\io\cucumber\cucumber-expressions\17.1.0\cucumber-expressions-17.1.0.jar;C:\Users\skaha\.m2\repository\io\cucumber\datatable\7.16.1\datatable-7.16.1.jar;C:\Users\skaha\.m2\repository\io\cucumber\cucumber-plugin\7.16.1\cucumber-plugin-7.16.1.jar;C:\Users\skaha\.m2\repository\io\cucumber\docstring\7.16.1\docstring-7.16.1.jar;C:\Users\skaha\.m2\repository\io\cucumber\html-formatter\21.3.0\html-formatter-21.3.0.jar;C:\Users\skaha\.m2\repository\io\cucumber\junit-xml-formatter\0.3.0\junit-xml-formatter-0.3.0.jar;C:\Users\skaha\.m2\repository\io\cucumber\ci-environment\10.0.1\ci-environment-10.0.1.jar;C:\Users\skaha\.m2\repository\io\cucumber\cucumber-java\7.16.1\cucumber-java-7.16.1.jar;C:\Users\skaha\.m2\repository\io\cucumber\cucumber-junit\7.16.1\cucumber-junit-7.16.1.jar;C:\Users\skaha\.m2\repository\org\apache\commons\commons-csv\1.5\commons-csv-1.5.jar;C:\Users\skaha\.m2\repository\net\serenity-bdd\serenity-screenplay\4.1.6\serenity-screenplay-4.1.6.jar;C:\Users\skaha\.m2\repository\net\serenity-bdd\serenity-screenplay-webdriver\4.1.6\serenity-screenplay-webdriver-4.1.6.jar;C:\Users\skaha\.m2\repository\net\serenity-bdd\serenity-ensure\4.1.6\serenity-ensure-4.1.6.jar;C:\Users\skaha\.m2\repository\org\jetbrains\kotlin\kotlin-stdlib\1.9.23\kotlin-stdlib-1.9.23.jar;C:\Users\skaha\.m2\repository\org\jetbrains\annotations\13.0\annotations-13.0.jar;C:\Users\skaha\.m2\repository\org\junit\platform\junit-platform-launcher\1.10.2\junit-platform-launcher-1.10.2.jar;C:\Users\skaha\.m2\repository\org\junit\platform\junit-platform-engine\1.10.2\junit-platform-engine-1.10.2.jar;C:\Users\skaha\.m2\repository\org\opentest4j\opentest4j\1.3.0\opentest4j-1.3.0.jar;C:\Users\skaha\.m2\repository\org\junit\platform\junit-platform-commons\1.10.2\junit-platform-commons-1.10.2.jar;C:\Users\skaha\.m2\repository\org\apiguardian\apiguardian-api\1.1.2\apiguardian-api-1.1.2.jar;C:\Users\skaha\.m2\repository\io\cucumber\cucumber-junit-platform-engine\7.16.1\cucumber-junit-platform-engine-7.16.1.jar;C:\Users\skaha\.m2\repository\org\junit\platform\junit-platform-suite\1.10.2\junit-platform-suite-1.10.2.jar;C:\Users\skaha\.m2\repository\org\junit\platform\junit-platform-suite-api\1.10.2\junit-platform-suite-api-1.10.2.jar;C:\Users\skaha\.m2\repository\org\junit\platform\junit-platform-suite-engine\1.10.2\junit-platform-suite-engine-1.10.2.jar;C:\Users\skaha\.m2\repository\org\junit\platform\junit-platform-suite-commons\1.10.2\junit-platform-suite-commons-1.10.2.jar;C:\Users\skaha\.m2\repository\org\junit\jupiter\junit-jupiter-engine\5.10.2\junit-jupiter-engine-5.10.2.jar;C:\Users\skaha\.m2\repository\org\junit\jupiter\junit-jupiter-api\5.10.2\junit-jupiter-api-5.10.2.jar;C:\Users\skaha\.m2\repository\org\junit\vintage\junit-vintage-engine\5.10.2\junit-vintage-engine-5.10.2.jar;C:\Users\skaha\.m2\repository\junit\junit\4.13.2\junit-4.13.2.jar;C:\Users\skaha\.m2\repository\org\hamcrest\hamcrest-core\1.3\hamcrest-core-1.3.jar;C:\Users\skaha\.m2\repository\ch\qos\logback\logback-classic\1.2.10\logback-classic-1.2.10.jar;C:\Users\skaha\.m2\repository\ch\qos\logback\logback-core\1.2.10\logback-core-1.2.10.jar;C:\Users\skaha\.m2\repository\org\slf4j\slf4j-api\1.7.32\slf4j-api-1.7.32.jar;C:\Users\skaha\.m2\repository\org\assertj\assertj-core\3.23.1\assertj-core-3.23.1.jar;C:\Users\skaha\.m2\repository\net\bytebuddy\byte-buddy\1.12.10\byte-buddy-1.12.10.jar;"/>
    <property name="sun.cpu.endian" value="little"/>
    <property name="user.home" value="C:\Users\skaha"/>
    <property name="user.language" value="en"/>
    <property name="java.specification.vendor" value="Oracle Corporation"/>
    <property name="java.version.date" value="2023-01-17"/>
    <property name="java.home" value="C:\Program Files\Java\jdk-19"/>
    <property name="file.separator" value="\"/>
    <property name="basedir" value="C:\Users\skaha\IdeaProjects\bdd-soal-prioritas-2"/>
    <property name="java.vm.compressedOopsMode" value="32-bit"/>
    <property name="line.separator" value="&#10;"/>
    <property name="java.vm.specification.vendor" value="Oracle Corporation"/>
    <property name="java.specification.name" value="Java Platform API Specification"/>
    <property name="surefire.real.class.path" value="C:\Users\skaha\AppData\Local\Temp\surefire13179371917499503272\surefirebooter-20240420144914514_3.jar"/>
    <property name="user.script" value=""/>
    <property name="sun.management.compiler" value="HotSpot 64-Bit Tiered Compilers"/>
    <property name="java.runtime.version" value="19.0.2+7-44"/>
    <property name="user.name" value="skaha"/>
    <property name="stdout.encoding" value="Cp1252"/>
    <property name="path.separator" value=";"/>
    <property name="os.version" value="10.0"/>
    <property name="java.runtime.name" value="Java(TM) SE Runtime Environment"/>
    <property name="file.encoding" value="UTF-8"/>
    <property name="webdriver.base.url" value=""/>
    <property name="java.vm.name" value="Java HotSpot(TM) 64-Bit Server VM"/>
    <property name="localRepository" value="C:\Users\skaha\.m2\repository"/>
    <property name="java.vendor.url.bug" value="https://bugreport.java.com/bugreport/"/>
    <property name="java.io.tmpdir" value="C:\Users\skaha\AppData\Local\Temp\"/>
    <property name="java.version" value="19.0.2"/>
    <property name="user.dir" value="C:\Users\skaha\IdeaProjects\bdd-soal-prioritas-2"/>
    <property name="os.arch" value="amd64"/>
    <property name="java.vm.specification.name" value="Java Virtual Machine Specification"/>
    <property name="sun.os.patch.level" value=""/>
    <property name="native.encoding" value="Cp1252"/>
    <property name="java.library.path" value="C:\Program Files\Java\jdk-19\bin;C:\WINDOWS\Sun\Java\bin;C:\WINDOWS\system32;C:\WINDOWS;C:\Program Files\Java\jdk-19\bin;C:\Program Files\Common Files\Oracle\Java\javapath;C:\Program Files (x86)\Common Files\Oracle\Java\javapath;C:\Users\skaha\AppData\Local\Programs\Python\Python311\Scripts;C:\WINDOWS\system32;C:\WINDOWS;C:\WINDOWS\System32\Wbem;C:\WINDOWS\System32\WindowsPowerShell\v1.0\;C:\WINDOWS\System32\OpenSSH\;C:\Program Files\Git\cmd;C:\Program Files\Docker\Docker\resources\bin;C:\Maven\apache-maven-3.9.6\bin;C:\Program Files\nodejs\;C:\Users\skaha\AppData\Roaming\npm;C:\Program Files\PowerShell\7\;C:\Program Files\Java\jdk-19\bin;C:\Users\skaha\AppData\Local\Programs\Python\Python311\Scripts\;C:\Users\skaha\AppData\Local\Programs\Python\Python311\;C:\Users\skaha\AppData\Local\Programs\Python\Python311\Scripts;C:\Users\skaha\AppData\Local\Microsoft\WindowsApps;C:\altera\13.0sp1\modelsim_ase\win32aloem;C:\altera\13.0sp1\modelsim_ae\win32aloem;C:\Users\skaha\AppData\Local\Programs\Microsoft VS Code\bin;C:\Users\skaha\AppData\Roaming\npm;;."/>
    <property name="java.vm.info" value="mixed mode, sharing"/>
    <property name="stderr.encoding" value="Cp1252"/>
    <property name="java.vendor" value="Oracle Corporation"/>
    <property name="java.vm.version" value="19.0.2+7-44"/>
    <property name="sun.io.unicode.encoding" value="UnicodeLittle"/>
    <property name="java.class.version" value="63.0"/>
  </properties>
  <testcase name="Successful Login with Valid Credentials" classname="Login" time="1.211">
    <system-out><![CDATA[14:49:24.397 [main] DEBUG io.cucumber.core.plugin.SerenityReporter - SRP:handleTestRunStarted Thread[#1,main,5,main] 
14:49:25.022 [main] DEBUG io.cucumber.core.plugin.SerenityReporter - SRP:handleTestSourceRead Thread[#1,main,5,main]
14:49:25.022 [main] DEBUG io.cucumber.core.plugin.SerenityReporter - Running feature from classpath:features/Login.feature
14:49:25.229 [main] INFO  - 

-------------------------------------------------------------------------------------
     _______. _______ .______       _______ .__   __.  __  .___________.____    ____ 
    /       ||   ____||   _  \     |   ____||  \ |  | |  | |           |\   \  /   / 
   |   (----`|  |__   |  |_)  |    |  |__   |   \|  | |  | `---|  |----` \   \/   /  
    \   \    |   __|  |      /     |   __|  |  . `  | |  |     |  |       \_    _/   
.----)   |   |  |____ |  |\  \----.|  |____ |  |\   | |  |     |  |         |  |     
|_______/    |_______|| _| `._____||_______||__| \__| |__|     |__|         |__|    
                                                                                     
 News and tutorials at https://serenity-bdd.info                                     
 Documentation at https://serenity-bdd.github.io                                     
 Test Automation Training and Coaching: https://www.serenity-dojo.com                
 Commercial Support: https://www.serenity-dojo.com/serenity-bdd-enterprise-support   
 Join the Serenity Community on Gitter: https://gitter.im/serenity-bdd/serenity-core 
-------------------------------------------------------------------------------------

14:49:25.256 [main] DEBUG net.thucydides.core.steps.StepEventBus - Test suite started for story net.thucydides.model.domain.Story@e0871355
14:49:25.288 [main] INFO  - Test Suite Started: Login
14:49:25.800 [main] DEBUG io.cucumber.core.plugin.SerenityReporter - SRP:handleTestCaseStarted classpath:features/Login.feature Thread[#1,main,5,main] 889c2ac8-c432-4261-9423-21d653800ec6 at line 6
14:49:25.805 [main] DEBUG net.thucydides.core.steps.session.TestSession - SRP:SessionStart: id 889c2ac8-c432-4261-9423-21d653800ec6
14:49:25.815 [main] DEBUG io.cucumber.core.plugin.SerenityReporter - Running feature from classpath:features/Login.feature
14:49:25.821 [main] DEBUG io.cucumber.core.plugin.ScenarioContextParallel - SRP:addHighPriorityStepEventBusEvent net.thucydides.core.steps.events.SetTestSourceEvent@7435a578 Thread[#1,main,5,main] Login;successful-login-with-valid-credentials
14:49:25.837 [main] DEBUG io.cucumber.core.plugin.SerenityReporter - SRP:startScenario classpath:features/Login.feature Thread[#1,main,5,main] 889c2ac8-c432-4261-9423-21d653800ec6 at line 6
14:49:25.853 [main] DEBUG io.cucumber.core.plugin.ScenarioContextParallel - SRP:addHighPriorityStepEventBusEvent EventBusEvent TEST_STARTED_EVENT with name Successful Login with Valid Credentials login;successful-login-with-valid-credentials Thread[#1,main,5,main] Login;successful-login-with-valid-credentials
14:49:25.853 [main] DEBUG net.thucydides.core.steps.session.TestSession - SRP:SessionAddEvent: id 889c2ac8-c432-4261-9423-21d653800ec6 net.thucydides.core.steps.events.AddDescriptionToCurrentTestEvent@706cb08
14:49:25.864 [main] DEBUG net.thucydides.core.steps.session.TestSession - SRP:SessionAddEvent: id 889c2ac8-c432-4261-9423-21d653800ec6 EventBusEvent ADD_TAGS_TO_CURRENT_TEST_EVENT []
14:49:25.864 [main] DEBUG net.thucydides.core.steps.session.TestSession - SRP:SessionAddEvent: id 889c2ac8-c432-4261-9423-21d653800ec6 EventBusEvent ADD_TAGS_TO_CURRENT_TEST_EVENT []
14:49:25.869 [main] DEBUG net.thucydides.core.steps.session.TestSession - SRP:SessionAddEvent: id 889c2ac8-c432-4261-9423-21d653800ec6 EventBusEvent ADD_TAGS_TO_CURRENT_TEST_EVENT []

Scenario: Successful Login with Valid Credentials &amp#27;[90m# features/Login.feature:6&amp#27;[0m
14:49:25.885 [main] DEBUG io.cucumber.core.plugin.SerenityReporter - Running feature from classpath:features/Login.feature
14:49:25.890 [main] DEBUG io.cucumber.core.plugin.SerenityReporter - SRP:handleTestStepStarted  classpath:features/Login.feature Thread[#1,main,5,main] 889c2ac8-c432-4261-9423-21d653800ec6 at line 6
14:49:25.910 [main] DEBUG net.thucydides.core.steps.session.TestSession - SRP:SessionAddEvent: id 889c2ac8-c432-4261-9423-21d653800ec6 EventBusEvent STEP_STARTED_EVENT Given I am on the login page Given I am on the login page
14:49:25.910 [main] DEBUG net.thucydides.core.steps.session.TestSession - SRP:SessionAddEvent: id 889c2ac8-c432-4261-9423-21d653800ec6 net.thucydides.core.steps.events.UpdateCurrentStepTitleEvent@42435b98
14:49:26.536 [main] DEBUG io.cucumber.core.plugin.SerenityReporter - SRP:handleTestStepFinished  classpath:features/Login.feature Thread[#1,main,5,main] 889c2ac8-c432-4261-9423-21d653800ec6 at line 6
14:49:26.536 [main] DEBUG io.cucumber.core.plugin.SerenityReporter - Running feature from classpath:features/Login.feature
14:49:26.700 [main] DEBUG net.thucydides.core.steps.session.TestSession - SRP:SessionAddEvent: id 889c2ac8-c432-4261-9423-21d653800ec6 net.serenitybdd.cucumber.events.StepFinishedWithResultEvent@c3177d5
  &amp#27;[32mGiven &amp#27;[0m&amp#27;[32mI am on the login page&amp#27;[0m                    &amp#27;[90m# STARTER.stepdefinition.LoginSteps.onLoginPage()&amp#27;[0m
14:49:26.712 [main] DEBUG io.cucumber.core.plugin.SerenityReporter - Running feature from classpath:features/Login.feature
14:49:26.712 [main] DEBUG io.cucumber.core.plugin.SerenityReporter - SRP:handleTestStepStarted  classpath:features/Login.feature Thread[#1,main,5,main] 889c2ac8-c432-4261-9423-21d653800ec6 at line 6
14:49:26.712 [main] DEBUG net.thucydides.core.steps.session.TestSession - SRP:SessionAddEvent: id 889c2ac8-c432-4261-9423-21d653800ec6 EventBusEvent STEP_STARTED_EVENT When I enter my valid username and password When I enter my valid username and password
14:49:26.715 [main] DEBUG net.thucydides.core.steps.session.TestSession - SRP:SessionAddEvent: id 889c2ac8-c432-4261-9423-21d653800ec6 net.thucydides.core.steps.events.UpdateCurrentStepTitleEvent@48cd9a2c
14:49:26.715 [main] DEBUG io.cucumber.core.plugin.SerenityReporter - SRP:handleTestStepFinished  classpath:features/Login.feature Thread[#1,main,5,main] 889c2ac8-c432-4261-9423-21d653800ec6 at line 6
14:49:26.715 [main] DEBUG io.cucumber.core.plugin.SerenityReporter - Running feature from classpath:features/Login.feature
14:49:26.718 [main] DEBUG net.thucydides.core.steps.session.TestSession - SRP:SessionAddEvent: id 889c2ac8-c432-4261-9423-21d653800ec6 net.serenitybdd.cucumber.events.StepFinishedWithResultEvent@771d1ffb
  &amp#27;[32mWhen &amp#27;[0m&amp#27;[32mI enter my valid username and password&amp#27;[0m     &amp#27;[90m# STARTER.stepdefinition.LoginSteps.enterValidCredentials()&amp#27;[0m
14:49:26.718 [main] DEBUG io.cucumber.core.plugin.SerenityReporter - Running feature from classpath:features/Login.feature
14:49:26.718 [main] DEBUG io.cucumber.core.plugin.SerenityReporter - SRP:handleTestStepStarted  classpath:features/Login.feature Thread[#1,main,5,main] 889c2ac8-c432-4261-9423-21d653800ec6 at line 6
14:49:26.718 [main] DEBUG net.thucydides.core.steps.session.TestSession - SRP:SessionAddEvent: id 889c2ac8-c432-4261-9423-21d653800ec6 EventBusEvent STEP_STARTED_EVENT And I click "Sign In" button And I click "Sign In" button
14:49:26.718 [main] DEBUG net.thucydides.core.steps.session.TestSession - SRP:SessionAddEvent: id 889c2ac8-c432-4261-9423-21d653800ec6 net.thucydides.core.steps.events.UpdateCurrentStepTitleEvent@4f67e3df
14:49:26.718 [main] DEBUG io.cucumber.core.plugin.SerenityReporter - SRP:handleTestStepFinished  classpath:features/Login.feature Thread[#1,main,5,main] 889c2ac8-c432-4261-9423-21d653800ec6 at line 6
14:49:26.723 [main] DEBUG io.cucumber.core.plugin.SerenityReporter - Running feature from classpath:features/Login.feature
14:49:26.723 [main] DEBUG net.thucydides.core.steps.session.TestSession - SRP:SessionAddEvent: id 889c2ac8-c432-4261-9423-21d653800ec6 net.serenitybdd.cucumber.events.StepFinishedWithResultEvent@56681eaf
  &amp#27;[32mAnd &amp#27;[0m&amp#27;[32mI click "Sign In" button&amp#27;[0m                    &amp#27;[90m# STARTER.stepdefinition.LoginSteps.clickSignInButton()&amp#27;[0m
14:49:26.723 [main] DEBUG io.cucumber.core.plugin.SerenityReporter - Running feature from classpath:features/Login.feature
14:49:26.723 [main] DEBUG io.cucumber.core.plugin.SerenityReporter - SRP:handleTestStepStarted  classpath:features/Login.feature Thread[#1,main,5,main] 889c2ac8-c432-4261-9423-21d653800ec6 at line 6
14:49:26.723 [main] DEBUG net.thucydides.core.steps.session.TestSession - SRP:SessionAddEvent: id 889c2ac8-c432-4261-9423-21d653800ec6 EventBusEvent STEP_STARTED_EVENT Then I should be directed to the HomePage Then I should be directed to the HomePage
14:49:26.723 [main] DEBUG net.thucydides.core.steps.session.TestSession - SRP:SessionAddEvent: id 889c2ac8-c432-4261-9423-21d653800ec6 net.thucydides.core.steps.events.UpdateCurrentStepTitleEvent@72d0f2b4
14:49:26.723 [main] DEBUG io.cucumber.core.plugin.SerenityReporter - SRP:handleTestStepFinished  classpath:features/Login.feature Thread[#1,main,5,main] 889c2ac8-c432-4261-9423-21d653800ec6 at line 6
14:49:26.723 [main] DEBUG io.cucumber.core.plugin.SerenityReporter - Running feature from classpath:features/Login.feature
14:49:26.728 [main] DEBUG net.thucydides.core.steps.session.TestSession - SRP:SessionAddEvent: id 889c2ac8-c432-4261-9423-21d653800ec6 net.serenitybdd.cucumber.events.StepFinishedWithResultEvent@6d2dc9d2
  &amp#27;[32mThen &amp#27;[0m&amp#27;[32mI should be directed to the HomePage&amp#27;[0m       &amp#27;[90m# STARTER.stepdefinition.LoginSteps.verifyHomePageAccess()&amp#27;[0m
14:49:26.731 [main] DEBUG io.cucumber.core.plugin.SerenityReporter - SRP:handleTestCaseFinished  classpath:features/Login.feature Thread[#1,main,5,main] 889c2ac8-c432-4261-9423-21d653800ec6 at line 6
14:49:26.731 [main] DEBUG io.cucumber.core.plugin.SerenityReporter - Running feature from classpath:features/Login.feature
14:49:26.731 [main] DEBUG net.thucydides.core.steps.session.TestSession - SRP:SessionAddEvent: id 889c2ac8-c432-4261-9423-21d653800ec6 EventBusEvent TEST_FINISHED_EVENT  false scenario Login;successful-login-with-valid-credentials
14:49:26.731 [main] DEBUG net.thucydides.core.steps.session.TestSession - SRP:SessionEnd: id 889c2ac8-c432-4261-9423-21d653800ec6
]]></system-out>
  </testcase>
  <testcase name="Failed Login with Invalid Credentials" classname="Login" time="0.095">
    <system-out><![CDATA[14:49:26.803 [main] DEBUG io.cucumber.core.plugin.SerenityReporter - SRP:handleTestCaseStarted classpath:features/Login.feature Thread[#1,main,5,main] aecf8237-4c90-4bc1-9091-e86528feec1a at line 12
14:49:26.803 [main] DEBUG net.thucydides.core.steps.session.TestSession - SRP:SessionStart: id aecf8237-4c90-4bc1-9091-e86528feec1a
14:49:26.808 [main] DEBUG io.cucumber.core.plugin.SerenityReporter - Running feature from classpath:features/Login.feature
14:49:26.810 [main] DEBUG io.cucumber.core.plugin.ScenarioContextParallel - SRP:addHighPriorityStepEventBusEvent net.thucydides.core.steps.events.SetTestSourceEvent@5c20aab9 Thread[#1,main,5,main] Login;failed-login-with-invalid-credentials
14:49:26.813 [main] DEBUG io.cucumber.core.plugin.SerenityReporter - SRP:startScenario classpath:features/Login.feature Thread[#1,main,5,main] aecf8237-4c90-4bc1-9091-e86528feec1a at line 12
14:49:26.813 [main] DEBUG io.cucumber.core.plugin.ScenarioContextParallel - SRP:addHighPriorityStepEventBusEvent EventBusEvent TEST_STARTED_EVENT with name Failed Login with Invalid Credentials login;failed-login-with-invalid-credentials Thread[#1,main,5,main] Login;failed-login-with-invalid-credentials
14:49:26.813 [main] DEBUG net.thucydides.core.steps.session.TestSession - SRP:SessionAddEvent: id aecf8237-4c90-4bc1-9091-e86528feec1a net.thucydides.core.steps.events.AddDescriptionToCurrentTestEvent@4b7c4456
14:49:26.814 [main] DEBUG net.thucydides.core.steps.session.TestSession - SRP:SessionAddEvent: id aecf8237-4c90-4bc1-9091-e86528feec1a EventBusEvent ADD_TAGS_TO_CURRENT_TEST_EVENT []
14:49:26.814 [main] DEBUG net.thucydides.core.steps.session.TestSession - SRP:SessionAddEvent: id aecf8237-4c90-4bc1-9091-e86528feec1a EventBusEvent ADD_TAGS_TO_CURRENT_TEST_EVENT []
14:49:26.814 [main] DEBUG net.thucydides.core.steps.session.TestSession - SRP:SessionAddEvent: id aecf8237-4c90-4bc1-9091-e86528feec1a EventBusEvent ADD_TAGS_TO_CURRENT_TEST_EVENT []

Scenario: Failed Login with Invalid Credentials &amp#27;[90m# features/Login.feature:12&amp#27;[0m
14:49:26.818 [main] DEBUG io.cucumber.core.plugin.SerenityReporter - Running feature from classpath:features/Login.feature
14:49:26.818 [main] DEBUG io.cucumber.core.plugin.SerenityReporter - SRP:handleTestStepStarted  classpath:features/Login.feature Thread[#1,main,5,main] aecf8237-4c90-4bc1-9091-e86528feec1a at line 12
14:49:26.818 [main] DEBUG net.thucydides.core.steps.session.TestSession - SRP:SessionAddEvent: id aecf8237-4c90-4bc1-9091-e86528feec1a EventBusEvent STEP_STARTED_EVENT Given I am on the login page Given I am on the login page
14:49:26.818 [main] DEBUG net.thucydides.core.steps.session.TestSession - SRP:SessionAddEvent: id aecf8237-4c90-4bc1-9091-e86528feec1a net.thucydides.core.steps.events.UpdateCurrentStepTitleEvent@1640c151
14:49:26.826 [main] DEBUG io.cucumber.core.plugin.SerenityReporter - SRP:handleTestStepFinished  classpath:features/Login.feature Thread[#1,main,5,main] aecf8237-4c90-4bc1-9091-e86528feec1a at line 12
14:49:26.826 [main] DEBUG io.cucumber.core.plugin.SerenityReporter - Running feature from classpath:features/Login.feature
14:49:26.826 [main] DEBUG net.thucydides.core.steps.session.TestSession - SRP:SessionAddEvent: id aecf8237-4c90-4bc1-9091-e86528feec1a net.serenitybdd.cucumber.events.StepFinishedWithResultEvent@f3021cb
  &amp#27;[32mGiven &amp#27;[0m&amp#27;[32mI am on the login page&amp#27;[0m                  &amp#27;[90m# STARTER.stepdefinition.LoginSteps.onLoginPage()&amp#27;[0m
14:49:26.826 [main] DEBUG io.cucumber.core.plugin.SerenityReporter - Running feature from classpath:features/Login.feature
14:49:26.835 [main] DEBUG io.cucumber.core.plugin.SerenityReporter - SRP:handleTestStepStarted  classpath:features/Login.feature Thread[#1,main,5,main] aecf8237-4c90-4bc1-9091-e86528feec1a at line 12
14:49:26.835 [main] DEBUG net.thucydides.core.steps.session.TestSession - SRP:SessionAddEvent: id aecf8237-4c90-4bc1-9091-e86528feec1a EventBusEvent STEP_STARTED_EVENT When I enters an invalid username or password When I enters an invalid username or password
14:49:26.835 [main] DEBUG net.thucydides.core.steps.session.TestSession - SRP:SessionAddEvent: id aecf8237-4c90-4bc1-9091-e86528feec1a net.thucydides.core.steps.events.UpdateCurrentStepTitleEvent@4aaae508
14:49:26.835 [main] DEBUG io.cucumber.core.plugin.SerenityReporter - SRP:handleTestStepFinished  classpath:features/Login.feature Thread[#1,main,5,main] aecf8237-4c90-4bc1-9091-e86528feec1a at line 12
14:49:26.835 [main] DEBUG io.cucumber.core.plugin.SerenityReporter - Running feature from classpath:features/Login.feature
14:49:26.840 [main] DEBUG net.thucydides.core.steps.session.TestSession - SRP:SessionAddEvent: id aecf8237-4c90-4bc1-9091-e86528feec1a net.serenitybdd.cucumber.events.StepFinishedWithResultEvent@6009bea
  &amp#27;[32mWhen &amp#27;[0m&amp#27;[32mI enters an invalid username or password&amp#27;[0m &amp#27;[90m# STARTER.stepdefinition.LoginSteps.enterInvalidCredentials()&amp#27;[0m
14:49:26.840 [main] DEBUG io.cucumber.core.plugin.SerenityReporter - Running feature from classpath:features/Login.feature
14:49:26.842 [main] DEBUG io.cucumber.core.plugin.SerenityReporter - SRP:handleTestStepStarted  classpath:features/Login.feature Thread[#1,main,5,main] aecf8237-4c90-4bc1-9091-e86528feec1a at line 12
14:49:26.842 [main] DEBUG net.thucydides.core.steps.session.TestSession - SRP:SessionAddEvent: id aecf8237-4c90-4bc1-9091-e86528feec1a EventBusEvent STEP_STARTED_EVENT And I click "Sign In" button And I click "Sign In" button
14:49:26.842 [main] DEBUG net.thucydides.core.steps.session.TestSession - SRP:SessionAddEvent: id aecf8237-4c90-4bc1-9091-e86528feec1a net.thucydides.core.steps.events.UpdateCurrentStepTitleEvent@7bc6d27a
14:49:26.842 [main] DEBUG io.cucumber.core.plugin.SerenityReporter - SRP:handleTestStepFinished  classpath:features/Login.feature Thread[#1,main,5,main] aecf8237-4c90-4bc1-9091-e86528feec1a at line 12
14:49:26.842 [main] DEBUG io.cucumber.core.plugin.SerenityReporter - Running feature from classpath:features/Login.feature
14:49:26.845 [main] DEBUG net.thucydides.core.steps.session.TestSession - SRP:SessionAddEvent: id aecf8237-4c90-4bc1-9091-e86528feec1a net.serenitybdd.cucumber.events.StepFinishedWithResultEvent@75769ab0
  &amp#27;[32mAnd &amp#27;[0m&amp#27;[32mI click "Sign In" button&amp#27;[0m                  &amp#27;[90m# STARTER.stepdefinition.LoginSteps.clickSignInButton()&amp#27;[0m
14:49:26.845 [main] DEBUG io.cucumber.core.plugin.SerenityReporter - Running feature from classpath:features/Login.feature
14:49:26.845 [main] DEBUG io.cucumber.core.plugin.SerenityReporter - SRP:handleTestStepStarted  classpath:features/Login.feature Thread[#1,main,5,main] aecf8237-4c90-4bc1-9091-e86528feec1a at line 12
14:49:26.845 [main] DEBUG net.thucydides.core.steps.session.TestSession - SRP:SessionAddEvent: id aecf8237-4c90-4bc1-9091-e86528feec1a EventBusEvent STEP_STARTED_EVENT Then an error message should be displayed Then an error message should be displayed
14:49:26.845 [main] DEBUG net.thucydides.core.steps.session.TestSession - SRP:SessionAddEvent: id aecf8237-4c90-4bc1-9091-e86528feec1a net.thucydides.core.steps.events.UpdateCurrentStepTitleEvent@6869a3b3
14:49:26.850 [main] DEBUG io.cucumber.core.plugin.SerenityReporter - SRP:handleTestStepFinished  classpath:features/Login.feature Thread[#1,main,5,main] aecf8237-4c90-4bc1-9091-e86528feec1a at line 12
14:49:26.850 [main] DEBUG io.cucumber.core.plugin.SerenityReporter - Running feature from classpath:features/Login.feature
14:49:26.850 [main] DEBUG net.thucydides.core.steps.session.TestSession - SRP:SessionAddEvent: id aecf8237-4c90-4bc1-9091-e86528feec1a net.serenitybdd.cucumber.events.StepFinishedWithResultEvent@6ab4ba9f
  &amp#27;[32mThen &amp#27;[0m&amp#27;[32man error message should be displayed&amp#27;[0m     &amp#27;[90m# STARTER.stepdefinition.LoginSteps.verifyErrorMessage()&amp#27;[0m
14:49:26.850 [main] DEBUG io.cucumber.core.plugin.SerenityReporter - SRP:handleTestCaseFinished  classpath:features/Login.feature Thread[#1,main,5,main] aecf8237-4c90-4bc1-9091-e86528feec1a at line 12
14:49:26.850 [main] DEBUG io.cucumber.core.plugin.SerenityReporter - Running feature from classpath:features/Login.feature
14:49:26.850 [main] DEBUG net.thucydides.core.steps.session.TestSession - SRP:SessionAddEvent: id aecf8237-4c90-4bc1-9091-e86528feec1a EventBusEvent TEST_FINISHED_EVENT  false scenario Login;failed-login-with-invalid-credentials
14:49:26.850 [main] DEBUG net.thucydides.core.steps.session.TestSession - SRP:SessionEnd: id aecf8237-4c90-4bc1-9091-e86528feec1a
]]></system-out>
  </testcase>
  <testcase name="Successful Password Reset" classname="Login" time="0.069">
    <system-out><![CDATA[14:49:26.882 [main] DEBUG io.cucumber.core.plugin.SerenityReporter - SRP:handleTestCaseStarted classpath:features/Login.feature Thread[#1,main,5,main] c6bb336f-6edd-4905-bc68-a2e8e1fe02d5 at line 18
14:49:26.882 [main] DEBUG net.thucydides.core.steps.session.TestSession - SRP:SessionStart: id c6bb336f-6edd-4905-bc68-a2e8e1fe02d5
14:49:26.882 [main] DEBUG io.cucumber.core.plugin.SerenityReporter - Running feature from classpath:features/Login.feature
14:49:26.888 [main] DEBUG io.cucumber.core.plugin.ScenarioContextParallel - SRP:addHighPriorityStepEventBusEvent net.thucydides.core.steps.events.SetTestSourceEvent@7cb8437d Thread[#1,main,5,main] Login;successful-password-reset
14:49:26.888 [main] DEBUG io.cucumber.core.plugin.SerenityReporter - SRP:startScenario classpath:features/Login.feature Thread[#1,main,5,main] c6bb336f-6edd-4905-bc68-a2e8e1fe02d5 at line 18
14:49:26.889 [main] DEBUG io.cucumber.core.plugin.ScenarioContextParallel - SRP:addHighPriorityStepEventBusEvent EventBusEvent TEST_STARTED_EVENT with name Successful Password Reset login;successful-password-reset Thread[#1,main,5,main] Login;successful-password-reset
14:49:26.889 [main] DEBUG net.thucydides.core.steps.session.TestSession - SRP:SessionAddEvent: id c6bb336f-6edd-4905-bc68-a2e8e1fe02d5 net.thucydides.core.steps.events.AddDescriptionToCurrentTestEvent@62a4417
14:49:26.889 [main] DEBUG net.thucydides.core.steps.session.TestSession - SRP:SessionAddEvent: id c6bb336f-6edd-4905-bc68-a2e8e1fe02d5 EventBusEvent ADD_TAGS_TO_CURRENT_TEST_EVENT []
14:49:26.889 [main] DEBUG net.thucydides.core.steps.session.TestSession - SRP:SessionAddEvent: id c6bb336f-6edd-4905-bc68-a2e8e1fe02d5 EventBusEvent ADD_TAGS_TO_CURRENT_TEST_EVENT []
14:49:26.889 [main] DEBUG net.thucydides.core.steps.session.TestSession - SRP:SessionAddEvent: id c6bb336f-6edd-4905-bc68-a2e8e1fe02d5 EventBusEvent ADD_TAGS_TO_CURRENT_TEST_EVENT []

Scenario: Successful Password Reset                              &amp#27;[90m# features/Login.feature:18&amp#27;[0m
14:49:26.889 [main] DEBUG io.cucumber.core.plugin.SerenityReporter - Running feature from classpath:features/Login.feature
14:49:26.889 [main] DEBUG io.cucumber.core.plugin.SerenityReporter - SRP:handleTestStepStarted  classpath:features/Login.feature Thread[#1,main,5,main] c6bb336f-6edd-4905-bc68-a2e8e1fe02d5 at line 18
14:49:26.889 [main] DEBUG net.thucydides.core.steps.session.TestSession - SRP:SessionAddEvent: id c6bb336f-6edd-4905-bc68-a2e8e1fe02d5 EventBusEvent STEP_STARTED_EVENT Given I am on the login page Given I am on the login page
14:49:26.889 [main] DEBUG net.thucydides.core.steps.session.TestSession - SRP:SessionAddEvent: id c6bb336f-6edd-4905-bc68-a2e8e1fe02d5 net.thucydides.core.steps.events.UpdateCurrentStepTitleEvent@1ac45389
14:49:26.905 [main] DEBUG io.cucumber.core.plugin.SerenityReporter - SRP:handleTestStepFinished  classpath:features/Login.feature Thread[#1,main,5,main] c6bb336f-6edd-4905-bc68-a2e8e1fe02d5 at line 18
14:49:26.905 [main] DEBUG io.cucumber.core.plugin.SerenityReporter - Running feature from classpath:features/Login.feature
14:49:26.905 [main] DEBUG net.thucydides.core.steps.session.TestSession - SRP:SessionAddEvent: id c6bb336f-6edd-4905-bc68-a2e8e1fe02d5 net.serenitybdd.cucumber.events.StepFinishedWithResultEvent@10bd9df0
  &amp#27;[32mGiven &amp#27;[0m&amp#27;[32mI am on the login page&amp#27;[0m                                   &amp#27;[90m# STARTER.stepdefinition.LoginSteps.onLoginPage()&amp#27;[0m
14:49:26.909 [main] DEBUG io.cucumber.core.plugin.SerenityReporter - Running feature from classpath:features/Login.feature
14:49:26.909 [main] DEBUG io.cucumber.core.plugin.SerenityReporter - SRP:handleTestStepStarted  classpath:features/Login.feature Thread[#1,main,5,main] c6bb336f-6edd-4905-bc68-a2e8e1fe02d5 at line 18
14:49:26.913 [main] DEBUG net.thucydides.core.steps.session.TestSession - SRP:SessionAddEvent: id c6bb336f-6edd-4905-bc68-a2e8e1fe02d5 EventBusEvent STEP_STARTED_EVENT When I click the "Forgot Password?" link When I click the "Forgot Password?" link
14:49:26.913 [main] DEBUG net.thucydides.core.steps.session.TestSession - SRP:SessionAddEvent: id c6bb336f-6edd-4905-bc68-a2e8e1fe02d5 net.thucydides.core.steps.events.UpdateCurrentStepTitleEvent@3ae0b770
14:49:26.913 [main] DEBUG io.cucumber.core.plugin.SerenityReporter - SRP:handleTestStepFinished  classpath:features/Login.feature Thread[#1,main,5,main] c6bb336f-6edd-4905-bc68-a2e8e1fe02d5 at line 18
14:49:26.913 [main] DEBUG io.cucumber.core.plugin.SerenityReporter - Running feature from classpath:features/Login.feature
14:49:26.913 [main] DEBUG net.thucydides.core.steps.session.TestSession - SRP:SessionAddEvent: id c6bb336f-6edd-4905-bc68-a2e8e1fe02d5 net.serenitybdd.cucumber.events.StepFinishedWithResultEvent@55e3d6c3
  &amp#27;[32mWhen &amp#27;[0m&amp#27;[32mI click the "Forgot Password?" link&amp#27;[0m                       &amp#27;[90m# STARTER.stepdefinition.LoginSteps.clickForgotPasswordLink()&amp#27;[0m
14:49:26.913 [main] DEBUG io.cucumber.core.plugin.SerenityReporter - Running feature from classpath:features/Login.feature
14:49:26.913 [main] DEBUG io.cucumber.core.plugin.SerenityReporter - SRP:handleTestStepStarted  classpath:features/Login.feature Thread[#1,main,5,main] c6bb336f-6edd-4905-bc68-a2e8e1fe02d5 at line 18
14:49:26.920 [main] DEBUG net.thucydides.core.steps.session.TestSession - SRP:SessionAddEvent: id c6bb336f-6edd-4905-bc68-a2e8e1fe02d5 EventBusEvent STEP_STARTED_EVENT And I enter my registered email address And I enter my registered email address
14:49:26.920 [main] DEBUG net.thucydides.core.steps.session.TestSession - SRP:SessionAddEvent: id c6bb336f-6edd-4905-bc68-a2e8e1fe02d5 net.thucydides.core.steps.events.UpdateCurrentStepTitleEvent@30e6a763
14:49:26.920 [main] DEBUG io.cucumber.core.plugin.SerenityReporter - SRP:handleTestStepFinished  classpath:features/Login.feature Thread[#1,main,5,main] c6bb336f-6edd-4905-bc68-a2e8e1fe02d5 at line 18
14:49:26.920 [main] DEBUG io.cucumber.core.plugin.SerenityReporter - Running feature from classpath:features/Login.feature
14:49:26.920 [main] DEBUG net.thucydides.core.steps.session.TestSession - SRP:SessionAddEvent: id c6bb336f-6edd-4905-bc68-a2e8e1fe02d5 net.serenitybdd.cucumber.events.StepFinishedWithResultEvent@4c48fe92
  &amp#27;[32mAnd &amp#27;[0m&amp#27;[32mI enter my registered email address&amp#27;[0m                        &amp#27;[90m# STARTER.stepdefinition.LoginSteps.enterRegisteredEmail()&amp#27;[0m
14:49:26.920 [main] DEBUG io.cucumber.core.plugin.SerenityReporter - Running feature from classpath:features/Login.feature
14:49:26.920 [main] DEBUG io.cucumber.core.plugin.SerenityReporter - SRP:handleTestStepStarted  classpath:features/Login.feature Thread[#1,main,5,main] c6bb336f-6edd-4905-bc68-a2e8e1fe02d5 at line 18
14:49:26.925 [main] DEBUG net.thucydides.core.steps.session.TestSession - SRP:SessionAddEvent: id c6bb336f-6edd-4905-bc68-a2e8e1fe02d5 EventBusEvent STEP_STARTED_EVENT And I click "Send" button And I click "Send" button
14:49:26.925 [main] DEBUG net.thucydides.core.steps.session.TestSession - SRP:SessionAddEvent: id c6bb336f-6edd-4905-bc68-a2e8e1fe02d5 net.thucydides.core.steps.events.UpdateCurrentStepTitleEvent@732c9b5c
14:49:26.925 [main] DEBUG io.cucumber.core.plugin.SerenityReporter - SRP:handleTestStepFinished  classpath:features/Login.feature Thread[#1,main,5,main] c6bb336f-6edd-4905-bc68-a2e8e1fe02d5 at line 18
14:49:26.925 [main] DEBUG io.cucumber.core.plugin.SerenityReporter - Running feature from classpath:features/Login.feature
14:49:26.925 [main] DEBUG net.thucydides.core.steps.session.TestSession - SRP:SessionAddEvent: id c6bb336f-6edd-4905-bc68-a2e8e1fe02d5 net.serenitybdd.cucumber.events.StepFinishedWithResultEvent@38320e34
  &amp#27;[32mAnd &amp#27;[0m&amp#27;[32mI click "Send" button&amp#27;[0m                                      &amp#27;[90m# STARTER.stepdefinition.LoginSteps.clickSendButton()&amp#27;[0m
14:49:26.931 [main] DEBUG io.cucumber.core.plugin.SerenityReporter - Running feature from classpath:features/Login.feature
14:49:26.931 [main] DEBUG io.cucumber.core.plugin.SerenityReporter - SRP:handleTestStepStarted  classpath:features/Login.feature Thread[#1,main,5,main] c6bb336f-6edd-4905-bc68-a2e8e1fe02d5 at line 18
14:49:26.931 [main] DEBUG net.thucydides.core.steps.session.TestSession - SRP:SessionAddEvent: id c6bb336f-6edd-4905-bc68-a2e8e1fe02d5 EventBusEvent STEP_STARTED_EVENT Then I should receive a password reset email with instructions Then I should receive a password reset email with instructions
14:49:26.931 [main] DEBUG net.thucydides.core.steps.session.TestSession - SRP:SessionAddEvent: id c6bb336f-6edd-4905-bc68-a2e8e1fe02d5 net.thucydides.core.steps.events.UpdateCurrentStepTitleEvent@3d6a6bee
14:49:26.931 [main] DEBUG io.cucumber.core.plugin.SerenityReporter - SRP:handleTestStepFinished  classpath:features/Login.feature Thread[#1,main,5,main] c6bb336f-6edd-4905-bc68-a2e8e1fe02d5 at line 18
14:49:26.931 [main] DEBUG io.cucumber.core.plugin.SerenityReporter - Running feature from classpath:features/Login.feature
14:49:26.931 [main] DEBUG net.thucydides.core.steps.session.TestSession - SRP:SessionAddEvent: id c6bb336f-6edd-4905-bc68-a2e8e1fe02d5 net.serenitybdd.cucumber.events.StepFinishedWithResultEvent@36ddaebf
  &amp#27;[32mThen &amp#27;[0m&amp#27;[32mI should receive a password reset email with instructions&amp#27;[0m &amp#27;[90m# STARTER.stepdefinition.LoginSteps.verifyPasswordResetEmailSent()&amp#27;[0m
14:49:26.936 [main] DEBUG io.cucumber.core.plugin.SerenityReporter - SRP:handleTestCaseFinished  classpath:features/Login.feature Thread[#1,main,5,main] c6bb336f-6edd-4905-bc68-a2e8e1fe02d5 at line 18
14:49:26.936 [main] DEBUG io.cucumber.core.plugin.SerenityReporter - Running feature from classpath:features/Login.feature
14:49:26.936 [main] DEBUG net.thucydides.core.steps.session.TestSession - SRP:SessionAddEvent: id c6bb336f-6edd-4905-bc68-a2e8e1fe02d5 EventBusEvent TEST_FINISHED_EVENT  false scenario Login;successful-password-reset
14:49:26.936 [main] DEBUG net.thucydides.core.steps.session.TestSession - SRP:SessionEnd: id c6bb336f-6edd-4905-bc68-a2e8e1fe02d5
]]></system-out>
  </testcase>
  <testcase name="Make Payments via DANA" classname="Payment" time="0.064">
    <system-out><![CDATA[14:49:26.936 [main] DEBUG io.cucumber.core.plugin.SerenityReporter - SRP:handleTestSourceRead Thread[#1,main,5,main]
14:49:26.941 [main] DEBUG io.cucumber.core.plugin.SerenityReporter - Running feature from classpath:features/SelectPaymentMethod.feature
14:49:26.952 [main] DEBUG net.thucydides.core.steps.StepEventBus - Test suite started for story net.thucydides.model.domain.Story@a4f482d5
14:49:26.957 [main] INFO  - Test Suite Started: Payment
14:49:26.974 [main] DEBUG io.cucumber.core.plugin.SerenityReporter - SRP:handleTestCaseStarted classpath:features/SelectPaymentMethod.feature Thread[#1,main,5,main] 3109afe4-bea6-4e67-9b68-65487081766c at line 6
14:49:26.974 [main] DEBUG net.thucydides.core.steps.session.TestSession - SRP:SessionStart: id 3109afe4-bea6-4e67-9b68-65487081766c
14:49:26.974 [main] DEBUG io.cucumber.core.plugin.SerenityReporter - Running feature from classpath:features/SelectPaymentMethod.feature
14:49:26.979 [main] DEBUG io.cucumber.core.plugin.ScenarioContextParallel - SRP:addHighPriorityStepEventBusEvent net.thucydides.core.steps.events.SetTestSourceEvent@2f98635e Thread[#1,main,5,main] Payment;make-payments-via-dana
14:49:26.979 [main] DEBUG io.cucumber.core.plugin.SerenityReporter - SRP:startScenario classpath:features/SelectPaymentMethod.feature Thread[#1,main,5,main] 3109afe4-bea6-4e67-9b68-65487081766c at line 6
14:49:26.979 [main] DEBUG io.cucumber.core.plugin.ScenarioContextParallel - SRP:addHighPriorityStepEventBusEvent EventBusEvent TEST_STARTED_EVENT with name Make Payments via DANA payment;make-payments-via-dana Thread[#1,main,5,main] Payment;make-payments-via-dana
14:49:26.979 [main] DEBUG net.thucydides.core.steps.session.TestSession - SRP:SessionAddEvent: id 3109afe4-bea6-4e67-9b68-65487081766c net.thucydides.core.steps.events.AddDescriptionToCurrentTestEvent@49c8f6e8
14:49:26.979 [main] DEBUG net.thucydides.core.steps.session.TestSession - SRP:SessionAddEvent: id 3109afe4-bea6-4e67-9b68-65487081766c EventBusEvent ADD_TAGS_TO_CURRENT_TEST_EVENT []
14:49:26.979 [main] DEBUG net.thucydides.core.steps.session.TestSession - SRP:SessionAddEvent: id 3109afe4-bea6-4e67-9b68-65487081766c EventBusEvent ADD_TAGS_TO_CURRENT_TEST_EVENT []
14:49:26.979 [main] DEBUG net.thucydides.core.steps.session.TestSession - SRP:SessionAddEvent: id 3109afe4-bea6-4e67-9b68-65487081766c EventBusEvent ADD_TAGS_TO_CURRENT_TEST_EVENT []

Scenario: Make Payments via DANA                          &amp#27;[90m# features/SelectPaymentMethod.feature:6&amp#27;[0m
14:49:26.984 [main] DEBUG io.cucumber.core.plugin.SerenityReporter - Running feature from classpath:features/SelectPaymentMethod.feature
14:49:26.984 [main] DEBUG io.cucumber.core.plugin.SerenityReporter - SRP:handleTestStepStarted  classpath:features/SelectPaymentMethod.feature Thread[#1,main,5,main] 3109afe4-bea6-4e67-9b68-65487081766c at line 6
14:49:26.984 [main] DEBUG net.thucydides.core.steps.session.TestSession - SRP:SessionAddEvent: id 3109afe4-bea6-4e67-9b68-65487081766c EventBusEvent STEP_STARTED_EVENT Given I am on the checkout page Given I am on the checkout page
14:49:26.989 [main] DEBUG net.thucydides.core.steps.session.TestSession - SRP:SessionAddEvent: id 3109afe4-bea6-4e67-9b68-65487081766c net.thucydides.core.steps.events.UpdateCurrentStepTitleEvent@2416498e
14:49:26.995 [main] DEBUG io.cucumber.core.plugin.SerenityReporter - SRP:handleTestStepFinished  classpath:features/SelectPaymentMethod.feature Thread[#1,main,5,main] 3109afe4-bea6-4e67-9b68-65487081766c at line 6
14:49:26.995 [main] DEBUG io.cucumber.core.plugin.SerenityReporter - Running feature from classpath:features/SelectPaymentMethod.feature
14:49:27.000 [main] DEBUG net.thucydides.core.steps.session.TestSession - SRP:SessionAddEvent: id 3109afe4-bea6-4e67-9b68-65487081766c net.serenitybdd.cucumber.events.StepFinishedWithResultEvent@1c758545
  &amp#27;[32mGiven &amp#27;[0m&amp#27;[32mI am on the checkout page&amp#27;[0m                         &amp#27;[90m# STARTER.stepdefinition.SelectPaymentMethodSteps.onCheckoutPage()&amp#27;[0m
14:49:27.006 [main] DEBUG io.cucumber.core.plugin.SerenityReporter - Running feature from classpath:features/SelectPaymentMethod.feature
14:49:27.006 [main] DEBUG io.cucumber.core.plugin.SerenityReporter - SRP:handleTestStepStarted  classpath:features/SelectPaymentMethod.feature Thread[#1,main,5,main] 3109afe4-bea6-4e67-9b68-65487081766c at line 6
14:49:27.006 [main] DEBUG net.thucydides.core.steps.session.TestSession - SRP:SessionAddEvent: id 3109afe4-bea6-4e67-9b68-65487081766c EventBusEvent STEP_STARTED_EVENT When I choose the payment method using DANA When I choose the payment method using DANA
14:49:27.011 [main] DEBUG net.thucydides.core.steps.session.TestSession - SRP:SessionAddEvent: id 3109afe4-bea6-4e67-9b68-65487081766c net.thucydides.core.steps.events.UpdateCurrentStepTitleEvent@117bcfdc
14:49:27.011 [main] DEBUG io.cucumber.core.plugin.SerenityReporter - SRP:handleTestStepFinished  classpath:features/SelectPaymentMethod.feature Thread[#1,main,5,main] 3109afe4-bea6-4e67-9b68-65487081766c at line 6
14:49:27.013 [main] DEBUG io.cucumber.core.plugin.SerenityReporter - Running feature from classpath:features/SelectPaymentMethod.feature
14:49:27.013 [main] DEBUG net.thucydides.core.steps.session.TestSession - SRP:SessionAddEvent: id 3109afe4-bea6-4e67-9b68-65487081766c net.serenitybdd.cucumber.events.StepFinishedWithResultEvent@73a19967
  &amp#27;[32mWhen &amp#27;[0m&amp#27;[32mI choose the payment method using DANA&amp#27;[0m             &amp#27;[90m# STARTER.stepdefinition.SelectPaymentMethodSteps.chooseDANApaymentMethod()&amp#27;[0m
14:49:27.016 [main] DEBUG io.cucumber.core.plugin.SerenityReporter - Running feature from classpath:features/SelectPaymentMethod.feature
14:49:27.016 [main] DEBUG io.cucumber.core.plugin.SerenityReporter - SRP:handleTestStepStarted  classpath:features/SelectPaymentMethod.feature Thread[#1,main,5,main] 3109afe4-bea6-4e67-9b68-65487081766c at line 6
14:49:27.016 [main] DEBUG net.thucydides.core.steps.session.TestSession - SRP:SessionAddEvent: id 3109afe4-bea6-4e67-9b68-65487081766c EventBusEvent STEP_STARTED_EVENT And I click "Pay Now" button And I click "Pay Now" button
14:49:27.016 [main] DEBUG net.thucydides.core.steps.session.TestSession - SRP:SessionAddEvent: id 3109afe4-bea6-4e67-9b68-65487081766c net.thucydides.core.steps.events.UpdateCurrentStepTitleEvent@5e746d37
14:49:27.016 [main] DEBUG io.cucumber.core.plugin.SerenityReporter - SRP:handleTestStepFinished  classpath:features/SelectPaymentMethod.feature Thread[#1,main,5,main] 3109afe4-bea6-4e67-9b68-65487081766c at line 6
14:49:27.016 [main] DEBUG io.cucumber.core.plugin.SerenityReporter - Running feature from classpath:features/SelectPaymentMethod.feature
14:49:27.021 [main] DEBUG net.thucydides.core.steps.session.TestSession - SRP:SessionAddEvent: id 3109afe4-bea6-4e67-9b68-65487081766c net.serenitybdd.cucumber.events.StepFinishedWithResultEvent@6e1b9411
  &amp#27;[32mAnd &amp#27;[0m&amp#27;[32mI click "Pay Now" button&amp#27;[0m                            &amp#27;[90m# STARTER.stepdefinition.SelectPaymentMethodSteps.clickPayNowButton()&amp#27;[0m
14:49:27.021 [main] DEBUG io.cucumber.core.plugin.SerenityReporter - Running feature from classpath:features/SelectPaymentMethod.feature
14:49:27.021 [main] DEBUG io.cucumber.core.plugin.SerenityReporter - SRP:handleTestStepStarted  classpath:features/SelectPaymentMethod.feature Thread[#1,main,5,main] 3109afe4-bea6-4e67-9b68-65487081766c at line 6
14:49:27.021 [main] DEBUG net.thucydides.core.steps.session.TestSession - SRP:SessionAddEvent: id 3109afe4-bea6-4e67-9b68-65487081766c EventBusEvent STEP_STARTED_EVENT Then I was directed to the DANA link to confirm payment Then I was directed to the DANA link to confirm payment
14:49:27.021 [main] DEBUG net.thucydides.core.steps.session.TestSession - SRP:SessionAddEvent: id 3109afe4-bea6-4e67-9b68-65487081766c net.thucydides.core.steps.events.UpdateCurrentStepTitleEvent@21d1b321
14:49:27.021 [main] DEBUG io.cucumber.core.plugin.SerenityReporter - SRP:handleTestStepFinished  classpath:features/SelectPaymentMethod.feature Thread[#1,main,5,main] 3109afe4-bea6-4e67-9b68-65487081766c at line 6
14:49:27.021 [main] DEBUG io.cucumber.core.plugin.SerenityReporter - Running feature from classpath:features/SelectPaymentMethod.feature
14:49:27.021 [main] DEBUG net.thucydides.core.steps.session.TestSession - SRP:SessionAddEvent: id 3109afe4-bea6-4e67-9b68-65487081766c net.serenitybdd.cucumber.events.StepFinishedWithResultEvent@5ec46cdd
  &amp#27;[32mThen &amp#27;[0m&amp#27;[32mI was directed to the DANA link to confirm payment&amp#27;[0m &amp#27;[90m# STARTER.stepdefinition.SelectPaymentMethodSteps.verifyDirectedToDANALink()&amp#27;[0m
14:49:27.027 [main] DEBUG io.cucumber.core.plugin.SerenityReporter - SRP:handleTestCaseFinished  classpath:features/SelectPaymentMethod.feature Thread[#1,main,5,main] 3109afe4-bea6-4e67-9b68-65487081766c at line 6
14:49:27.027 [main] DEBUG io.cucumber.core.plugin.SerenityReporter - Running feature from classpath:features/SelectPaymentMethod.feature
14:49:27.027 [main] DEBUG net.thucydides.core.steps.session.TestSession - SRP:SessionAddEvent: id 3109afe4-bea6-4e67-9b68-65487081766c EventBusEvent TEST_FINISHED_EVENT  false scenario Payment;make-payments-via-dana
14:49:27.027 [main] DEBUG net.thucydides.core.steps.session.TestSession - SRP:SessionEnd: id 3109afe4-bea6-4e67-9b68-65487081766c
]]></system-out>
  </testcase>
  <testcase name="Make Payments via Gopay" classname="Payment" time="0.117">
    <system-out><![CDATA[14:49:27.043 [main] DEBUG io.cucumber.core.plugin.SerenityReporter - SRP:handleTestCaseStarted classpath:features/SelectPaymentMethod.feature Thread[#1,main,5,main] 09436a84-2d0d-4307-951c-ddcacf7d5609 at line 12
14:49:27.059 [main] DEBUG net.thucydides.core.steps.session.TestSession - SRP:SessionStart: id 09436a84-2d0d-4307-951c-ddcacf7d5609
14:49:27.059 [main] DEBUG io.cucumber.core.plugin.SerenityReporter - Running feature from classpath:features/SelectPaymentMethod.feature
14:49:27.075 [main] DEBUG io.cucumber.core.plugin.ScenarioContextParallel - SRP:addHighPriorityStepEventBusEvent net.thucydides.core.steps.events.SetTestSourceEvent@7bebcd65 Thread[#1,main,5,main] Payment;make-payments-via-gopay
14:49:27.075 [main] DEBUG io.cucumber.core.plugin.SerenityReporter - SRP:startScenario classpath:features/SelectPaymentMethod.feature Thread[#1,main,5,main] 09436a84-2d0d-4307-951c-ddcacf7d5609 at line 12
14:49:27.075 [main] DEBUG io.cucumber.core.plugin.ScenarioContextParallel - SRP:addHighPriorityStepEventBusEvent EventBusEvent TEST_STARTED_EVENT with name Make Payments via Gopay payment;make-payments-via-gopay Thread[#1,main,5,main] Payment;make-payments-via-gopay
14:49:27.080 [main] DEBUG net.thucydides.core.steps.session.TestSession - SRP:SessionAddEvent: id 09436a84-2d0d-4307-951c-ddcacf7d5609 net.thucydides.core.steps.events.AddDescriptionToCurrentTestEvent@47447ccf
14:49:27.080 [main] DEBUG net.thucydides.core.steps.session.TestSession - SRP:SessionAddEvent: id 09436a84-2d0d-4307-951c-ddcacf7d5609 EventBusEvent ADD_TAGS_TO_CURRENT_TEST_EVENT []
14:49:27.080 [main] DEBUG net.thucydides.core.steps.session.TestSession - SRP:SessionAddEvent: id 09436a84-2d0d-4307-951c-ddcacf7d5609 EventBusEvent ADD_TAGS_TO_CURRENT_TEST_EVENT []
14:49:27.080 [main] DEBUG net.thucydides.core.steps.session.TestSession - SRP:SessionAddEvent: id 09436a84-2d0d-4307-951c-ddcacf7d5609 EventBusEvent ADD_TAGS_TO_CURRENT_TEST_EVENT []

Scenario: Make Payments via Gopay                          &amp#27;[90m# features/SelectPaymentMethod.feature:12&amp#27;[0m
14:49:27.091 [main] DEBUG io.cucumber.core.plugin.SerenityReporter - Running feature from classpath:features/SelectPaymentMethod.feature
14:49:27.091 [main] DEBUG io.cucumber.core.plugin.SerenityReporter - SRP:handleTestStepStarted  classpath:features/SelectPaymentMethod.feature Thread[#1,main,5,main] 09436a84-2d0d-4307-951c-ddcacf7d5609 at line 12
14:49:27.091 [main] DEBUG net.thucydides.core.steps.session.TestSession - SRP:SessionAddEvent: id 09436a84-2d0d-4307-951c-ddcacf7d5609 EventBusEvent STEP_STARTED_EVENT Given I am on the checkout page Given I am on the checkout page
14:49:27.091 [main] DEBUG net.thucydides.core.steps.session.TestSession - SRP:SessionAddEvent: id 09436a84-2d0d-4307-951c-ddcacf7d5609 net.thucydides.core.steps.events.UpdateCurrentStepTitleEvent@3e84111a
14:49:27.107 [main] DEBUG io.cucumber.core.plugin.SerenityReporter - SRP:handleTestStepFinished  classpath:features/SelectPaymentMethod.feature Thread[#1,main,5,main] 09436a84-2d0d-4307-951c-ddcacf7d5609 at line 12
14:49:27.107 [main] DEBUG io.cucumber.core.plugin.SerenityReporter - Running feature from classpath:features/SelectPaymentMethod.feature
14:49:27.113 [main] DEBUG net.thucydides.core.steps.session.TestSession - SRP:SessionAddEvent: id 09436a84-2d0d-4307-951c-ddcacf7d5609 net.serenitybdd.cucumber.events.StepFinishedWithResultEvent@7ea899a9
  &amp#27;[32mGiven &amp#27;[0m&amp#27;[32mI am on the checkout page&amp#27;[0m                          &amp#27;[90m# STARTER.stepdefinition.SelectPaymentMethodSteps.onCheckoutPage()&amp#27;[0m
14:49:27.113 [main] DEBUG io.cucumber.core.plugin.SerenityReporter - Running feature from classpath:features/SelectPaymentMethod.feature
14:49:27.113 [main] DEBUG io.cucumber.core.plugin.SerenityReporter - SRP:handleTestStepStarted  classpath:features/SelectPaymentMethod.feature Thread[#1,main,5,main] 09436a84-2d0d-4307-951c-ddcacf7d5609 at line 12
14:49:27.123 [main] DEBUG net.thucydides.core.steps.session.TestSession - SRP:SessionAddEvent: id 09436a84-2d0d-4307-951c-ddcacf7d5609 EventBusEvent STEP_STARTED_EVENT When I choose the payment method using Gopay When I choose the payment method using Gopay
14:49:27.123 [main] DEBUG net.thucydides.core.steps.session.TestSession - SRP:SessionAddEvent: id 09436a84-2d0d-4307-951c-ddcacf7d5609 net.thucydides.core.steps.events.UpdateCurrentStepTitleEvent@2776015d
14:49:27.123 [main] DEBUG io.cucumber.core.plugin.SerenityReporter - SRP:handleTestStepFinished  classpath:features/SelectPaymentMethod.feature Thread[#1,main,5,main] 09436a84-2d0d-4307-951c-ddcacf7d5609 at line 12
14:49:27.123 [main] DEBUG io.cucumber.core.plugin.SerenityReporter - Running feature from classpath:features/SelectPaymentMethod.feature
14:49:27.123 [main] DEBUG net.thucydides.core.steps.session.TestSession - SRP:SessionAddEvent: id 09436a84-2d0d-4307-951c-ddcacf7d5609 net.serenitybdd.cucumber.events.StepFinishedWithResultEvent@b174a73
  &amp#27;[32mWhen &amp#27;[0m&amp#27;[32mI choose the payment method using Gopay&amp#27;[0m             &amp#27;[90m# STARTER.stepdefinition.SelectPaymentMethodSteps.chooseGopayPaymentMethod()&amp#27;[0m
14:49:27.128 [main] DEBUG io.cucumber.core.plugin.SerenityReporter - Running feature from classpath:features/SelectPaymentMethod.feature
14:49:27.128 [main] DEBUG io.cucumber.core.plugin.SerenityReporter - SRP:handleTestStepStarted  classpath:features/SelectPaymentMethod.feature Thread[#1,main,5,main] 09436a84-2d0d-4307-951c-ddcacf7d5609 at line 12
14:49:27.133 [main] DEBUG net.thucydides.core.steps.session.TestSession - SRP:SessionAddEvent: id 09436a84-2d0d-4307-951c-ddcacf7d5609 EventBusEvent STEP_STARTED_EVENT And I click "Pay Now" button And I click "Pay Now" button
14:49:27.133 [main] DEBUG net.thucydides.core.steps.session.TestSession - SRP:SessionAddEvent: id 09436a84-2d0d-4307-951c-ddcacf7d5609 net.thucydides.core.steps.events.UpdateCurrentStepTitleEvent@2e3f79a2
14:49:27.133 [main] DEBUG io.cucumber.core.plugin.SerenityReporter - SRP:handleTestStepFinished  classpath:features/SelectPaymentMethod.feature Thread[#1,main,5,main] 09436a84-2d0d-4307-951c-ddcacf7d5609 at line 12
14:49:27.133 [main] DEBUG io.cucumber.core.plugin.SerenityReporter - Running feature from classpath:features/SelectPaymentMethod.feature
14:49:27.133 [main] DEBUG net.thucydides.core.steps.session.TestSession - SRP:SessionAddEvent: id 09436a84-2d0d-4307-951c-ddcacf7d5609 net.serenitybdd.cucumber.events.StepFinishedWithResultEvent@1460c81d
  &amp#27;[32mAnd &amp#27;[0m&amp#27;[32mI click "Pay Now" button&amp#27;[0m                             &amp#27;[90m# STARTER.stepdefinition.SelectPaymentMethodSteps.clickPayNowButton()&amp#27;[0m
14:49:27.133 [main] DEBUG io.cucumber.core.plugin.SerenityReporter - Running feature from classpath:features/SelectPaymentMethod.feature
14:49:27.138 [main] DEBUG io.cucumber.core.plugin.SerenityReporter - SRP:handleTestStepStarted  classpath:features/SelectPaymentMethod.feature Thread[#1,main,5,main] 09436a84-2d0d-4307-951c-ddcacf7d5609 at line 12
14:49:27.138 [main] DEBUG net.thucydides.core.steps.session.TestSession - SRP:SessionAddEvent: id 09436a84-2d0d-4307-951c-ddcacf7d5609 EventBusEvent STEP_STARTED_EVENT Then I was directed to the Gopay link to confirm payment Then I was directed to the Gopay link to confirm payment
14:49:27.138 [main] DEBUG net.thucydides.core.steps.session.TestSession - SRP:SessionAddEvent: id 09436a84-2d0d-4307-951c-ddcacf7d5609 net.thucydides.core.steps.events.UpdateCurrentStepTitleEvent@38b5f25
14:49:27.138 [main] DEBUG io.cucumber.core.plugin.SerenityReporter - SRP:handleTestStepFinished  classpath:features/SelectPaymentMethod.feature Thread[#1,main,5,main] 09436a84-2d0d-4307-951c-ddcacf7d5609 at line 12
14:49:27.138 [main] DEBUG io.cucumber.core.plugin.SerenityReporter - Running feature from classpath:features/SelectPaymentMethod.feature
14:49:27.138 [main] DEBUG net.thucydides.core.steps.session.TestSession - SRP:SessionAddEvent: id 09436a84-2d0d-4307-951c-ddcacf7d5609 net.serenitybdd.cucumber.events.StepFinishedWithResultEvent@327ed9f5
  &amp#27;[32mThen &amp#27;[0m&amp#27;[32mI was directed to the Gopay link to confirm payment&amp#27;[0m &amp#27;[90m# STARTER.stepdefinition.SelectPaymentMethodSteps.verifyDirectedToGopayLink()&amp#27;[0m
14:49:27.144 [main] DEBUG io.cucumber.core.plugin.SerenityReporter - SRP:handleTestCaseFinished  classpath:features/SelectPaymentMethod.feature Thread[#1,main,5,main] 09436a84-2d0d-4307-951c-ddcacf7d5609 at line 12
14:49:27.144 [main] DEBUG io.cucumber.core.plugin.SerenityReporter - Running feature from classpath:features/SelectPaymentMethod.feature
14:49:27.144 [main] DEBUG net.thucydides.core.steps.session.TestSession - SRP:SessionAddEvent: id 09436a84-2d0d-4307-951c-ddcacf7d5609 EventBusEvent TEST_FINISHED_EVENT  false scenario Payment;make-payments-via-gopay
14:49:27.144 [main] DEBUG net.thucydides.core.steps.session.TestSession - SRP:SessionEnd: id 09436a84-2d0d-4307-951c-ddcacf7d5609
]]></system-out>
  </testcase>
  <testcase name="Make Payments via Virgo" classname="Payment" time="0.096">
    <system-out><![CDATA[14:49:27.181 [main] DEBUG io.cucumber.core.plugin.SerenityReporter - SRP:handleTestCaseStarted classpath:features/SelectPaymentMethod.feature Thread[#1,main,5,main] 23a01d45-332b-4522-9cdc-8568b1f92a79 at line 18
14:49:27.187 [main] DEBUG net.thucydides.core.steps.session.TestSession - SRP:SessionStart: id 23a01d45-332b-4522-9cdc-8568b1f92a79
14:49:27.187 [main] DEBUG io.cucumber.core.plugin.SerenityReporter - Running feature from classpath:features/SelectPaymentMethod.feature
14:49:27.197 [main] DEBUG io.cucumber.core.plugin.ScenarioContextParallel - SRP:addHighPriorityStepEventBusEvent net.thucydides.core.steps.events.SetTestSourceEvent@61e7bf2f Thread[#1,main,5,main] Payment;make-payments-via-virgo
14:49:27.197 [main] DEBUG io.cucumber.core.plugin.SerenityReporter - SRP:startScenario classpath:features/SelectPaymentMethod.feature Thread[#1,main,5,main] 23a01d45-332b-4522-9cdc-8568b1f92a79 at line 18
14:49:27.197 [main] DEBUG io.cucumber.core.plugin.ScenarioContextParallel - SRP:addHighPriorityStepEventBusEvent EventBusEvent TEST_STARTED_EVENT with name Make Payments via Virgo payment;make-payments-via-virgo Thread[#1,main,5,main] Payment;make-payments-via-virgo
14:49:27.197 [main] DEBUG net.thucydides.core.steps.session.TestSession - SRP:SessionAddEvent: id 23a01d45-332b-4522-9cdc-8568b1f92a79 net.thucydides.core.steps.events.AddDescriptionToCurrentTestEvent@1a28b346
14:49:27.202 [main] DEBUG net.thucydides.core.steps.session.TestSession - SRP:SessionAddEvent: id 23a01d45-332b-4522-9cdc-8568b1f92a79 EventBusEvent ADD_TAGS_TO_CURRENT_TEST_EVENT []
14:49:27.202 [main] DEBUG net.thucydides.core.steps.session.TestSession - SRP:SessionAddEvent: id 23a01d45-332b-4522-9cdc-8568b1f92a79 EventBusEvent ADD_TAGS_TO_CURRENT_TEST_EVENT []
14:49:27.202 [main] DEBUG net.thucydides.core.steps.session.TestSession - SRP:SessionAddEvent: id 23a01d45-332b-4522-9cdc-8568b1f92a79 EventBusEvent ADD_TAGS_TO_CURRENT_TEST_EVENT []

Scenario: Make Payments via Virgo                          &amp#27;[90m# features/SelectPaymentMethod.feature:18&amp#27;[0m
14:49:27.208 [main] DEBUG io.cucumber.core.plugin.SerenityReporter - Running feature from classpath:features/SelectPaymentMethod.feature
14:49:27.208 [main] DEBUG io.cucumber.core.plugin.SerenityReporter - SRP:handleTestStepStarted  classpath:features/SelectPaymentMethod.feature Thread[#1,main,5,main] 23a01d45-332b-4522-9cdc-8568b1f92a79 at line 18
14:49:27.213 [main] DEBUG net.thucydides.core.steps.session.TestSession - SRP:SessionAddEvent: id 23a01d45-332b-4522-9cdc-8568b1f92a79 EventBusEvent STEP_STARTED_EVENT Given I am on the checkout page Given I am on the checkout page
14:49:27.213 [main] DEBUG net.thucydides.core.steps.session.TestSession - SRP:SessionAddEvent: id 23a01d45-332b-4522-9cdc-8568b1f92a79 net.thucydides.core.steps.events.UpdateCurrentStepTitleEvent@554cd74a
14:49:27.219 [main] DEBUG io.cucumber.core.plugin.SerenityReporter - SRP:handleTestStepFinished  classpath:features/SelectPaymentMethod.feature Thread[#1,main,5,main] 23a01d45-332b-4522-9cdc-8568b1f92a79 at line 18
14:49:27.219 [main] DEBUG io.cucumber.core.plugin.SerenityReporter - Running feature from classpath:features/SelectPaymentMethod.feature
14:49:27.219 [main] DEBUG net.thucydides.core.steps.session.TestSession - SRP:SessionAddEvent: id 23a01d45-332b-4522-9cdc-8568b1f92a79 net.serenitybdd.cucumber.events.StepFinishedWithResultEvent@379ce046
  &amp#27;[32mGiven &amp#27;[0m&amp#27;[32mI am on the checkout page&amp#27;[0m                          &amp#27;[90m# STARTER.stepdefinition.SelectPaymentMethodSteps.onCheckoutPage()&amp#27;[0m
14:49:27.219 [main] DEBUG io.cucumber.core.plugin.SerenityReporter - Running feature from classpath:features/SelectPaymentMethod.feature
14:49:27.219 [main] DEBUG io.cucumber.core.plugin.SerenityReporter - SRP:handleTestStepStarted  classpath:features/SelectPaymentMethod.feature Thread[#1,main,5,main] 23a01d45-332b-4522-9cdc-8568b1f92a79 at line 18
14:49:27.219 [main] DEBUG net.thucydides.core.steps.session.TestSession - SRP:SessionAddEvent: id 23a01d45-332b-4522-9cdc-8568b1f92a79 EventBusEvent STEP_STARTED_EVENT When I choose the payment method using Virgo When I choose the payment method using Virgo
14:49:27.219 [main] DEBUG net.thucydides.core.steps.session.TestSession - SRP:SessionAddEvent: id 23a01d45-332b-4522-9cdc-8568b1f92a79 net.thucydides.core.steps.events.UpdateCurrentStepTitleEvent@701bc94e
14:49:27.223 [main] DEBUG io.cucumber.core.plugin.SerenityReporter - SRP:handleTestStepFinished  classpath:features/SelectPaymentMethod.feature Thread[#1,main,5,main] 23a01d45-332b-4522-9cdc-8568b1f92a79 at line 18
14:49:27.223 [main] DEBUG io.cucumber.core.plugin.SerenityReporter - Running feature from classpath:features/SelectPaymentMethod.feature
14:49:27.230 [main] DEBUG net.thucydides.core.steps.session.TestSession - SRP:SessionAddEvent: id 23a01d45-332b-4522-9cdc-8568b1f92a79 net.serenitybdd.cucumber.events.StepFinishedWithResultEvent@3d8b319e
  &amp#27;[32mWhen &amp#27;[0m&amp#27;[32mI choose the payment method using Virgo&amp#27;[0m             &amp#27;[90m# STARTER.stepdefinition.SelectPaymentMethodSteps.chooseVirgoPaymentMethod()&amp#27;[0m
14:49:27.230 [main] DEBUG io.cucumber.core.plugin.SerenityReporter - Running feature from classpath:features/SelectPaymentMethod.feature
14:49:27.230 [main] DEBUG io.cucumber.core.plugin.SerenityReporter - SRP:handleTestStepStarted  classpath:features/SelectPaymentMethod.feature Thread[#1,main,5,main] 23a01d45-332b-4522-9cdc-8568b1f92a79 at line 18
14:49:27.230 [main] DEBUG net.thucydides.core.steps.session.TestSession - SRP:SessionAddEvent: id 23a01d45-332b-4522-9cdc-8568b1f92a79 EventBusEvent STEP_STARTED_EVENT And I click "Pay Now" button And I click "Pay Now" button
14:49:27.230 [main] DEBUG net.thucydides.core.steps.session.TestSession - SRP:SessionAddEvent: id 23a01d45-332b-4522-9cdc-8568b1f92a79 net.thucydides.core.steps.events.UpdateCurrentStepTitleEvent@27a97e08
14:49:27.230 [main] DEBUG io.cucumber.core.plugin.SerenityReporter - SRP:handleTestStepFinished  classpath:features/SelectPaymentMethod.feature Thread[#1,main,5,main] 23a01d45-332b-4522-9cdc-8568b1f92a79 at line 18
14:49:27.230 [main] DEBUG io.cucumber.core.plugin.SerenityReporter - Running feature from classpath:features/SelectPaymentMethod.feature
14:49:27.230 [main] DEBUG net.thucydides.core.steps.session.TestSession - SRP:SessionAddEvent: id 23a01d45-332b-4522-9cdc-8568b1f92a79 net.serenitybdd.cucumber.events.StepFinishedWithResultEvent@77e7246b
  &amp#27;[32mAnd &amp#27;[0m&amp#27;[32mI click "Pay Now" button&amp#27;[0m                             &amp#27;[90m# STARTER.stepdefinition.SelectPaymentMethodSteps.clickPayNowButton()&amp#27;[0m
14:49:27.230 [main] DEBUG io.cucumber.core.plugin.SerenityReporter - Running feature from classpath:features/SelectPaymentMethod.feature
14:49:27.235 [main] DEBUG io.cucumber.core.plugin.SerenityReporter - SRP:handleTestStepStarted  classpath:features/SelectPaymentMethod.feature Thread[#1,main,5,main] 23a01d45-332b-4522-9cdc-8568b1f92a79 at line 18
14:49:27.235 [main] DEBUG net.thucydides.core.steps.session.TestSession - SRP:SessionAddEvent: id 23a01d45-332b-4522-9cdc-8568b1f92a79 EventBusEvent STEP_STARTED_EVENT Then I was directed to the Virgo link to confirm payment Then I was directed to the Virgo link to confirm payment
14:49:27.235 [main] DEBUG net.thucydides.core.steps.session.TestSession - SRP:SessionAddEvent: id 23a01d45-332b-4522-9cdc-8568b1f92a79 net.thucydides.core.steps.events.UpdateCurrentStepTitleEvent@5918c260
14:49:27.235 [main] DEBUG io.cucumber.core.plugin.SerenityReporter - SRP:handleTestStepFinished  classpath:features/SelectPaymentMethod.feature Thread[#1,main,5,main] 23a01d45-332b-4522-9cdc-8568b1f92a79 at line 18
14:49:27.235 [main] DEBUG io.cucumber.core.plugin.SerenityReporter - Running feature from classpath:features/SelectPaymentMethod.feature
14:49:27.235 [main] DEBUG net.thucydides.core.steps.session.TestSession - SRP:SessionAddEvent: id 23a01d45-332b-4522-9cdc-8568b1f92a79 net.serenitybdd.cucumber.events.StepFinishedWithResultEvent@3d7b1f1c
  &amp#27;[32mThen &amp#27;[0m&amp#27;[32mI was directed to the Virgo link to confirm payment&amp#27;[0m &amp#27;[90m# STARTER.stepdefinition.SelectPaymentMethodSteps.verifyDirectedToVirgoLink()&amp#27;[0m
14:49:27.235 [main] DEBUG io.cucumber.core.plugin.SerenityReporter - SRP:handleTestCaseFinished  classpath:features/SelectPaymentMethod.feature Thread[#1,main,5,main] 23a01d45-332b-4522-9cdc-8568b1f92a79 at line 18
14:49:27.235 [main] DEBUG io.cucumber.core.plugin.SerenityReporter - Running feature from classpath:features/SelectPaymentMethod.feature
14:49:27.240 [main] DEBUG net.thucydides.core.steps.session.TestSession - SRP:SessionAddEvent: id 23a01d45-332b-4522-9cdc-8568b1f92a79 EventBusEvent TEST_FINISHED_EVENT  false scenario Payment;make-payments-via-virgo
14:49:27.240 [main] DEBUG net.thucydides.core.steps.session.TestSession - SRP:SessionEnd: id 23a01d45-332b-4522-9cdc-8568b1f92a79
]]></system-out>
  </testcase>
  <testcase name="Selecting pulsa product" classname="Select product" time="0.106">
    <system-out><![CDATA[14:49:27.251 [main] DEBUG io.cucumber.core.plugin.SerenityReporter - SRP:handleTestSourceRead Thread[#1,main,5,main]
14:49:27.251 [main] DEBUG io.cucumber.core.plugin.SerenityReporter - Running feature from classpath:features/SelectProduct.feature
14:49:27.262 [main] DEBUG net.thucydides.core.steps.StepEventBus - Test suite started for story net.thucydides.model.domain.Story@3309ab95
14:49:27.262 [main] INFO  - Test Suite Started: Select product
14:49:27.272 [main] DEBUG io.cucumber.core.plugin.SerenityReporter - SRP:handleTestCaseStarted classpath:features/SelectProduct.feature Thread[#1,main,5,main] ab07f058-c771-4c96-9d4f-8f5991f29c6e at line 6
14:49:27.272 [main] DEBUG net.thucydides.core.steps.session.TestSession - SRP:SessionStart: id ab07f058-c771-4c96-9d4f-8f5991f29c6e
14:49:27.277 [main] DEBUG io.cucumber.core.plugin.SerenityReporter - Running feature from classpath:features/SelectProduct.feature
14:49:27.277 [main] DEBUG io.cucumber.core.plugin.ScenarioContextParallel - SRP:addHighPriorityStepEventBusEvent net.thucydides.core.steps.events.SetTestSourceEvent@3cf7298d Thread[#1,main,5,main] Select product;selecting-pulsa-product
14:49:27.277 [main] DEBUG io.cucumber.core.plugin.SerenityReporter - SRP:startScenario classpath:features/SelectProduct.feature Thread[#1,main,5,main] ab07f058-c771-4c96-9d4f-8f5991f29c6e at line 6
14:49:27.277 [main] DEBUG io.cucumber.core.plugin.ScenarioContextParallel - SRP:addHighPriorityStepEventBusEvent EventBusEvent TEST_STARTED_EVENT with name Selecting pulsa product select-product;selecting-pulsa-product Thread[#1,main,5,main] Select product;selecting-pulsa-product
14:49:27.277 [main] DEBUG net.thucydides.core.steps.session.TestSession - SRP:SessionAddEvent: id ab07f058-c771-4c96-9d4f-8f5991f29c6e net.thucydides.core.steps.events.AddDescriptionToCurrentTestEvent@1ff55ff
14:49:27.277 [main] DEBUG net.thucydides.core.steps.session.TestSession - SRP:SessionAddEvent: id ab07f058-c771-4c96-9d4f-8f5991f29c6e EventBusEvent ADD_TAGS_TO_CURRENT_TEST_EVENT []
14:49:27.277 [main] DEBUG net.thucydides.core.steps.session.TestSession - SRP:SessionAddEvent: id ab07f058-c771-4c96-9d4f-8f5991f29c6e EventBusEvent ADD_TAGS_TO_CURRENT_TEST_EVENT []
14:49:27.277 [main] DEBUG net.thucydides.core.steps.session.TestSession - SRP:SessionAddEvent: id ab07f058-c771-4c96-9d4f-8f5991f29c6e EventBusEvent ADD_TAGS_TO_CURRENT_TEST_EVENT []

Scenario: Selecting pulsa product                                                      &amp#27;[90m# features/SelectProduct.feature:6&amp#27;[0m
14:49:27.299 [main] DEBUG io.cucumber.core.plugin.SerenityReporter - Running feature from classpath:features/SelectProduct.feature
14:49:27.299 [main] DEBUG io.cucumber.core.plugin.SerenityReporter - SRP:handleTestStepStarted  classpath:features/SelectProduct.feature Thread[#1,main,5,main] ab07f058-c771-4c96-9d4f-8f5991f29c6e at line 6
14:49:27.299 [main] DEBUG net.thucydides.core.steps.session.TestSession - SRP:SessionAddEvent: id ab07f058-c771-4c96-9d4f-8f5991f29c6e EventBusEvent STEP_STARTED_EVENT Given I am on the home page Given I am on the home page
14:49:27.299 [main] DEBUG net.thucydides.core.steps.session.TestSession - SRP:SessionAddEvent: id ab07f058-c771-4c96-9d4f-8f5991f29c6e net.thucydides.core.steps.events.UpdateCurrentStepTitleEvent@43da41e
14:49:27.331 [main] DEBUG io.cucumber.core.plugin.SerenityReporter - SRP:handleTestStepFinished  classpath:features/SelectProduct.feature Thread[#1,main,5,main] ab07f058-c771-4c96-9d4f-8f5991f29c6e at line 6
14:49:27.331 [main] DEBUG io.cucumber.core.plugin.SerenityReporter - Running feature from classpath:features/SelectProduct.feature
14:49:27.333 [main] DEBUG net.thucydides.core.steps.session.TestSession - SRP:SessionAddEvent: id ab07f058-c771-4c96-9d4f-8f5991f29c6e net.serenitybdd.cucumber.events.StepFinishedWithResultEvent@3bd3d05e
  &amp#27;[32mGiven &amp#27;[0m&amp#27;[32mI am on the home page&amp#27;[0m                                                          &amp#27;[90m# STARTER.stepdefinition.SelectProductSteps.onHomePage()&amp#27;[0m
14:49:27.336 [main] DEBUG io.cucumber.core.plugin.SerenityReporter - Running feature from classpath:features/SelectProduct.feature
14:49:27.336 [main] DEBUG io.cucumber.core.plugin.SerenityReporter - SRP:handleTestStepStarted  classpath:features/SelectProduct.feature Thread[#1,main,5,main] ab07f058-c771-4c96-9d4f-8f5991f29c6e at line 6
14:49:27.336 [main] DEBUG net.thucydides.core.steps.session.TestSession - SRP:SessionAddEvent: id ab07f058-c771-4c96-9d4f-8f5991f29c6e EventBusEvent STEP_STARTED_EVENT When I select the "Pulsa" product When I select the "Pulsa" product
14:49:27.341 [main] DEBUG net.thucydides.core.steps.session.TestSession - SRP:SessionAddEvent: id ab07f058-c771-4c96-9d4f-8f5991f29c6e net.thucydides.core.steps.events.UpdateCurrentStepTitleEvent@6aba5d30
14:49:27.341 [main] DEBUG io.cucumber.core.plugin.SerenityReporter - SRP:handleTestStepFinished  classpath:features/SelectProduct.feature Thread[#1,main,5,main] ab07f058-c771-4c96-9d4f-8f5991f29c6e at line 6
14:49:27.341 [main] DEBUG io.cucumber.core.plugin.SerenityReporter - Running feature from classpath:features/SelectProduct.feature
14:49:27.341 [main] DEBUG net.thucydides.core.steps.session.TestSession - SRP:SessionAddEvent: id ab07f058-c771-4c96-9d4f-8f5991f29c6e net.serenitybdd.cucumber.events.StepFinishedWithResultEvent@61d34b4
  &amp#27;[32mWhen &amp#27;[0m&amp#27;[32mI select the "Pulsa" product&amp#27;[0m                                                    &amp#27;[90m# STARTER.stepdefinition.SelectProductSteps.selectPulsaProduct()&amp#27;[0m
14:49:27.341 [main] DEBUG io.cucumber.core.plugin.SerenityReporter - Running feature from classpath:features/SelectProduct.feature
14:49:27.341 [main] DEBUG io.cucumber.core.plugin.SerenityReporter - SRP:handleTestStepStarted  classpath:features/SelectProduct.feature Thread[#1,main,5,main] ab07f058-c771-4c96-9d4f-8f5991f29c6e at line 6
14:49:27.341 [main] DEBUG net.thucydides.core.steps.session.TestSession - SRP:SessionAddEvent: id ab07f058-c771-4c96-9d4f-8f5991f29c6e EventBusEvent STEP_STARTED_EVENT Then I will see the display to fill in the telephone number and desired pulsa amount Then I will see the display to fill in the telephone number and desired pulsa amount
14:49:27.341 [main] DEBUG net.thucydides.core.steps.session.TestSession - SRP:SessionAddEvent: id ab07f058-c771-4c96-9d4f-8f5991f29c6e net.thucydides.core.steps.events.UpdateCurrentStepTitleEvent@588307f7
14:49:27.341 [main] DEBUG io.cucumber.core.plugin.SerenityReporter - SRP:handleTestStepFinished  classpath:features/SelectProduct.feature Thread[#1,main,5,main] ab07f058-c771-4c96-9d4f-8f5991f29c6e at line 6
14:49:27.341 [main] DEBUG io.cucumber.core.plugin.SerenityReporter - Running feature from classpath:features/SelectProduct.feature
14:49:27.347 [main] DEBUG net.thucydides.core.steps.session.TestSession - SRP:SessionAddEvent: id ab07f058-c771-4c96-9d4f-8f5991f29c6e net.serenitybdd.cucumber.events.StepFinishedWithResultEvent@7df76d99
  &amp#27;[32mThen &amp#27;[0m&amp#27;[32mI will see the display to fill in the telephone number and desired pulsa amount&amp#27;[0m &amp#27;[90m# STARTER.stepdefinition.SelectProductSteps.verifyPhoneAndAmountInput()&amp#27;[0m
14:49:27.349 [main] DEBUG io.cucumber.core.plugin.SerenityReporter - SRP:handleTestCaseFinished  classpath:features/SelectProduct.feature Thread[#1,main,5,main] ab07f058-c771-4c96-9d4f-8f5991f29c6e at line 6
14:49:27.349 [main] DEBUG io.cucumber.core.plugin.SerenityReporter - Running feature from classpath:features/SelectProduct.feature
14:49:27.358 [main] DEBUG net.thucydides.core.steps.session.TestSession - SRP:SessionAddEvent: id ab07f058-c771-4c96-9d4f-8f5991f29c6e EventBusEvent TEST_FINISHED_EVENT  false scenario Select product;selecting-pulsa-product
14:49:27.363 [main] DEBUG net.thucydides.core.steps.session.TestSession - SRP:SessionEnd: id ab07f058-c771-4c96-9d4f-8f5991f29c6e
]]></system-out>
  </testcase>
  <testcase name="Selecting voucher game product" classname="Select product" time="0.06">
    <system-out><![CDATA[14:49:27.380 [main] DEBUG io.cucumber.core.plugin.SerenityReporter - SRP:handleTestCaseStarted classpath:features/SelectProduct.feature Thread[#1,main,5,main] 77b6fc34-90d9-447f-b14b-1af5798abf1a at line 11
14:49:27.390 [main] DEBUG net.thucydides.core.steps.session.TestSession - SRP:SessionStart: id 77b6fc34-90d9-447f-b14b-1af5798abf1a
14:49:27.390 [main] DEBUG io.cucumber.core.plugin.SerenityReporter - Running feature from classpath:features/SelectProduct.feature
14:49:27.396 [main] DEBUG io.cucumber.core.plugin.ScenarioContextParallel - SRP:addHighPriorityStepEventBusEvent net.thucydides.core.steps.events.SetTestSourceEvent@28f878a0 Thread[#1,main,5,main] Select product;selecting-voucher-game-product
14:49:27.396 [main] DEBUG io.cucumber.core.plugin.SerenityReporter - SRP:startScenario classpath:features/SelectProduct.feature Thread[#1,main,5,main] 77b6fc34-90d9-447f-b14b-1af5798abf1a at line 11
14:49:27.396 [main] DEBUG io.cucumber.core.plugin.ScenarioContextParallel - SRP:addHighPriorityStepEventBusEvent EventBusEvent TEST_STARTED_EVENT with name Selecting voucher game product select-product;selecting-voucher-game-product Thread[#1,main,5,main] Select product;selecting-voucher-game-product
14:49:27.396 [main] DEBUG net.thucydides.core.steps.session.TestSession - SRP:SessionAddEvent: id 77b6fc34-90d9-447f-b14b-1af5798abf1a net.thucydides.core.steps.events.AddDescriptionToCurrentTestEvent@20411320
14:49:27.396 [main] DEBUG net.thucydides.core.steps.session.TestSession - SRP:SessionAddEvent: id 77b6fc34-90d9-447f-b14b-1af5798abf1a EventBusEvent ADD_TAGS_TO_CURRENT_TEST_EVENT []
14:49:27.396 [main] DEBUG net.thucydides.core.steps.session.TestSession - SRP:SessionAddEvent: id 77b6fc34-90d9-447f-b14b-1af5798abf1a EventBusEvent ADD_TAGS_TO_CURRENT_TEST_EVENT []
14:49:27.396 [main] DEBUG net.thucydides.core.steps.session.TestSession - SRP:SessionAddEvent: id 77b6fc34-90d9-447f-b14b-1af5798abf1a EventBusEvent ADD_TAGS_TO_CURRENT_TEST_EVENT []

Scenario: Selecting voucher game product                                       &amp#27;[90m# features/SelectProduct.feature:11&amp#27;[0m
14:49:27.400 [main] DEBUG io.cucumber.core.plugin.SerenityReporter - Running feature from classpath:features/SelectProduct.feature
14:49:27.400 [main] DEBUG io.cucumber.core.plugin.SerenityReporter - SRP:handleTestStepStarted  classpath:features/SelectProduct.feature Thread[#1,main,5,main] 77b6fc34-90d9-447f-b14b-1af5798abf1a at line 11
14:49:27.400 [main] DEBUG net.thucydides.core.steps.session.TestSession - SRP:SessionAddEvent: id 77b6fc34-90d9-447f-b14b-1af5798abf1a EventBusEvent STEP_STARTED_EVENT Given I am on the home page Given I am on the home page
14:49:27.400 [main] DEBUG net.thucydides.core.steps.session.TestSession - SRP:SessionAddEvent: id 77b6fc34-90d9-447f-b14b-1af5798abf1a net.thucydides.core.steps.events.UpdateCurrentStepTitleEvent@255e5e2e
14:49:27.405 [main] DEBUG io.cucumber.core.plugin.SerenityReporter - SRP:handleTestStepFinished  classpath:features/SelectProduct.feature Thread[#1,main,5,main] 77b6fc34-90d9-447f-b14b-1af5798abf1a at line 11
14:49:27.405 [main] DEBUG io.cucumber.core.plugin.SerenityReporter - Running feature from classpath:features/SelectProduct.feature
14:49:27.405 [main] DEBUG net.thucydides.core.steps.session.TestSession - SRP:SessionAddEvent: id 77b6fc34-90d9-447f-b14b-1af5798abf1a net.serenitybdd.cucumber.events.StepFinishedWithResultEvent@8a98f38
  &amp#27;[32mGiven &amp#27;[0m&amp#27;[32mI am on the home page&amp#27;[0m                                                  &amp#27;[90m# STARTER.stepdefinition.SelectProductSteps.onHomePage()&amp#27;[0m
14:49:27.405 [main] DEBUG io.cucumber.core.plugin.SerenityReporter - Running feature from classpath:features/SelectProduct.feature
14:49:27.405 [main] DEBUG io.cucumber.core.plugin.SerenityReporter - SRP:handleTestStepStarted  classpath:features/SelectProduct.feature Thread[#1,main,5,main] 77b6fc34-90d9-447f-b14b-1af5798abf1a at line 11
14:49:27.411 [main] DEBUG net.thucydides.core.steps.session.TestSession - SRP:SessionAddEvent: id 77b6fc34-90d9-447f-b14b-1af5798abf1a EventBusEvent STEP_STARTED_EVENT When I select the "Voucher Game" product When I select the "Voucher Game" product
14:49:27.411 [main] DEBUG net.thucydides.core.steps.session.TestSession - SRP:SessionAddEvent: id 77b6fc34-90d9-447f-b14b-1af5798abf1a net.thucydides.core.steps.events.UpdateCurrentStepTitleEvent@20011bf
14:49:27.414 [main] DEBUG io.cucumber.core.plugin.SerenityReporter - SRP:handleTestStepFinished  classpath:features/SelectProduct.feature Thread[#1,main,5,main] 77b6fc34-90d9-447f-b14b-1af5798abf1a at line 11
14:49:27.414 [main] DEBUG io.cucumber.core.plugin.SerenityReporter - Running feature from classpath:features/SelectProduct.feature
14:49:27.414 [main] DEBUG net.thucydides.core.steps.session.TestSession - SRP:SessionAddEvent: id 77b6fc34-90d9-447f-b14b-1af5798abf1a net.serenitybdd.cucumber.events.StepFinishedWithResultEvent@51d9b06c
  &amp#27;[32mWhen &amp#27;[0m&amp#27;[32mI select the "Voucher Game" product&amp#27;[0m                                     &amp#27;[90m# STARTER.stepdefinition.SelectProductSteps.selectVoucherGameProduct()&amp#27;[0m
14:49:27.414 [main] DEBUG io.cucumber.core.plugin.SerenityReporter - Running feature from classpath:features/SelectProduct.feature
14:49:27.414 [main] DEBUG io.cucumber.core.plugin.SerenityReporter - SRP:handleTestStepStarted  classpath:features/SelectProduct.feature Thread[#1,main,5,main] 77b6fc34-90d9-447f-b14b-1af5798abf1a at line 11
14:49:27.414 [main] DEBUG net.thucydides.core.steps.session.TestSession - SRP:SessionAddEvent: id 77b6fc34-90d9-447f-b14b-1af5798abf1a EventBusEvent STEP_STARTED_EVENT Then I will see the display of various game voucher options and game top ups Then I will see the display of various game voucher options and game top ups
14:49:27.414 [main] DEBUG net.thucydides.core.steps.session.TestSession - SRP:SessionAddEvent: id 77b6fc34-90d9-447f-b14b-1af5798abf1a net.thucydides.core.steps.events.UpdateCurrentStepTitleEvent@5eb2172
14:49:27.414 [main] DEBUG io.cucumber.core.plugin.SerenityReporter - SRP:handleTestStepFinished  classpath:features/SelectProduct.feature Thread[#1,main,5,main] 77b6fc34-90d9-447f-b14b-1af5798abf1a at line 11
14:49:27.414 [main] DEBUG io.cucumber.core.plugin.SerenityReporter - Running feature from classpath:features/SelectProduct.feature
14:49:27.414 [main] DEBUG net.thucydides.core.steps.session.TestSession - SRP:SessionAddEvent: id 77b6fc34-90d9-447f-b14b-1af5798abf1a net.serenitybdd.cucumber.events.StepFinishedWithResultEvent@41ffaeb8
  &amp#27;[32mThen &amp#27;[0m&amp#27;[32mI will see the display of various game voucher options and game top ups&amp#27;[0m &amp#27;[90m# STARTER.stepdefinition.SelectProductSteps.verifyGameVoucherOptions()&amp#27;[0m
14:49:27.414 [main] DEBUG io.cucumber.core.plugin.SerenityReporter - SRP:handleTestCaseFinished  classpath:features/SelectProduct.feature Thread[#1,main,5,main] 77b6fc34-90d9-447f-b14b-1af5798abf1a at line 11
14:49:27.422 [main] DEBUG io.cucumber.core.plugin.SerenityReporter - Running feature from classpath:features/SelectProduct.feature
14:49:27.422 [main] DEBUG net.thucydides.core.steps.session.TestSession - SRP:SessionAddEvent: id 77b6fc34-90d9-447f-b14b-1af5798abf1a EventBusEvent TEST_FINISHED_EVENT  false scenario Select product;selecting-voucher-game-product
14:49:27.422 [main] DEBUG net.thucydides.core.steps.session.TestSession - SRP:SessionEnd: id 77b6fc34-90d9-447f-b14b-1af5798abf1a
]]></system-out>
  </testcase>
  <testcase name="Selecting other products menu" classname="Select product" time="0.09">
    <system-out><![CDATA[14:49:27.444 [main] DEBUG io.cucumber.core.plugin.SerenityReporter - SRP:handleTestCaseStarted classpath:features/SelectProduct.feature Thread[#1,main,5,main] bcdc07d4-cfaa-4436-a51e-2daf021dcb9e at line 16
14:49:27.453 [main] DEBUG net.thucydides.core.steps.session.TestSession - SRP:SessionStart: id bcdc07d4-cfaa-4436-a51e-2daf021dcb9e
14:49:27.460 [main] DEBUG io.cucumber.core.plugin.SerenityReporter - Running feature from classpath:features/SelectProduct.feature
14:49:27.464 [main] DEBUG io.cucumber.core.plugin.ScenarioContextParallel - SRP:addHighPriorityStepEventBusEvent net.thucydides.core.steps.events.SetTestSourceEvent@57a2ed35 Thread[#1,main,5,main] Select product;selecting-other-products-menu
14:49:27.464 [main] DEBUG io.cucumber.core.plugin.SerenityReporter - SRP:startScenario classpath:features/SelectProduct.feature Thread[#1,main,5,main] bcdc07d4-cfaa-4436-a51e-2daf021dcb9e at line 16
14:49:27.464 [main] DEBUG io.cucumber.core.plugin.ScenarioContextParallel - SRP:addHighPriorityStepEventBusEvent EventBusEvent TEST_STARTED_EVENT with name Selecting other products menu select-product;selecting-other-products-menu Thread[#1,main,5,main] Select product;selecting-other-products-menu
14:49:27.469 [main] DEBUG net.thucydides.core.steps.session.TestSession - SRP:SessionAddEvent: id bcdc07d4-cfaa-4436-a51e-2daf021dcb9e net.thucydides.core.steps.events.AddDescriptionToCurrentTestEvent@12ffd1de
14:49:27.469 [main] DEBUG net.thucydides.core.steps.session.TestSession - SRP:SessionAddEvent: id bcdc07d4-cfaa-4436-a51e-2daf021dcb9e EventBusEvent ADD_TAGS_TO_CURRENT_TEST_EVENT []
14:49:27.469 [main] DEBUG net.thucydides.core.steps.session.TestSession - SRP:SessionAddEvent: id bcdc07d4-cfaa-4436-a51e-2daf021dcb9e EventBusEvent ADD_TAGS_TO_CURRENT_TEST_EVENT []
14:49:27.469 [main] DEBUG net.thucydides.core.steps.session.TestSession - SRP:SessionAddEvent: id bcdc07d4-cfaa-4436-a51e-2daf021dcb9e EventBusEvent ADD_TAGS_TO_CURRENT_TEST_EVENT []

Scenario: Selecting other products menu     &amp#27;[90m# features/SelectProduct.feature:16&amp#27;[0m
14:49:27.469 [main] DEBUG io.cucumber.core.plugin.SerenityReporter - Running feature from classpath:features/SelectProduct.feature
14:49:27.475 [main] DEBUG io.cucumber.core.plugin.SerenityReporter - SRP:handleTestStepStarted  classpath:features/SelectProduct.feature Thread[#1,main,5,main] bcdc07d4-cfaa-4436-a51e-2daf021dcb9e at line 16
14:49:27.480 [main] DEBUG net.thucydides.core.steps.session.TestSession - SRP:SessionAddEvent: id bcdc07d4-cfaa-4436-a51e-2daf021dcb9e EventBusEvent STEP_STARTED_EVENT Given I am on the home page Given I am on the home page
14:49:27.480 [main] DEBUG net.thucydides.core.steps.session.TestSession - SRP:SessionAddEvent: id bcdc07d4-cfaa-4436-a51e-2daf021dcb9e net.thucydides.core.steps.events.UpdateCurrentStepTitleEvent@184fb68d
14:49:27.496 [main] DEBUG io.cucumber.core.plugin.SerenityReporter - SRP:handleTestStepFinished  classpath:features/SelectProduct.feature Thread[#1,main,5,main] bcdc07d4-cfaa-4436-a51e-2daf021dcb9e at line 16
14:49:27.496 [main] DEBUG io.cucumber.core.plugin.SerenityReporter - Running feature from classpath:features/SelectProduct.feature
14:49:27.496 [main] DEBUG net.thucydides.core.steps.session.TestSession - SRP:SessionAddEvent: id bcdc07d4-cfaa-4436-a51e-2daf021dcb9e net.serenitybdd.cucumber.events.StepFinishedWithResultEvent@16a49a5d
  &amp#27;[32mGiven &amp#27;[0m&amp#27;[32mI am on the home page&amp#27;[0m               &amp#27;[90m# STARTER.stepdefinition.SelectProductSteps.onHomePage()&amp#27;[0m
14:49:27.501 [main] DEBUG io.cucumber.core.plugin.SerenityReporter - Running feature from classpath:features/SelectProduct.feature
14:49:27.501 [main] DEBUG io.cucumber.core.plugin.SerenityReporter - SRP:handleTestStepStarted  classpath:features/SelectProduct.feature Thread[#1,main,5,main] bcdc07d4-cfaa-4436-a51e-2daf021dcb9e at line 16
14:49:27.501 [main] DEBUG net.thucydides.core.steps.session.TestSession - SRP:SessionAddEvent: id bcdc07d4-cfaa-4436-a51e-2daf021dcb9e EventBusEvent STEP_STARTED_EVENT When I select the "other product" product When I select the "other product" product
14:49:27.501 [main] DEBUG net.thucydides.core.steps.session.TestSession - SRP:SessionAddEvent: id bcdc07d4-cfaa-4436-a51e-2daf021dcb9e net.thucydides.core.steps.events.UpdateCurrentStepTitleEvent@54bca971
14:49:27.501 [main] DEBUG io.cucumber.core.plugin.SerenityReporter - SRP:handleTestStepFinished  classpath:features/SelectProduct.feature Thread[#1,main,5,main] bcdc07d4-cfaa-4436-a51e-2daf021dcb9e at line 16
14:49:27.501 [main] DEBUG io.cucumber.core.plugin.SerenityReporter - Running feature from classpath:features/SelectProduct.feature
14:49:27.501 [main] DEBUG net.thucydides.core.steps.session.TestSession - SRP:SessionAddEvent: id bcdc07d4-cfaa-4436-a51e-2daf021dcb9e net.serenitybdd.cucumber.events.StepFinishedWithResultEvent@23706db8
  &amp#27;[32mWhen &amp#27;[0m&amp#27;[32mI select the "other product" product&amp#27;[0m &amp#27;[90m# STARTER.stepdefinition.SelectProductSteps.selectOtherProduct()&amp#27;[0m
14:49:27.501 [main] DEBUG io.cucumber.core.plugin.SerenityReporter - Running feature from classpath:features/SelectProduct.feature
14:49:27.501 [main] DEBUG io.cucumber.core.plugin.SerenityReporter - SRP:handleTestStepStarted  classpath:features/SelectProduct.feature Thread[#1,main,5,main] bcdc07d4-cfaa-4436-a51e-2daf021dcb9e at line 16
14:49:27.507 [main] DEBUG net.thucydides.core.steps.session.TestSession - SRP:SessionAddEvent: id bcdc07d4-cfaa-4436-a51e-2daf021dcb9e EventBusEvent STEP_STARTED_EVENT Then I should see all sepulsa's products Then I should see all sepulsa's products
14:49:27.512 [main] DEBUG net.thucydides.core.steps.session.TestSession - SRP:SessionAddEvent: id bcdc07d4-cfaa-4436-a51e-2daf021dcb9e net.thucydides.core.steps.events.UpdateCurrentStepTitleEvent@205bed61
14:49:27.514 [main] DEBUG io.cucumber.core.plugin.SerenityReporter - SRP:handleTestStepFinished  classpath:features/SelectProduct.feature Thread[#1,main,5,main] bcdc07d4-cfaa-4436-a51e-2daf021dcb9e at line 16
14:49:27.514 [main] DEBUG io.cucumber.core.plugin.SerenityReporter - Running feature from classpath:features/SelectProduct.feature
14:49:27.514 [main] DEBUG net.thucydides.core.steps.session.TestSession - SRP:SessionAddEvent: id bcdc07d4-cfaa-4436-a51e-2daf021dcb9e net.serenitybdd.cucumber.events.StepFinishedWithResultEvent@129fed45
  &amp#27;[32mThen &amp#27;[0m&amp#27;[32mI should see all sepulsa's products&amp#27;[0m  &amp#27;[90m# STARTER.stepdefinition.SelectProductSteps.verifyAllSepulsaProducts()&amp#27;[0m
14:49:27.514 [main] DEBUG io.cucumber.core.plugin.SerenityReporter - SRP:handleTestCaseFinished  classpath:features/SelectProduct.feature Thread[#1,main,5,main] bcdc07d4-cfaa-4436-a51e-2daf021dcb9e at line 16
14:49:27.514 [main] DEBUG io.cucumber.core.plugin.SerenityReporter - Running feature from classpath:features/SelectProduct.feature
14:49:27.514 [main] DEBUG net.thucydides.core.steps.session.TestSession - SRP:SessionAddEvent: id bcdc07d4-cfaa-4436-a51e-2daf021dcb9e EventBusEvent TEST_FINISHED_EVENT  false scenario Select product;selecting-other-products-menu
14:49:27.514 [main] DEBUG net.thucydides.core.steps.session.TestSession - SRP:SessionEnd: id bcdc07d4-cfaa-4436-a51e-2daf021dcb9e
]]></system-out>
  </testcase>
</testsuite>